Log file open, 08/06/18 15:45:46
LogWindows: Failed to load 'aqProf.dll' (GetLastError=126)
LogWindows: File 'aqProf.dll' does not exist
LogWindows: Failed to load 'VSPerf140.dll' (GetLastError=126)
LogWindows: File 'VSPerf140.dll' does not exist
LogWindows: Failed to load 'VtuneApi.dll' (GetLastError=126)
LogWindows: File 'VtuneApi.dll' does not exist
LogWindows: Failed to load 'VtuneApi32e.dll' (GetLastError=126)
LogWindows: File 'VtuneApi32e.dll' does not exist
LogInit: Display: Running engine for game: SKnightPrototype_01
LogPlatformFile: Not using cached read wrapper
LogInit: Display: RandInit(-1382831199) SRandInit(-1382831199).
LogInit: Read version file with build ID '3709383'
LogInit: Overriding engine version to CL 3794801, compatible CL 3709383
LogInit: Registered custom module enumerator with build ID '3709383'
LogTaskGraph: Started task graph with 5 named threads and 14 total threads with 3 sets of task threads.
LogStats: Stats thread started at 2.534073
LogD3D11RHI: Aftermath initialized
LogModuleManager: Display: Found up-to-date module file ../../../Engine/Plugins/2D/Paper2D/Binaries/Win64/UE4Editor-Paper2D.dll (API version 3709383).
LogModuleManager: Display: Found up-to-date module file ../../../Engine/Plugins/2D/Paper2D/Binaries/Win64/UE4Editor-Paper2DEditor.dll (API version 3709383).
LogModuleManager: Display: Found up-to-date module file ../../../Engine/Plugins/2D/Paper2D/Binaries/Win64/UE4Editor-PaperSpriteSheetImporter.dll (API version 3709383).
LogModuleManager: Display: Found up-to-date module file ../../../Engine/Plugins/2D/Paper2D/Binaries/Win64/UE4Editor-PaperTiledImporter.dll (API version 3709383).
LogModuleManager: Display: Found up-to-date module file ../../../Engine/Plugins/2D/Paper2D/Binaries/Win64/UE4Editor-SmartSnapping.dll (API version 3709383).
LogModuleManager: Display: Found up-to-date module file ../../../Engine/Plugins/Blendables/LightPropagationVolume/Binaries/Win64/UE4Editor-LightPropagationVolumeRuntime.dll (API version 3709383).
LogModuleManager: Display: Found up-to-date module file ../../../Engine/Plugins/Blendables/LightPropagationVolume/Binaries/Win64/UE4Editor-LightPropagationVolumeEditor.dll (API version 3709383).
LogModuleManager: Display: Found up-to-date module file ../../../Engine/Plugins/Developer/GitSourceControl/Binaries/Win64/UE4Editor-GitSourceControl.dll (API version 3709383).
LogModuleManager: Display: Found up-to-date module file ../../../Engine/Plugins/Developer/PerforceSourceControl/Binaries/Win64/UE4Editor-PerforceSourceControl.dll (API version 3709383).
LogModuleManager: Display: Found up-to-date module file ../../../Engine/Plugins/Developer/SubversionSourceControl/Binaries/Win64/UE4Editor-SubversionSourceControl.dll (API version 3709383).
LogModuleManager: Display: Found up-to-date module file ../../../Engine/Plugins/Developer/UObjectPlugin/Binaries/Win64/UE4Editor-UObjectPlugin.dll (API version 3709383).
LogModuleManager: Display: Found up-to-date module file ../../../Engine/Plugins/Developer/VisualStudioCodeSourceCodeAccess/Binaries/Win64/UE4Editor-VisualStudioCodeSourceCodeAccess.dll (API version 3709383).
LogModuleManager: Display: Found up-to-date module file ../../../Engine/Plugins/Developer/VisualStudioSourceCodeAccess/Binaries/Win64/UE4Editor-VisualStudioSourceCodeAccess.dll (API version 3709383).
LogModuleManager: Display: Found up-to-date module file ../../../Engine/Plugins/Editor/AssetManagerEditor/Binaries/Win64/UE4Editor-AssetManagerEditor.dll (API version 3709383).
LogModuleManager: Display: Found up-to-date module file ../../../Engine/Plugins/Editor/AudioCapture/Binaries/Win64/UE4Editor-AudioCapture.dll (API version 3709383).
LogModuleManager: Display: Found up-to-date module file ../../../Engine/Plugins/Editor/FacialAnimation/Binaries/Win64/UE4Editor-FacialAnimation.dll (API version 3709383).
LogModuleManager: Display: Found up-to-date module file ../../../Engine/Plugins/Editor/FacialAnimation/Binaries/Win64/UE4Editor-FacialAnimationEditor.dll (API version 3709383).
LogModuleManager: Display: Found up-to-date module file ../../../Engine/Plugins/Editor/GameplayTagsEditor/Binaries/Win64/UE4Editor-GameplayTagsEditor.dll (API version 3709383).
LogModuleManager: Display: Found up-to-date module file ../../../Engine/Plugins/Editor/MobileLauncherProfileWizard/Binaries/Win64/UE4Editor-MobileLauncherProfileWizard.dll (API version 3709383).
LogModuleManager: Display: Found up-to-date module file ../../../Engine/Plugins/Editor/PluginBrowser/Binaries/Win64/UE4Editor-PluginBrowser.dll (API version 3709383).
LogModuleManager: Display: Found up-to-date module file ../../../Engine/Plugins/Editor/SpeedTreeImporter/Binaries/Win64/UE4Editor-SpeedTreeImporter.dll (API version 3709383).
LogModuleManager: Display: Found up-to-date module file ../../../Engine/Plugins/Experimental/AlembicImporter/Binaries/Win64/UE4Editor-AlembicImporter.dll (API version 3709383).
LogModuleManager: Display: Found up-to-date module file ../../../Engine/Plugins/Experimental/AlembicImporter/Binaries/Win64/UE4Editor-AlembicLibrary.dll (API version 3709383).
LogModuleManager: Display: Found up-to-date module file ../../../Engine/Plugins/Experimental/CharacterAI/Binaries/Win64/UE4Editor-CharacterAI.dll (API version 3709383).
LogModuleManager: Display: Found up-to-date module file ../../../Engine/Plugins/Experimental/HTML5Networking/Binaries/Win64/UE4Editor-HTML5Networking.dll (API version 3709383).
LogModuleManager: Display: Found up-to-date module file ../../../Engine/Plugins/Media/AndroidMedia/Binaries/Win64/UE4Editor-AndroidMediaEditor.dll (API version 3709383).
LogModuleManager: Display: Found up-to-date module file ../../../Engine/Plugins/Media/AndroidMedia/Binaries/Win64/UE4Editor-AndroidMediaFactory.dll (API version 3709383).
LogModuleManager: Display: Found up-to-date module file ../../../Engine/Plugins/Media/AvfMedia/Binaries/Win64/UE4Editor-AvfMediaEditor.dll (API version 3709383).
LogModuleManager: Display: Found up-to-date module file ../../../Engine/Plugins/Media/AvfMedia/Binaries/Win64/UE4Editor-AvfMediaFactory.dll (API version 3709383).
LogModuleManager: Display: Found up-to-date module file ../../../Engine/Plugins/Media/AvfMedia/Binaries/Win64/UE4Editor-AvfMediaFactory.dll (API version 3709383).
LogModuleManager: Display: Found up-to-date module file ../../../Engine/Plugins/Media/ImgMedia/Binaries/Win64/UE4Editor-ImgMedia.dll (API version 3709383).
LogModuleManager: Display: Found up-to-date module file ../../../Engine/Plugins/Media/ImgMedia/Binaries/Win64/UE4Editor-ImgMediaEditor.dll (API version 3709383).
LogModuleManager: Display: Found up-to-date module file ../../../Engine/Plugins/Media/ImgMedia/Binaries/Win64/UE4Editor-ImgMediaFactory.dll (API version 3709383).
LogModuleManager: Display: Found up-to-date module file ../../../Engine/Plugins/Media/ImgMedia/Binaries/Win64/UE4Editor-ImgMediaFactory.dll (API version 3709383).
LogModuleManager: Display: Found up-to-date module file ../../../Engine/Plugins/Media/ImgMedia/Binaries/Win64/UE4Editor-OpenExrWrapper.dll (API version 3709383).
LogModuleManager: Display: Found up-to-date module file ../../../Engine/Plugins/Media/MediaCompositing/Binaries/Win64/UE4Editor-MediaCompositing.dll (API version 3709383).
LogModuleManager: Display: Found up-to-date module file ../../../Engine/Plugins/Media/MediaCompositing/Binaries/Win64/UE4Editor-MediaCompositingEditor.dll (API version 3709383).
LogModuleManager: Display: Found up-to-date module file ../../../Engine/Plugins/Media/MediaPlayerEditor/Binaries/Win64/UE4Editor-MediaPlayerEditor.dll (API version 3709383).
LogModuleManager: Display: Found up-to-date module file ../../../Engine/Plugins/Media/WmfMedia/Binaries/Win64/UE4Editor-WmfMedia.dll (API version 3709383).
LogModuleManager: Display: Found up-to-date module file ../../../Engine/Plugins/Media/WmfMedia/Binaries/Win64/UE4Editor-WmfMediaEditor.dll (API version 3709383).
LogModuleManager: Display: Found up-to-date module file ../../../Engine/Plugins/Media/WmfMedia/Binaries/Win64/UE4Editor-WmfMediaFactory.dll (API version 3709383).
LogModuleManager: Display: Found up-to-date module file ../../../Engine/Plugins/Media/WmfMedia/Binaries/Win64/UE4Editor-WmfMediaFactory.dll (API version 3709383).
LogModuleManager: Display: Found up-to-date module file ../../../Engine/Plugins/Messaging/TcpMessaging/Binaries/Win64/UE4Editor-TcpMessaging.dll (API version 3709383).
LogModuleManager: Display: Found up-to-date module file ../../../Engine/Plugins/Messaging/UdpMessaging/Binaries/Win64/UE4Editor-UdpMessaging.dll (API version 3709383).
LogModuleManager: Display: Found up-to-date module file ../../../Engine/Plugins/MovieScene/ActorSequence/Binaries/Win64/UE4Editor-ActorSequence.dll (API version 3709383).
LogModuleManager: Display: Found up-to-date module file ../../../Engine/Plugins/MovieScene/LevelSequenceEditor/Binaries/Win64/UE4Editor-LevelSequenceEditor.dll (API version 3709383).
LogModuleManager: Display: Found up-to-date module file ../../../Engine/Plugins/MovieScene/MatineeToLevelSequence/Binaries/Win64/UE4Editor-MatineeToLevelSequence.dll (API version 3709383).
LogModuleManager: Display: Found up-to-date module file ../../../Engine/Plugins/Online/OnlineSubsystem/Binaries/Win64/UE4Editor-OnlineSubsystem.dll (API version 3709383).
LogModuleManager: Display: Found up-to-date module file ../../../Engine/Plugins/Runtime/AndroidPermission/Binaries/Win64/UE4Editor-AndroidPermission.dll (API version 3709383).
LogModuleManager: Display: Found up-to-date module file ../../../Engine/Plugins/Online/OnlineSubsystemNull/Binaries/Win64/UE4Editor-OnlineSubsystemNull.dll (API version 3709383).
LogModuleManager: Display: Found up-to-date module file ../../../Engine/Plugins/Online/OnlineSubsystemUtils/Binaries/Win64/UE4Editor-OnlineSubsystemUtils.dll (API version 3709383).
LogModuleManager: Display: Found up-to-date module file ../../../Engine/Plugins/Online/OnlineSubsystemUtils/Binaries/Win64/UE4Editor-OnlineBlueprintSupport.dll (API version 3709383).
LogModuleManager: Display: Found up-to-date module file ../../../Engine/Plugins/Runtime/AndroidDeviceProfileSelector/Binaries/Win64/UE4Editor-AndroidDeviceProfileSelector.dll (API version 3709383).
LogModuleManager: Display: Found up-to-date module file ../../../Engine/Plugins/Runtime/AppleARKit/Binaries/Win64/UE4Editor-AppleARKit.dll (API version 3709383).
LogModuleManager: Display: Found up-to-date module file ../../../Engine/Plugins/Runtime/ArchVisCharacter/Binaries/Win64/UE4Editor-ArchVisCharacter.dll (API version 3709383).
LogModuleManager: Display: Found up-to-date module file ../../../Engine/Plugins/Runtime/CableComponent/Binaries/Win64/UE4Editor-CableComponent.dll (API version 3709383).
LogModuleManager: Display: Found up-to-date module file ../../../Engine/Plugins/Runtime/CustomMeshComponent/Binaries/Win64/UE4Editor-CustomMeshComponent.dll (API version 3709383).
LogModuleManager: Display: Found up-to-date module file ../../../Engine/Plugins/Runtime/ExampleDeviceProfileSelector/Binaries/Win64/UE4Editor-ExampleDeviceProfileSelector.dll (API version 3709383).
LogModuleManager: Display: Found up-to-date module file ../../../Engine/Plugins/Runtime/ImmediatePhysics/Binaries/Win64/UE4Editor-ImmediatePhysics.dll (API version 3709383).
LogModuleManager: Display: Found up-to-date module file ../../../Engine/Plugins/Runtime/ImmediatePhysics/Binaries/Win64/UE4Editor-ImmediatePhysicsEditor.dll (API version 3709383).
LogModuleManager: Display: Found up-to-date module file ../../../Engine/Plugins/Runtime/LocationServicesBPLibrary/Binaries/Win64/UE4Editor-LocationServicesBPLibrary.dll (API version 3709383).
LogModuleManager: Display: Found up-to-date module file ../../../Engine/Plugins/Runtime/MobilePatchingUtils/Binaries/Win64/UE4Editor-MobilePatchingUtils.dll (API version 3709383).
LogModuleManager: Display: Found up-to-date module file ../../../Engine/Plugins/Runtime/Oculus/OculusVR/Binaries/Win64/UE4Editor-OculusHMD.dll (API version 3709383).
LogModuleManager: Display: Found up-to-date module file ../../../Engine/Plugins/Runtime/Oculus/OculusVR/Binaries/Win64/UE4Editor-OculusInput.dll (API version 3709383).
LogModuleManager: Display: Found up-to-date module file ../../../Engine/Plugins/Runtime/Oculus/OculusVR/Binaries/Win64/UE4Editor-OculusEditor.dll (API version 3709383).
LogModuleManager: Display: Found up-to-date module file ../../../Engine/Plugins/Runtime/PhysXVehicles/Binaries/Win64/UE4Editor-PhysXVehicles.dll (API version 3709383).
LogModuleManager: Display: Found up-to-date module file ../../../Engine/Plugins/Runtime/PhysXVehicles/Binaries/Win64/UE4Editor-PhysXVehiclesEditor.dll (API version 3709383).
LogModuleManager: Display: Found up-to-date module file ../../../Engine/Plugins/Runtime/ProceduralMeshComponent/Binaries/Win64/UE4Editor-ProceduralMeshComponent.dll (API version 3709383).
LogModuleManager: Display: Found up-to-date module file ../../../Engine/Plugins/Runtime/ProceduralMeshComponent/Binaries/Win64/UE4Editor-ProceduralMeshComponentEditor.dll (API version 3709383).
LogModuleManager: Display: Found up-to-date module file ../../../Engine/Plugins/Runtime/RuntimePhysXCooking/Binaries/Win64/UE4Editor-RuntimePhysXCooking.dll (API version 3709383).
LogModuleManager: Display: Found up-to-date module file ../../../Engine/Plugins/Runtime/Steam/SteamVR/Binaries/Win64/UE4Editor-SteamVR.dll (API version 3709383).
LogModuleManager: Display: Found up-to-date module file ../../../Engine/Plugins/Runtime/Steam/SteamVR/Binaries/Win64/UE4Editor-SteamVRController.dll (API version 3709383).
LogModuleManager: Display: Found up-to-date module file ../../../Engine/Plugins/Runtime/WindowsMoviePlayer/Binaries/Win64/UE4Editor-WindowsMoviePlayer.dll (API version 3709383).
LogPluginManager: Mounting plugin Paper2D
LogPluginManager: Mounting plugin LightPropagationVolume
LogPluginManager: Mounting plugin CodeLiteSourceCodeAccess
LogPluginManager: Mounting plugin GitSourceControl
LogPluginManager: Mounting plugin KDevelopSourceCodeAccess
LogPluginManager: Mounting plugin NullSourceCodeAccess
LogPluginManager: Mounting plugin PerforceSourceControl
LogPluginManager: Mounting plugin SubversionSourceControl
LogPluginManager: Mounting plugin UObjectPlugin
LogPluginManager: Mounting plugin VisualStudioCodeSourceCodeAccess
LogPluginManager: Mounting plugin VisualStudioSourceCodeAccess
LogPluginManager: Mounting plugin XCodeSourceCodeAccess
LogPluginManager: Mounting plugin AssetManagerEditor
LogPluginManager: Mounting plugin AudioCapture
LogPluginManager: Mounting plugin FacialAnimation
LogPluginManager: Mounting plugin GameplayTagsEditor
LogPluginManager: Mounting plugin MobileLauncherProfileWizard
LogPluginManager: Mounting plugin PluginBrowser
LogPluginManager: Mounting plugin SpeedTreeImporter
LogPluginManager: Mounting plugin AlembicImporter
LogPluginManager: Mounting plugin CharacterAI
LogPluginManager: Mounting plugin HTML5Networking
LogPluginManager: Mounting plugin AndroidMedia
LogPluginManager: Mounting plugin AvfMedia
LogPluginManager: Mounting plugin ImgMedia
LogPluginManager: Mounting plugin MediaCompositing
LogPluginManager: Mounting plugin MediaPlayerEditor
LogPluginManager: Mounting plugin WmfMedia
LogPluginManager: Mounting plugin TcpMessaging
LogPluginManager: Mounting plugin UdpMessaging
LogPluginManager: Mounting plugin ActorSequence
LogPluginManager: Mounting plugin LevelSequenceEditor
LogPluginManager: Mounting plugin MatineeToLevelSequence
LogPluginManager: Mounting plugin OnlineSubsystemGooglePlay
LogPluginManager: Mounting plugin OnlineSubsystemIOS
LogPluginManager: Mounting plugin OnlineSubsystem
LogPluginManager: Mounting plugin OnlineSubsystemNull
LogPluginManager: Mounting plugin OnlineSubsystemUtils
LogPluginManager: Mounting plugin AndroidDeviceProfileSelector
LogPluginManager: Mounting plugin AndroidMoviePlayer
LogPluginManager: Mounting plugin AndroidPermission
LogPluginManager: Mounting plugin AppleARKit
LogPluginManager: Mounting plugin AppleMoviePlayer
LogPluginManager: Mounting plugin ArchVisCharacter
LogPluginManager: Mounting plugin CableComponent
LogPluginManager: Mounting plugin CustomMeshComponent
LogPluginManager: Mounting plugin ExampleDeviceProfileSelector
LogPluginManager: Mounting plugin GoogleCloudMessaging
LogPluginManager: Mounting plugin ImmediatePhysics
LogPluginManager: Mounting plugin IOSDeviceProfileSelector
LogPluginManager: Mounting plugin LinuxDeviceProfileSelector
LogPluginManager: Mounting plugin LocationServicesBPLibrary
LogPluginManager: Mounting plugin MobilePatchingUtils
LogPluginManager: Mounting plugin OculusVR
LogPluginManager: Plugin shader directory ../../../Engine/Plugins/Runtime/Oculus/OculusVR/Shaders found
LogPluginManager: Mapping shader source directory ../../../Engine/Plugins/Runtime/Oculus/OculusVR/Shaders to virtual directory /Plugin/OculusVR
LogPluginManager: Mounting plugin PhysXVehicles
LogPluginManager: Mounting plugin ProceduralMeshComponent
LogPluginManager: Mounting plugin RuntimePhysXCooking
LogPluginManager: Mounting plugin SteamVR
LogPluginManager: Mounting plugin WindowsMoviePlayer
LogInit: Using libcurl 7.47.1
LogInit:  - built for x86_64-pc-win32
LogInit:  - supports SSL with OpenSSL/1.0.2g
LogInit:  - supports HTTP deflate (compression) using libz 1.2.8
LogInit:  - other features:
LogInit:      CURL_VERSION_SSL
LogInit:      CURL_VERSION_LIBZ
LogInit:      CURL_VERSION_IPV6
LogInit:      CURL_VERSION_ASYNCHDNS
LogInit:      CURL_VERSION_LARGEFILE
LogInit:      CURL_VERSION_IDN
LogInit:  CurlRequestOptions (configurable via config and command line):
LogInit:  - bVerifyPeer = false  - Libcurl will NOT verify peer certificate
LogInit:  - bUseHttpProxy = false  - Libcurl will NOT use HTTP proxy
LogInit:  - bDontReuseConnections = false  - Libcurl will reuse connections
LogInit:  - CertBundlePath = nullptr  - Libcurl will use whatever was configured at build time.
LogInit: Build: ++UE4+Release-4.18-CL-3794801
LogInit: Engine Version: 4.18.2-3794801+++UE4+Release-4.18
LogInit: Compatible Engine Version: 4.18.0-3709383+++UE4+Release-4.18
LogInit: Net CL: 3709383
LogDevObjectVersion: Number of dev versions registered: 16
LogDevObjectVersion:   Dev-Blueprints (B0D832E4-1F89-4F0D-ACCF-7EB736FD4AA2): 10
LogDevObjectVersion:   Dev-Build (E1C64328-A22C-4D53-A36C-8E866417BD8C): 0
LogDevObjectVersion:   Dev-Core (375EC13C-06E4-48FB-B500-84F0262A717E): 2
LogDevObjectVersion:   Dev-Editor (E4B068ED-F494-42E9-A231-DA0B2E46BB41): 20
LogDevObjectVersion:   Dev-Framework (CFFC743F-43B0-4480-9391-14DF171D2073): 30
LogDevObjectVersion:   Dev-Mobile (B02B49B5-BB20-44E9-A304-32B752E40360): 0
LogDevObjectVersion:   Dev-Networking (A4E4105C-59A1-49B5-A7C5-40C4547EDFEE): 0
LogDevObjectVersion:   Dev-Online (39C831C9-5AE6-47DC-9A44-9C173E1C8E7C): 0
LogDevObjectVersion:   Dev-Physics (78F01B33-EBEA-4F98-B9B4-84EACCB95AA2): 0
LogDevObjectVersion:   Dev-Platform (6631380F-2D4D-43E0-8009-CF276956A95A): 0
LogDevObjectVersion:   Dev-Rendering (12F88B9F-8875-4AFC-A67C-D90C383ABD29): 20
LogDevObjectVersion:   Dev-Sequencer (7B5AE74C-D270-4C10-A958-57980B212A5A): 4
LogDevObjectVersion:   Dev-VR (D7296918-1DD6-4BDD-9DE2-64A83CC13884): 0
LogDevObjectVersion:   Dev-LoadTimes (C2A15278-BFE7-4AFE-6C17-90FF531DF755): 1
LogDevObjectVersion:   Private-Geometry (6EACA3D4-40EC-4CC1-B786-8BED09428FC5): 1
LogDevObjectVersion:   Dev-AnimPhys (29E575DD-E0A3-4627-9D10-D276232CDCEA): 12
LogInit: Compiled (64-bit): Dec  8 2017 02:04:53
LogInit: Compiled with Visual C++: 19.00.24215.01
LogInit: Build Configuration: Development
LogInit: Branch Name: ++UE4+Release-4.18
LogInit: Command line:  
LogInit: Base directory: D:/Program Files (x86)/Epic Games/4.15/UE_4.18/Engine/Binaries/Win64/
LogInit: Installed Engine Build: 1
LogInit: Presizing for max 8388607 objects, including 0 objects not considered by GC, pre-allocating 0 bytes for permanent pool.
LogInit: Object subsystem initialized
[2018.08.06-19.45.49:525][  0]LogInit: Selected Device Profile: [Windows]
[2018.08.06-19.45.49:525][  0]LogInit: Applying CVar settings loaded from the selected device profile: [Windows]
[2018.08.06-19.45.49:590][  0]LogInit: Computer: DESKTOP-0NODL4J
[2018.08.06-19.45.49:590][  0]LogInit: User: Ownewr
[2018.08.06-19.45.49:590][  0]LogInit: CPU Page size=4096, Cores=4
[2018.08.06-19.45.49:590][  0]LogInit: High frequency timer resolution =3.906252 MHz
[2018.08.06-19.45.49:590][  0]LogMemory: Memory total: Physical=15.9GB (16GB approx)
[2018.08.06-19.45.49:590][  0]LogMemory: Platform Memory Stats for Windows
[2018.08.06-19.45.49:590][  0]LogMemory: Process Physical Memory: 273.49 MB used, 273.49 MB peak
[2018.08.06-19.45.49:590][  0]LogMemory: Process Virtual Memory: 269.82 MB used, 269.82 MB peak
[2018.08.06-19.45.49:590][  0]LogMemory: Physical Memory: 5534.90 MB used,  10790.75 MB free, 16325.64 MB total
[2018.08.06-19.45.49:590][  0]LogMemory: Virtual Memory: 4764.59 MB used,  10790.75 MB free, 134217728.00 MB total
[2018.08.06-19.45.50:119][  0]LogInit: Using OS detected language (en-US).
[2018.08.06-19.45.50:119][  0]LogInit: Using OS detected locale (en-US).
[2018.08.06-19.45.50:174][  0]LogTextLocalizationManager: No specific localization for 'en-US' exists, so the 'en' localization will be used.
[2018.08.06-19.45.50:662][  0]LogInit: Setting process to per monitor DPI aware
[2018.08.06-19.45.51:869][  0]LogD3D11RHI: D3D11 adapters:
[2018.08.06-19.45.51:921][  0]LogD3D11RHI:    0. 'NVIDIA GeForce GTX 1070' (Feature Level 11_0)
[2018.08.06-19.45.51:921][  0]LogD3D11RHI:       8088/0/8162 MB DedicatedVideo/DedicatedSystem/SharedSystem, Outputs:3, VendorId:0x10de
[2018.08.06-19.45.51:923][  0]LogD3D11RHI:    1. 'Microsoft Basic Render Driver' (Feature Level 11_0)
[2018.08.06-19.45.51:923][  0]LogD3D11RHI:       0/0/8162 MB DedicatedVideo/DedicatedSystem/SharedSystem, Outputs:0, VendorId:0x1414
[2018.08.06-19.45.51:923][  0]LogD3D11RHI: Chosen D3D11 Adapter: 0
[2018.08.06-19.45.51:928][  0]LogD3D11RHI: Creating new Direct3DDevice
[2018.08.06-19.45.51:928][  0]LogD3D11RHI:     GPU DeviceId: 0x1b81 (for the marketing name, search the web for "GPU Device Id")
[2018.08.06-19.45.51:928][  0]LogWindows: EnumDisplayDevices:
[2018.08.06-19.45.51:928][  0]LogWindows:    0. 'NVIDIA GeForce GTX 1070' (P:0 D:1)
[2018.08.06-19.45.51:929][  0]LogWindows:    1. 'NVIDIA GeForce GTX 1070' (P:1 D:1)
[2018.08.06-19.45.51:929][  0]LogWindows:    2. 'NVIDIA GeForce GTX 1070' (P:0 D:1)
[2018.08.06-19.45.51:929][  0]LogWindows:    3. 'NVIDIA GeForce GTX 1070' (P:0 D:0)
[2018.08.06-19.45.51:929][  0]LogWindows: DebugString: GetVideoDriverDetailsInvalid PrimaryIsNotTheChoosenAdapter GetVideoDriverDetailsInvalid PrimaryIsNotTheChoosenAdapter GetVideoDriverDetailsInvalid PrimaryIsNotTheChoosenAdapter GetVideoDriverDetailsInvalid PrimaryIsNotTheChoosenAdapter FoundDriverCount:0 
[2018.08.06-19.45.51:929][  0]LogD3D11RHI:     Adapter Name: NVIDIA GeForce GTX 1070
[2018.08.06-19.45.51:929][  0]LogD3D11RHI:   Driver Version: Unknown (internal:Unknown, unified:Unknown)
[2018.08.06-19.45.51:929][  0]LogD3D11RHI:      Driver Date: Unknown
[2018.08.06-19.45.51:929][  0]LogRHI: Texture pool is 5661 MB (70% of 8088 MB)
[2018.08.06-19.45.51:960][  0]LogD3D11RHI: Async texture creation enabled
[2018.08.06-19.45.52:197][  0]LogD3D11RHI: GPU Timing Frequency: 1000.000000 (Debug: 2 2)
[2018.08.06-19.45.52:334][  0]LogShaderCompilers: Guid format shader working directory is -33 characters bigger than the processId version (../../../../../../UnrealProjects/NewSugarKnight/SugarKnight/SKnightPrototype_01/Intermediate/Shaders/WorkingDirectory/16052/).
[2018.08.06-19.45.52:334][  0]LogShaderCompilers: Cleaned the shader compiler working directory 'C:/Users/Ownewr/AppData/Local/Temp/UnrealShaderWorkingDir/F88C00234B37CE5CBE842E81E4FF8301/'.
[2018.08.06-19.45.52:350][  0]LogShaderCompilers: Display: Using Local Shader Compiler.
[2018.08.06-19.45.54:846][  0]LogTemp: Display: Loaded TP AllDesktopTargetPlatform
[2018.08.06-19.45.54:883][  0]LogTemp: Display: Loaded TP MacClientTargetPlatform
[2018.08.06-19.45.54:920][  0]LogTemp: Display: Loaded TP MacNoEditorTargetPlatform
[2018.08.06-19.45.54:957][  0]LogTemp: Display: Loaded TP MacServerTargetPlatform
[2018.08.06-19.45.55:024][  0]LogTemp: Display: Loaded TP MacTargetPlatform
[2018.08.06-19.45.55:061][  0]LogTemp: Display: Loaded TP WindowsClientTargetPlatform
[2018.08.06-19.45.55:098][  0]LogTemp: Display: Loaded TP WindowsNoEditorTargetPlatform
[2018.08.06-19.45.55:135][  0]LogTemp: Display: Loaded TP WindowsServerTargetPlatform
[2018.08.06-19.45.55:169][  0]LogTemp: Display: Loaded TP WindowsTargetPlatform
[2018.08.06-19.45.55:206][  0]LogTemp: Display: Loaded TP Android_ASTCTargetPlatform
[2018.08.06-19.45.55:243][  0]LogTemp: Display: Loaded TP Android_ATCTargetPlatform
[2018.08.06-19.45.55:282][  0]LogTemp: Display: Loaded TP Android_DXTTargetPlatform
[2018.08.06-19.45.55:318][  0]LogTemp: Display: Loaded TP Android_ETC1TargetPlatform
[2018.08.06-19.45.55:372][  0]LogTemp: Display: Loaded TP Android_ETC2TargetPlatform
[2018.08.06-19.45.55:474][  0]LogTemp: Display: Loaded TP Android_MultiTargetPlatform
[2018.08.06-19.45.55:475][  0]LogTemp: Display: Loaded TP Android_PVRTCTargetPlatform
[2018.08.06-19.45.55:533][  0]LogTemp: Display: Loaded TP AndroidTargetPlatform
[2018.08.06-19.45.55:574][  0]LogTemp: Display: Loaded TP HTML5TargetPlatform
[2018.08.06-19.45.55:710][  0]LogTemp: Display: Loaded TP IOSTargetPlatform
[2018.08.06-19.45.55:740][  0]LogTemp: Display: Loaded TP TVOSTargetPlatform
[2018.08.06-19.45.55:789][  0]LogTemp: Display: Loaded TP LinuxClientTargetPlatform
[2018.08.06-19.45.55:835][  0]LogTemp: Display: Loaded TP LinuxNoEditorTargetPlatform
[2018.08.06-19.45.55:877][  0]LogTemp: Display: Loaded TP LinuxServerTargetPlatform
[2018.08.06-19.45.55:939][  0]LogTemp: Display: Loaded TP LinuxTargetPlatform
[2018.08.06-19.45.55:939][  0]LogTargetPlatformManager: Display: Building Assets For Windows
[2018.08.06-19.45.56:846][  0]LogDerivedDataCache: Display: Max Cache Size: 512 MB
[2018.08.06-19.45.57:101][  0]LogDerivedDataCache: Loaded boot cache 0.25s 78MB C:/Users/Ownewr/AppData/Local/UnrealEngine/4.18/DerivedDataCache/Boot.ddc.
[2018.08.06-19.45.57:101][  0]LogDerivedDataCache: Display: Loaded Boot cache: C:/Users/Ownewr/AppData/Local/UnrealEngine/4.18/DerivedDataCache/Boot.ddc
[2018.08.06-19.45.57:101][  0]LogDerivedDataCache: FDerivedDataBackendGraph:  Pak pak cache file ../../../../../../UnrealProjects/NewSugarKnight/SugarKnight/SKnightPrototype_01/DerivedDataCache/DDC.ddp not found, will not use a pak cache.
[2018.08.06-19.45.57:101][  0]LogDerivedDataCache: Unable to find inner node Pak for hierarchical cache Hierarchy.
[2018.08.06-19.45.57:101][  0]LogDerivedDataCache: FDerivedDataBackendGraph:  CompressedPak pak cache file ../../../../../../UnrealProjects/NewSugarKnight/SugarKnight/SKnightPrototype_01/DerivedDataCache/Compressed.ddp not found, will not use a pak cache.
[2018.08.06-19.45.57:101][  0]LogDerivedDataCache: Unable to find inner node CompressedPak for hierarchical cache Hierarchy.
[2018.08.06-19.45.57:139][  0]LogDerivedDataCache: Display: Pak cache opened for reading ../../../Engine/DerivedDataCache/Compressed.ddp.
[2018.08.06-19.45.57:152][  0]LogDerivedDataCache: Using Local data cache path C:/Users/Ownewr/AppData/Local/UnrealEngine/Common/DerivedDataCache: Writable
[2018.08.06-19.45.57:218][  0]LogMaterial: Verifying Global Shaders for PCD3D_SM5
[2018.08.06-19.45.57:243][  0]LogSlate: Using Freetype 2.6.0
[2018.08.06-19.45.57:255][  0]LogSlate: SlateFontCache - WITH_FREETYPE: 1, WITH_HARFBUZZ: 1
[2018.08.06-19.45.57:268][  0]LogSlate: SlateFontCache - WITH_FREETYPE: 1, WITH_HARFBUZZ: 1
[2018.08.06-19.46.01:104][  0]LogInit: Selected Device Profile: [Windows]
[2018.08.06-19.46.02:185][  0]LogSimplygon: Simplygon DLL not present - disabling.
[2018.08.06-19.46.02:231][  0]LogMeshReduction: Using SimplygonSwarm for distributed automatic mesh merging
[2018.08.06-19.46.02:232][  0]LogMeshReduction: Using QuadricMeshReduction for automatic static mesh reduction
[2018.08.06-19.46.02:232][  0]LogMeshReduction: No automatic skeletal mesh reduction module available
[2018.08.06-19.46.02:232][  0]LogMeshReduction: No automatic mesh merging module available
[2018.08.06-19.46.02:232][  0]LogMeshMerging: No automatic mesh merging module available
[2018.08.06-19.46.02:526][  0]LogNetVersion: SKnightPrototype_01 , NetCL: 3709383, EngineNetVer: 2, GameNetVer: 0 (Checksum: 431312611)
[2018.08.06-19.46.03:370][  0]LogAssetRegistry: FAssetRegistry took 0.0443 seconds to start up
[2018.08.06-19.46.06:061][  0]LogPackageLocalizationCache: Processed 7 localized package path(s) for 2 prioritized culture(s) in 0.084048 seconds
[2018.08.06-19.46.06:079][  0]LogUObjectArray: 35900 objects as part of root set at end of initial load.
[2018.08.06-19.46.06:079][  0]LogUObjectAllocator: 7372024 out of 0 bytes used by permanent object pool.
[2018.08.06-19.46.06:079][  0]LogUObjectArray: CloseDisregardForGC: 0/0 objects in disregard for GC pool
[2018.08.06-19.46.06:127][  0]LogInit: WinSock: version 1.1 (2.2), MaxSocks=32767, MaxUdp=65467
[2018.08.06-19.46.22:031][  0]LogTcpMessaging: Initializing TcpMessaging bridge
[2018.08.06-19.46.22:089][  0]LogUdpMessaging: Initializing bridge on interface 0.0.0.0:0 to multicast group 230.0.0.1:6666.
[2018.08.06-19.46.23:221][  0]LogMaterial: Uniform references updated for custom material expression Custom.
[2018.08.06-19.46.23:902][  0]SourceControl: Source control is disabled
[2018.08.06-19.46.23:913][  0]SourceControl: Source control is disabled
[2018.08.06-19.46.24:018][  0]SourceControl: Source control is disabled
[2018.08.06-19.46.24:077][  0]SourceControl: Source control is disabled
[2018.08.06-19.46.25:149][  0]LogAndroidPermission: UAndroidPermissionCallbackProxy::GetInstance
[2018.08.06-19.46.25:400][  0]LogOcInput: OculusInput pre-init called
[2018.08.06-19.46.25:874][  0]LogEngine: Initializing Engine...
[2018.08.06-19.46.25:911][  0]LogHMD: Failed to initialize OpenVR with code 110
[2018.08.06-19.46.26:408][  0]LogStats: UGameplayTagsManager::ConstructGameplayTagTree: Construct from data asset -  0.000 s
[2018.08.06-19.46.26:408][  0]LogStats: UGameplayTagsManager::ConstructGameplayTagTree: GameplayTagTreeChangedEvent.Broadcast -  0.000 s
[2018.08.06-19.46.26:720][  0]LogAIModule: Creating AISystem for world Untitled
[2018.08.06-19.46.26:795][  0]LogInit: XAudio2 using 'Speakers (High Definition Audio Device)' : 2 channels at 44.1 kHz using 16 bits per sample (channel mask 0x3)
[2018.08.06-19.46.26:818][  0]LogInit: FAudioDevice initialized.
[2018.08.06-19.46.26:886][  0]LogDerivedDataCache: Saved boot cache 0.07s 78MB C:/Users/Ownewr/AppData/Local/UnrealEngine/4.18/DerivedDataCache/Boot.ddc.
[2018.08.06-19.46.26:898][  0]LogInit: Texture streaming: Enabled
[2018.08.06-19.46.27:037][  0]LogEngineSessionManager: EngineSessionManager initialized
[2018.08.06-19.46.27:196][  0]LogInit: Transaction tracking system initialized
[2018.08.06-19.46.27:623][  0]BlueprintLog: New page: Editor Load
[2018.08.06-19.46.28:931][  0]LocalizationService: Localization service is disabled
[2018.08.06-19.46.29:873][  0]LogConsoleResponse: Display: 
[2018.08.06-19.46.30:839][  0]LogFileCache: Scanning file cache for directory 'D:/Program Files (x86)/UnrealProjects/NewSugarKnight/SugarKnight/SKnightPrototype_01/Content/' took 0.01s
[2018.08.06-19.46.30:839][  0]LogCook: Display: Max memory allowance for cook 16384mb min free memory 0mb
[2018.08.06-19.46.30:839][  0]LogCook: Display: Mobile HDR setting 1
[2018.08.06-19.46.30:839][  0]LogGameplayTags: Display: UGameplayTagsManager::DoneAddingNativeTags. DelegateIsBound: 0
[2018.08.06-19.46.32:496][  0]SourceControl: Source control is disabled
[2018.08.06-19.46.32:523][  0]Cmd: MAP LOAD FILE="../../../../../../UnrealProjects/NewSugarKnight/SugarKnight/SKnightPrototype_01/Content/SideScrollerBP/Maps/SideScrollerExampleMap.umap" TEMPLATE=0 SHOWPROGRESS=1 FEATURELEVEL=3
[2018.08.06-19.46.32:535][  0]LightingResults: New page: Lighting Build
[2018.08.06-19.46.32:704][  0]MapCheck: New page: Map Check
[2018.08.06-19.46.32:704][  0]LightingResults: New page: Lighting Build
[2018.08.06-19.46.34:439][  0]LogAIModule: Creating AISystem for world SideScrollerExampleMap
[2018.08.06-19.46.34:772][  0]LogEditorServer: Finished looking for orphan Actors (0.000 secs)
[2018.08.06-19.46.34:825][  0]Cmd: MAP CHECKDEP NOCLEARLOG
[2018.08.06-19.46.34:875][  0]MapCheck: Map check complete: 0 Error(s), 0 Warning(s), took 50.23ms to complete.
[2018.08.06-19.46.34:875][  0]LogFileHelpers: Loading map 'SideScrollerExampleMap' took 2.366
[2018.08.06-19.46.35:731][  0]LogCollectionManager: Loaded 0 collections in 0.001622 seconds
[2018.08.06-19.46.35:859][  0]LogFileCache: Scanning file cache for directory 'D:/Program Files (x86)/UnrealProjects/NewSugarKnight/SugarKnight/SKnightPrototype_01/Saved/Collections/' took 0.01s
[2018.08.06-19.46.35:859][  0]LogFileCache: Scanning file cache for directory 'D:/Program Files (x86)/UnrealProjects/NewSugarKnight/SugarKnight/SKnightPrototype_01/Content/Developers/Ownewr/Collections/' took 0.01s
[2018.08.06-19.46.35:859][  0]LogFileCache: Scanning file cache for directory 'D:/Program Files (x86)/UnrealProjects/NewSugarKnight/SugarKnight/SKnightPrototype_01/Content/Collections/' took 0.01s
[2018.08.06-19.46.35:859][  0]LogCollectionManager: Rebuilt the GUID cache for 0 collections in 0.000000 seconds
[2018.08.06-19.46.35:875][  0]LogContentBrowser: Native class hierarchy populated in 0.0067 seconds. Added 2363 classes and 519 folders.
[2018.08.06-19.46.35:954][  0]LogContentBrowser: Native class hierarchy updated for 'WidgetCarousel' in 0.0002 seconds. Added 0 classes and 0 folders.
[2018.08.06-19.46.36:567][  0]LogContentBrowser: Native class hierarchy updated for 'AddContentDialog' in 0.0002 seconds. Added 0 classes and 0 folders.
[2018.08.06-19.46.36:643][  0]LogContentBrowser: Native class hierarchy updated for 'SceneOutliner' in 0.0002 seconds. Added 1 classes and 2 folders.
[2018.08.06-19.46.37:225][  0]LogSlate: Took 0.005246 seconds to synchronously load lazily loaded font '../../../Engine/Content/Slate/Fonts/Roboto-Regular.ttf' (155K)
[2018.08.06-19.46.37:248][  0]LogSlate: Took 0.012177 seconds to synchronously load lazily loaded font '../../../Engine/Content/Slate/Fonts/Roboto-Bold.ttf' (160K)
[2018.08.06-19.46.37:280][  0]LogSlate: Took 0.012308 seconds to synchronously load lazily loaded font '../../../Engine/Content/Editor/Slate/Fonts/FontAwesome.ttf' (139K)
[2018.08.06-19.46.37:537][  0]LogRenderer: Reallocating scene render targets to support 1208x576 Format 10 NumSamples 1 (Frame:1).
[2018.08.06-19.46.37:892][  0]LogContentBrowser: Native class hierarchy updated for 'HierarchicalLODOutliner' in 0.0002 seconds. Added 1 classes and 2 folders.
[2018.08.06-19.46.37:892][  0]LogLoad: (Engine Initialization) Total time: 57.69 seconds
[2018.08.06-19.46.37:892][  0]LogLoad: (Engine Initialization) Total Blueprint compile time: 0.00 seconds
[2018.08.06-19.46.37:892][  0]LogExternalProfiler: No external profilers were discovered.  External profiling features will not be available.
[2018.08.06-19.46.38:306][  0]LogContentStreaming: Texture pool size now 1000 MB
[2018.08.06-19.46.38:390][  0]LogSlate: Took 0.016248 seconds to synchronously load lazily loaded font '../../../Engine/Content/Slate/Fonts/Roboto-Light.ttf' (159K)
[2018.08.06-19.46.38:604][  1]LogAssetRegistry: Asset discovery search completed in 35.2561 seconds
[2018.08.06-19.46.38:605][  1]LogCollectionManager: Rebuilt the object cache for 0 collections in 0.000000 seconds (found 0 objects)
[2018.08.06-19.46.38:605][  1]LogCollectionManager: Fixed up redirectors for 0 collections in 0.000039 seconds (updated 0 objects)
[2018.08.06-19.47.28:021][544]LogSlate: Took 0.000197 seconds to synchronously load lazily loaded font '../../../Engine/Content/Slate/Fonts/Roboto-Light.ttf' (159K)
[2018.08.06-19.47.28:064][544]LogFactory: FactoryCreateFile: StaticMesh with FbxFactory (0 0 C:\Users\Ownewr\Documents\SugarKnightAssets\Doors.FBX)
[2018.08.06-19.47.28:160][544]LogFbx: ItemName: GlobalSettings, ItemCount : 1
[2018.08.06-19.47.28:160][544]LogFbx: ItemName: AnimationStack, ItemCount : 1
[2018.08.06-19.47.28:160][544]LogFbx: ItemName: Model, ItemCount : 1
[2018.08.06-19.47.28:160][544]LogFbx: ItemName: Geometry, ItemCount : 1
[2018.08.06-19.47.28:169][544]LogFbx: Loading FBX Scene from C:\Users\Ownewr\Documents\SugarKnightAssets\Doors.FBX
[2018.08.06-19.47.28:185][544]LogFbx: FBX Scene Loaded Succesfully
[2018.08.06-19.47.52:796][544]LogFbx: Loading FBX Scene from C:\Users\Ownewr\Documents\SugarKnightAssets\Doors.FBX
[2018.08.06-19.47.52:801][544]LogFbx: FBX Scene Loaded Succesfully
[2018.08.06-19.47.52:802][544]LogFbx: Warning: Triangulating static mesh Doors
[2018.08.06-19.47.52:836][544]LogStaticMesh: Building static mesh Doors...
[2018.08.06-19.47.52:871][544]LogStaticMesh: Built static mesh [0.04s] /Game/Assets/Doors.Doors
[2018.08.06-19.47.52:881][544]LogStaticMesh: Warning: Doors has degenerate tangent bases which will result in incorrect shading.  MikkTSpace relies on tangent bases and may result in mesh corruption, consider disabling this option.
[2018.08.06-19.47.52:881][544]LogStaticMesh: Warning: Doors has some nearly zero bi-normals which can create some issues. (Tolerance of 1E-4)
[2018.08.06-19.47.52:894][544]FBXImport: Warning: No smoothing group information was found in this FBX scene.  Please make sure to enable the 'Export Smoothing Groups' option in the FBX Exporter plug-in before exporting the file.  Even for tools that don't support smoothing groups, the FBX Exporter will generate appropriate smoothing data at export-time so that correct vertex normals can be inferred while importing. 
[2018.08.06-19.47.52:895][544]FBXImport: Warning: Doors has degenerate tangent bases which will result in incorrect shading.  MikkTSpace relies on tangent bases and may result in mesh corruption, consider disabling this option. 
[2018.08.06-19.47.52:895][544]FBXImport: Warning: Doors has some nearly zero bi-normals which can create some issues. (Tolerance of 1E-4) 
[2018.08.06-19.48.07:532][273]LogActorFactory: Actor Factory created Doors
[2018.08.06-19.48.08:855][422]LogActorFactory: Actor Factory created Doors
[2018.08.06-19.48.26:596][498]LogTemp: Repeating last play command: Selected Viewport
[2018.08.06-19.48.26:656][498]LogBlueprintUserMessages: Early PlayInEditor Detection: Level '/Game/SideScrollerBP/Maps/SideScrollerExampleMap.SideScrollerExampleMap:PersistentLevel' has LevelScriptBlueprint '/Game/SideScrollerBP/Maps/SideScrollerExampleMap.SideScrollerExampleMap:PersistentLevel.SideScrollerExampleMap' with GeneratedClass '/Game/SideScrollerBP/Maps/SideScrollerExampleMap.SideScrollerExampleMap_C' with ClassGeneratedBy '/Game/SideScrollerBP/Maps/SideScrollerExampleMap.SideScrollerExampleMap:PersistentLevel.SideScrollerExampleMap'
[2018.08.06-19.48.26:660][498]LogPlayLevel: PlayLevel: No blueprints needed recompiling
[2018.08.06-19.48.26:669][498]PIE: New page: PIE session: SideScrollerExampleMap (Aug 6, 2018, 11:48:26 AM)
[2018.08.06-19.48.26:669][498]LogPlayLevel: Creating play world package: /Game/SideScrollerBP/Maps/UEDPIE_0_SideScrollerExampleMap
[2018.08.06-19.48.26:714][498]LogPlayLevel: PIE: StaticDuplicateObject took: (0.045172s)
[2018.08.06-19.48.26:714][498]LogAIModule: Creating AISystem for world SideScrollerExampleMap
[2018.08.06-19.48.26:715][498]LogPlayLevel: PIE: World Init took: (0.000583s)
[2018.08.06-19.48.26:715][498]LogPlayLevel: PIE: Created PIE world by copying editor world from /Game/SideScrollerBP/Maps/SideScrollerExampleMap.SideScrollerExampleMap to /Game/SideScrollerBP/Maps/UEDPIE_0_SideScrollerExampleMap.SideScrollerExampleMap (0.045990s)
[2018.08.06-19.48.26:742][498]LogInit: XAudio2 using 'Speakers (High Definition Audio Device)' : 2 channels at 44.1 kHz using 16 bits per sample (channel mask 0x3)
[2018.08.06-19.48.26:749][498]LogInit: FAudioDevice initialized.
[2018.08.06-19.48.26:807][498]LogLoad: Game class is 'SideScrollerGameMode_C'
[2018.08.06-19.48.26:836][498]LogWorld: Bringing World /Game/SideScrollerBP/Maps/UEDPIE_0_SideScrollerExampleMap.SideScrollerExampleMap up for play (max tick rate 0) at 2018.08.06-15.48.26
[2018.08.06-19.48.26:836][498]LogWorld: Bringing up level for play took: 0.014684
[2018.08.06-19.48.26:878][498]LogContentBrowser: Native class hierarchy updated for 'MovieSceneCapture' in 0.0002 seconds. Added 11 classes and 0 folders.
[2018.08.06-19.48.26:879][498]PIE: Play in editor start time for /Game/SideScrollerBP/Maps/UEDPIE_0_SideScrollerExampleMap -0.237
[2018.08.06-19.48.26:879][498]LogBlueprintUserMessages: Late PlayInEditor Detection: Level '/Game/SideScrollerBP/Maps/SideScrollerExampleMap.SideScrollerExampleMap:PersistentLevel' has LevelScriptBlueprint '/Game/SideScrollerBP/Maps/SideScrollerExampleMap.SideScrollerExampleMap:PersistentLevel.SideScrollerExampleMap' with GeneratedClass '/Game/SideScrollerBP/Maps/SideScrollerExampleMap.SideScrollerExampleMap_C' with ClassGeneratedBy '/Game/SideScrollerBP/Maps/SideScrollerExampleMap.SideScrollerExampleMap:PersistentLevel.SideScrollerExampleMap'
[2018.08.06-19.48.31:086][994]LogBlueprintUserMessages: Early EndPlayMap Detection: Level '/Game/SideScrollerBP/Maps/SideScrollerExampleMap.SideScrollerExampleMap:PersistentLevel' has LevelScriptBlueprint '/Game/SideScrollerBP/Maps/SideScrollerExampleMap.SideScrollerExampleMap:PersistentLevel.SideScrollerExampleMap' with GeneratedClass '/Game/SideScrollerBP/Maps/SideScrollerExampleMap.SideScrollerExampleMap_C' with ClassGeneratedBy '/Game/SideScrollerBP/Maps/SideScrollerExampleMap.SideScrollerExampleMap:PersistentLevel.SideScrollerExampleMap'
[2018.08.06-19.48.31:139][994]LogBlueprintUserMessages: Late EndPlayMap Detection: Level '/Game/SideScrollerBP/Maps/SideScrollerExampleMap.SideScrollerExampleMap:PersistentLevel' has LevelScriptBlueprint '/Game/SideScrollerBP/Maps/SideScrollerExampleMap.SideScrollerExampleMap:PersistentLevel.SideScrollerExampleMap' with GeneratedClass '/Game/SideScrollerBP/Maps/SideScrollerExampleMap.SideScrollerExampleMap_C' with ClassGeneratedBy '/Game/SideScrollerBP/Maps/SideScrollerExampleMap.SideScrollerExampleMap:PersistentLevel.SideScrollerExampleMap'
[2018.08.06-19.48.33:466][270]LogEditorViewport: Clicking on Actor (LMB): StaticMeshActor (Doors)
[2018.08.06-19.48.36:993][624]LogSavePackage: Save=277.76ms
[2018.08.06-19.48.36:993][624]LogSavePackage: Moving '../../../../../../UnrealProjects/NewSugarKnight/SugarKnight/SKnightPrototype_01/Saved/SideScrollerExampleMap42ABE0B54C130F225BFF28BA6EFFFB9A.tmp' to '../../../../../../UnrealProjects/NewSugarKnight/SugarKnight/SKnightPrototype_01/Content/SideScrollerBP/Maps/SideScrollerExampleMap.umap'
[2018.08.06-19.48.36:997][624]LogSavePackage: Display: Finished SavePackage ../../../../../../UnrealProjects/NewSugarKnight/SugarKnight/SKnightPrototype_01/Content/SideScrollerBP/Maps/SideScrollerExampleMap.umap
[2018.08.06-19.48.37:250][624]LogSavePackage: Save=203.65ms
[2018.08.06-19.48.37:250][624]LogSavePackage: Moving '../../../../../../UnrealProjects/NewSugarKnight/SugarKnight/SKnightPrototype_01/Saved/SideScrollerExampleMap_BuiltDataF115D04C4A158DC9CC95208858A13220.tmp' to '../../../../../../UnrealProjects/NewSugarKnight/SugarKnight/SKnightPrototype_01/Content/SideScrollerBP/Maps/SideScrollerExampleMap_BuiltData.uasset'
[2018.08.06-19.48.37:252][624]LogSavePackage: Display: Finished SavePackage ../../../../../../UnrealProjects/NewSugarKnight/SugarKnight/SKnightPrototype_01/Content/SideScrollerBP/Maps/SideScrollerExampleMap_BuiltData.uasset
[2018.08.06-19.48.40:124][967]LogEditorViewport: Clicking on Actor (LMB): StaticMeshActor (Doors)
[2018.08.06-19.48.41:660][ 98]LogMaterial: Missing cached shader map for material M_SkyBox, compiling. 
[2018.08.06-19.48.41:829][ 98]LogSlate: Took 0.000179 seconds to synchronously load lazily loaded font '../../../Engine/Content/Slate/Fonts/Roboto-Regular.ttf' (155K)
[2018.08.06-19.48.42:387][ 98]LogRenderer: Reallocating scene render targets to support 1912x1284 Format 10 NumSamples 1 (Frame:1).
[2018.08.06-19.49.19:959][943]LogFactory: FactoryCreateFile: StaticMesh with FbxFactory (0 0 C:\Users\Ownewr\Documents\SugarKnightAssets\Pillar.FBX)
[2018.08.06-19.49.19:963][943]LogFbx: ItemName: GlobalSettings, ItemCount : 1
[2018.08.06-19.49.19:963][943]LogFbx: ItemName: AnimationStack, ItemCount : 1
[2018.08.06-19.49.19:963][943]LogFbx: ItemName: Model, ItemCount : 1
[2018.08.06-19.49.19:963][943]LogFbx: ItemName: Geometry, ItemCount : 1
[2018.08.06-19.49.19:967][943]LogFbx: Loading FBX Scene from C:\Users\Ownewr\Documents\SugarKnightAssets\Pillar.FBX
[2018.08.06-19.49.19:972][943]LogFbx: FBX Scene Loaded Succesfully
[2018.08.06-19.49.24:032][943]LogFbx: Loading FBX Scene from C:\Users\Ownewr\Documents\SugarKnightAssets\Pillar.FBX
[2018.08.06-19.49.24:036][943]LogFbx: FBX Scene Loaded Succesfully
[2018.08.06-19.49.24:036][943]LogFbx: Warning: Triangulating static mesh Pillar
[2018.08.06-19.49.24:075][943]LogStaticMesh: Building static mesh Pillar...
[2018.08.06-19.49.24:089][943]LogStaticMesh: Built static mesh [0.01s] /Game/Assets/Pillar.Pillar
[2018.08.06-19.49.24:091][943]LogStaticMesh: Warning: Pillar has degenerate tangent bases which will result in incorrect shading.  MikkTSpace relies on tangent bases and may result in mesh corruption, consider disabling this option.
[2018.08.06-19.49.24:091][943]LogStaticMesh: Warning: Pillar has some nearly zero bi-normals which can create some issues. (Tolerance of 1E-4)
[2018.08.06-19.49.24:094][943]FBXImport: Warning: No smoothing group information was found in this FBX scene.  Please make sure to enable the 'Export Smoothing Groups' option in the FBX Exporter plug-in before exporting the file.  Even for tools that don't support smoothing groups, the FBX Exporter will generate appropriate smoothing data at export-time so that correct vertex normals can be inferred while importing. 
[2018.08.06-19.49.24:094][943]FBXImport: Warning: Pillar has degenerate tangent bases which will result in incorrect shading.  MikkTSpace relies on tangent bases and may result in mesh corruption, consider disabling this option. 
[2018.08.06-19.49.24:094][943]FBXImport: Warning: Pillar has some nearly zero bi-normals which can create some issues. (Tolerance of 1E-4) 
[2018.08.06-19.49.37:680][557]LogActorFactory: Actor Factory created Pillar
[2018.08.06-19.49.39:409][760]LogActorFactory: Actor Factory created Pillar
[2018.08.06-19.49.40:466][880]LogTemp: Repeating last play command: Selected Viewport
[2018.08.06-19.49.40:478][880]LogBlueprintUserMessages: Early PlayInEditor Detection: Level '/Game/SideScrollerBP/Maps/SideScrollerExampleMap.SideScrollerExampleMap:PersistentLevel' has LevelScriptBlueprint '/Game/SideScrollerBP/Maps/SideScrollerExampleMap.SideScrollerExampleMap:PersistentLevel.SideScrollerExampleMap' with GeneratedClass '/Game/SideScrollerBP/Maps/SideScrollerExampleMap.SideScrollerExampleMap_C' with ClassGeneratedBy '/Game/SideScrollerBP/Maps/SideScrollerExampleMap.SideScrollerExampleMap:PersistentLevel.SideScrollerExampleMap'
[2018.08.06-19.49.40:478][880]LogPlayLevel: PlayLevel: No blueprints needed recompiling
[2018.08.06-19.49.40:478][880]PIE: New page: PIE session: SideScrollerExampleMap (Aug 6, 2018, 11:49:40 AM)
[2018.08.06-19.49.40:478][880]LogPlayLevel: Creating play world package: /Game/SideScrollerBP/Maps/UEDPIE_0_SideScrollerExampleMap
[2018.08.06-19.49.40:507][880]LogPlayLevel: PIE: StaticDuplicateObject took: (0.029552s)
[2018.08.06-19.49.40:508][880]LogAIModule: Creating AISystem for world SideScrollerExampleMap
[2018.08.06-19.49.40:509][880]LogPlayLevel: PIE: World Init took: (0.001053s)
[2018.08.06-19.49.40:509][880]LogPlayLevel: PIE: Created PIE world by copying editor world from /Game/SideScrollerBP/Maps/SideScrollerExampleMap.SideScrollerExampleMap to /Game/SideScrollerBP/Maps/UEDPIE_0_SideScrollerExampleMap.SideScrollerExampleMap (0.030971s)
[2018.08.06-19.49.40:541][880]LogInit: XAudio2 using 'Speakers (High Definition Audio Device)' : 2 channels at 44.1 kHz using 16 bits per sample (channel mask 0x3)
[2018.08.06-19.49.40:548][880]LogInit: FAudioDevice initialized.
[2018.08.06-19.49.40:582][880]LogLoad: Game class is 'SideScrollerGameMode_C'
[2018.08.06-19.49.40:585][880]LogWorld: Bringing World /Game/SideScrollerBP/Maps/UEDPIE_0_SideScrollerExampleMap.SideScrollerExampleMap up for play (max tick rate 0) at 2018.08.06-15.49.40
[2018.08.06-19.49.40:585][880]LogWorld: Bringing up level for play took: 0.002133
[2018.08.06-19.49.40:585][880]PIE: Play in editor start time for /Game/SideScrollerBP/Maps/UEDPIE_0_SideScrollerExampleMap -0.53
[2018.08.06-19.49.40:586][880]LogBlueprintUserMessages: Late PlayInEditor Detection: Level '/Game/SideScrollerBP/Maps/SideScrollerExampleMap.SideScrollerExampleMap:PersistentLevel' has LevelScriptBlueprint '/Game/SideScrollerBP/Maps/SideScrollerExampleMap.SideScrollerExampleMap:PersistentLevel.SideScrollerExampleMap' with GeneratedClass '/Game/SideScrollerBP/Maps/SideScrollerExampleMap.SideScrollerExampleMap_C' with ClassGeneratedBy '/Game/SideScrollerBP/Maps/SideScrollerExampleMap.SideScrollerExampleMap:PersistentLevel.SideScrollerExampleMap'
[2018.08.06-19.51.07:421][291]LogBlueprintUserMessages: Early EndPlayMap Detection: Level '/Game/SideScrollerBP/Maps/SideScrollerExampleMap.SideScrollerExampleMap:PersistentLevel' has LevelScriptBlueprint '/Game/SideScrollerBP/Maps/SideScrollerExampleMap.SideScrollerExampleMap:PersistentLevel.SideScrollerExampleMap' with GeneratedClass '/Game/SideScrollerBP/Maps/SideScrollerExampleMap.SideScrollerExampleMap_C' with ClassGeneratedBy '/Game/SideScrollerBP/Maps/SideScrollerExampleMap.SideScrollerExampleMap:PersistentLevel.SideScrollerExampleMap'
[2018.08.06-19.51.07:453][291]LogBlueprintUserMessages: Late EndPlayMap Detection: Level '/Game/SideScrollerBP/Maps/SideScrollerExampleMap.SideScrollerExampleMap:PersistentLevel' has LevelScriptBlueprint '/Game/SideScrollerBP/Maps/SideScrollerExampleMap.SideScrollerExampleMap:PersistentLevel.SideScrollerExampleMap' with GeneratedClass '/Game/SideScrollerBP/Maps/SideScrollerExampleMap.SideScrollerExampleMap_C' with ClassGeneratedBy '/Game/SideScrollerBP/Maps/SideScrollerExampleMap.SideScrollerExampleMap:PersistentLevel.SideScrollerExampleMap'
[2018.08.06-19.51.41:458][355]LogSavePackage: Save=248.80ms
[2018.08.06-19.51.41:458][355]LogSavePackage: Moving '../../../../../../UnrealProjects/NewSugarKnight/SugarKnight/SKnightPrototype_01/Saved/SideScrollerExampleMap1FF5BCCA49089587150CFB9E46FD0327.tmp' to '../../../../../../UnrealProjects/NewSugarKnight/SugarKnight/SKnightPrototype_01/Content/SideScrollerBP/Maps/SideScrollerExampleMap.umap'
[2018.08.06-19.51.41:462][355]LogSavePackage: Display: Finished SavePackage ../../../../../../UnrealProjects/NewSugarKnight/SugarKnight/SKnightPrototype_01/Content/SideScrollerBP/Maps/SideScrollerExampleMap.umap
[2018.08.06-19.51.41:478][355]LogFileHelpers: Saving map 'SideScrollerExampleMap' took 0.326
[2018.08.06-19.51.41:506][355]Cmd: OBJ SAVEPACKAGE PACKAGE="/Game/Assets/Doors" FILE="../../../../../../UnrealProjects/NewSugarKnight/SugarKnight/SKnightPrototype_01/Content/Assets/Doors.uasset" SILENT=true
[2018.08.06-19.51.41:523][355]LogSavePackage: Save=16.20ms
[2018.08.06-19.51.41:523][355]LogSavePackage: Moving '../../../../../../UnrealProjects/NewSugarKnight/SugarKnight/SKnightPrototype_01/Saved/Doors87D0743C41A19B299AE20DB2FB84795F.tmp' to '../../../../../../UnrealProjects/NewSugarKnight/SugarKnight/SKnightPrototype_01/Content/Assets/Doors.uasset'
[2018.08.06-19.51.41:526][355]LogSavePackage: Display: Finished SavePackage ../../../../../../UnrealProjects/NewSugarKnight/SugarKnight/SKnightPrototype_01/Content/Assets/Doors.uasset
[2018.08.06-19.51.41:538][355]Cmd: OBJ SAVEPACKAGE PACKAGE="/Game/Assets/Pillar" FILE="../../../../../../UnrealProjects/NewSugarKnight/SugarKnight/SKnightPrototype_01/Content/Assets/Pillar.uasset" SILENT=true
[2018.08.06-19.51.41:548][355]LogSavePackage: Save=8.09ms
[2018.08.06-19.51.41:548][355]LogSavePackage: Moving '../../../../../../UnrealProjects/NewSugarKnight/SugarKnight/SKnightPrototype_01/Saved/PillarBB1891C14CBD5F18FA9B27A0FC2E012F.tmp' to '../../../../../../UnrealProjects/NewSugarKnight/SugarKnight/SKnightPrototype_01/Content/Assets/Pillar.uasset'
[2018.08.06-19.51.41:550][355]LogSavePackage: Display: Finished SavePackage ../../../../../../UnrealProjects/NewSugarKnight/SugarKnight/SKnightPrototype_01/Content/Assets/Pillar.uasset
[2018.08.06-19.51.43:219][555]LogTemp: Repeating last play command: Selected Viewport
[2018.08.06-19.51.43:230][555]LogBlueprintUserMessages: Early PlayInEditor Detection: Level '/Game/SideScrollerBP/Maps/SideScrollerExampleMap.SideScrollerExampleMap:PersistentLevel' has LevelScriptBlueprint '/Game/SideScrollerBP/Maps/SideScrollerExampleMap.SideScrollerExampleMap:PersistentLevel.SideScrollerExampleMap' with GeneratedClass '/Game/SideScrollerBP/Maps/SideScrollerExampleMap.SideScrollerExampleMap_C' with ClassGeneratedBy '/Game/SideScrollerBP/Maps/SideScrollerExampleMap.SideScrollerExampleMap:PersistentLevel.SideScrollerExampleMap'
[2018.08.06-19.51.43:231][555]LogPlayLevel: PlayLevel: No blueprints needed recompiling
[2018.08.06-19.51.43:231][555]PIE: New page: PIE session: SideScrollerExampleMap (Aug 6, 2018, 11:51:43 AM)
[2018.08.06-19.51.43:231][555]LogPlayLevel: Creating play world package: /Game/SideScrollerBP/Maps/UEDPIE_0_SideScrollerExampleMap
[2018.08.06-19.51.43:262][555]LogPlayLevel: PIE: StaticDuplicateObject took: (0.030936s)
[2018.08.06-19.51.43:262][555]LogAIModule: Creating AISystem for world SideScrollerExampleMap
[2018.08.06-19.51.43:262][555]LogPlayLevel: PIE: World Init took: (0.000533s)
[2018.08.06-19.51.43:262][555]LogPlayLevel: PIE: Created PIE world by copying editor world from /Game/SideScrollerBP/Maps/SideScrollerExampleMap.SideScrollerExampleMap to /Game/SideScrollerBP/Maps/UEDPIE_0_SideScrollerExampleMap.SideScrollerExampleMap (0.031694s)
[2018.08.06-19.51.43:279][555]LogInit: XAudio2 using 'Speakers (High Definition Audio Device)' : 2 channels at 44.1 kHz using 16 bits per sample (channel mask 0x3)
[2018.08.06-19.51.43:286][555]LogInit: FAudioDevice initialized.
[2018.08.06-19.51.43:316][555]LogLoad: Game class is 'SideScrollerGameMode_C'
[2018.08.06-19.51.43:318][555]LogWorld: Bringing World /Game/SideScrollerBP/Maps/UEDPIE_0_SideScrollerExampleMap.SideScrollerExampleMap up for play (max tick rate 0) at 2018.08.06-15.51.43
[2018.08.06-19.51.43:318][555]LogWorld: Bringing up level for play took: 0.002191
[2018.08.06-19.51.43:319][555]PIE: Play in editor start time for /Game/SideScrollerBP/Maps/UEDPIE_0_SideScrollerExampleMap 0.203
[2018.08.06-19.51.43:319][555]LogBlueprintUserMessages: Late PlayInEditor Detection: Level '/Game/SideScrollerBP/Maps/SideScrollerExampleMap.SideScrollerExampleMap:PersistentLevel' has LevelScriptBlueprint '/Game/SideScrollerBP/Maps/SideScrollerExampleMap.SideScrollerExampleMap:PersistentLevel.SideScrollerExampleMap' with GeneratedClass '/Game/SideScrollerBP/Maps/SideScrollerExampleMap.SideScrollerExampleMap_C' with ClassGeneratedBy '/Game/SideScrollerBP/Maps/SideScrollerExampleMap.SideScrollerExampleMap:PersistentLevel.SideScrollerExampleMap'
[2018.08.06-19.54.22:174][607]LogBlueprintUserMessages: Early EndPlayMap Detection: Level '/Game/SideScrollerBP/Maps/SideScrollerExampleMap.SideScrollerExampleMap:PersistentLevel' has LevelScriptBlueprint '/Game/SideScrollerBP/Maps/SideScrollerExampleMap.SideScrollerExampleMap:PersistentLevel.SideScrollerExampleMap' with GeneratedClass '/Game/SideScrollerBP/Maps/SideScrollerExampleMap.SideScrollerExampleMap_C' with ClassGeneratedBy '/Game/SideScrollerBP/Maps/SideScrollerExampleMap.SideScrollerExampleMap:PersistentLevel.SideScrollerExampleMap'
[2018.08.06-19.54.22:204][607]LogBlueprintUserMessages: Late EndPlayMap Detection: Level '/Game/SideScrollerBP/Maps/SideScrollerExampleMap.SideScrollerExampleMap:PersistentLevel' has LevelScriptBlueprint '/Game/SideScrollerBP/Maps/SideScrollerExampleMap.SideScrollerExampleMap:PersistentLevel.SideScrollerExampleMap' with GeneratedClass '/Game/SideScrollerBP/Maps/SideScrollerExampleMap.SideScrollerExampleMap_C' with ClassGeneratedBy '/Game/SideScrollerBP/Maps/SideScrollerExampleMap.SideScrollerExampleMap:PersistentLevel.SideScrollerExampleMap'
[2018.08.06-19.54.41:388][454]LogWindowsTextInputMethodSystem: Display: IME system now deactivated.
[2018.08.06-19.54.41:601][455]Cmd: QUIT_EDITOR
[2018.08.06-19.54.41:831][455]LogExit: Preparing to exit.
[2018.08.06-19.54.42:402][455]LogDirectoryWatcher: A directory notification for 'D:/Program Files (x86)/UnrealProjects/NewSugarKnight/SugarKnight/SKnightPrototype_01/Content/' was aborted.
[2018.08.06-19.54.42:425][455]LogExit: Editor shut down
[2018.08.06-19.54.42:427][455]LogExit: Transaction tracking system shut down
[2018.08.06-19.54.42:513][455]LogDirectoryWatcher: A directory notification for '../../../Engine/Content/' was aborted.
[2018.08.06-19.54.42:514][455]LogDirectoryWatcher: A directory notification for '../../../../../../UnrealProjects/NewSugarKnight/SugarKnight/SKnightPrototype_01/Content/' was aborted.
[2018.08.06-19.54.42:514][455]LogDirectoryWatcher: A directory notification for '../../../Engine/Plugins/2D/Paper2D/Content/' was aborted.
[2018.08.06-19.54.42:514][455]LogDirectoryWatcher: A directory notification for '../../../Engine/Plugins/Media/MediaCompositing/Content/' was aborted.
[2018.08.06-19.54.42:514][455]LogDirectoryWatcher: A directory notification for '../../../Engine/Plugins/Runtime/AppleARKit/Content/' was aborted.
[2018.08.06-19.54.42:514][455]LogDirectoryWatcher: A directory notification for '../../../Engine/Plugins/Runtime/Oculus/OculusVR/Content/' was aborted.
[2018.08.06-19.54.42:514][455]LogDirectoryWatcher: A directory notification for '../../../Engine/Plugins/Runtime/Steam/SteamVR/Content/' was aborted.
[2018.08.06-19.54.42:713][455]LogExit: Object subsystem successfully closed.
[2018.08.06-19.54.42:741][455]LogD3D11RHI: Shutdown
[2018.08.06-19.54.42:741][455]LogD3D11RHI: CleanupD3DDevice
[2018.08.06-19.54.42:744][455]LogD3D11RHI: ~FD3D11DynamicRHI
[2018.08.06-19.54.42:864][455]LogModuleManager: Shutting down and abandoning module StaticMeshEditor (552)
[2018.08.06-19.54.42:864][455]LogModuleManager: Shutting down and abandoning module MovieSceneCapture (550)
[2018.08.06-19.54.42:865][455]LogModuleManager: Shutting down and abandoning module HierarchicalLODOutliner (548)
[2018.08.06-19.54.42:865][455]LogModuleManager: Shutting down and abandoning module SceneOutliner (546)
[2018.08.06-19.54.42:865][455]LogModuleManager: Shutting down and abandoning module AddContentDialog (544)
[2018.08.06-19.54.42:865][455]LogDirectoryWatcher: A directory notification for 'D:/Program Files (x86)/Epic Games/4.15/UE_4.18/FeaturePacks/' was aborted.
[2018.08.06-19.54.42:868][455]LogModuleManager: Shutting down and abandoning module WidgetCarousel (543)
[2018.08.06-19.54.42:868][455]LogModuleManager: Shutting down and abandoning module EditorWidgets (540)
[2018.08.06-19.54.42:868][455]LogModuleManager: Shutting down and abandoning module CollectionManager (538)
[2018.08.06-19.54.42:868][455]LogDirectoryWatcher: A directory notification for 'D:/Program Files (x86)/UnrealProjects/NewSugarKnight/SugarKnight/SKnightPrototype_01/Content/Collections/' was aborted.
[2018.08.06-19.54.42:868][455]LogDirectoryWatcher: A directory notification for 'D:/Program Files (x86)/UnrealProjects/NewSugarKnight/SugarKnight/SKnightPrototype_01/Content/Developers/Ownewr/Collections/' was aborted.
[2018.08.06-19.54.42:868][455]LogDirectoryWatcher: A directory notification for 'D:/Program Files (x86)/UnrealProjects/NewSugarKnight/SugarKnight/SKnightPrototype_01/Saved/Collections/' was aborted.
[2018.08.06-19.54.42:868][455]LogModuleManager: Shutting down and abandoning module StatsViewer (536)
[2018.08.06-19.54.42:868][455]LogModuleManager: Shutting down and abandoning module FoliageEdit (534)
[2018.08.06-19.54.42:868][455]LogModuleManager: Shutting down and abandoning module LandscapeEditor (532)
[2018.08.06-19.54.42:869][455]LogModuleManager: Shutting down and abandoning module MeshPaintMode (530)
[2018.08.06-19.54.42:869][455]LogModuleManager: Shutting down and abandoning module SceneDepthPickerMode (528)
[2018.08.06-19.54.42:869][455]LogModuleManager: Shutting down and abandoning module ActorPickerMode (526)
[2018.08.06-19.54.42:869][455]LogModuleManager: Shutting down and abandoning module GeometryMode (524)
[2018.08.06-19.54.42:869][455]LogModuleManager: Shutting down and abandoning module TextureAlignMode (522)
[2018.08.06-19.54.42:869][455]LogModuleManager: Shutting down and abandoning module BspMode (520)
[2018.08.06-19.54.42:869][455]LogModuleManager: Shutting down and abandoning module PIEPreviewDeviceProfileSelector (518)
[2018.08.06-19.54.42:869][455]LogModuleManager: Shutting down and abandoning module HardwareSurvey (516)
[2018.08.06-19.54.42:869][455]LogModuleManager: Shutting down and abandoning module SequenceRecorderSections (514)
[2018.08.06-19.54.42:869][455]LogModuleManager: Shutting down and abandoning module AutomationWorker (512)
[2018.08.06-19.54.42:869][455]LogModuleManager: Shutting down and abandoning module MatineeToLevelSequence (510)
[2018.08.06-19.54.42:869][455]LogModuleManager: Shutting down and abandoning module LevelSequenceEditor (508)
[2018.08.06-19.54.42:876][455]LogModuleManager: Shutting down and abandoning module PlacementMode (507)
[2018.08.06-19.54.42:876][455]LogModuleManager: Shutting down and abandoning module WmfMediaFactory (504)
[2018.08.06-19.54.42:876][455]LogModuleManager: Shutting down and abandoning module WmfMediaEditor (502)
[2018.08.06-19.54.42:876][455]LogModuleManager: Shutting down and abandoning module OpenExrWrapper (500)
[2018.08.06-19.54.42:876][455]LogModuleManager: Shutting down and abandoning module ImgMediaFactory (498)
[2018.08.06-19.54.42:876][455]LogModuleManager: Shutting down and abandoning module ImgMediaEditor (496)
[2018.08.06-19.54.42:876][455]LogModuleManager: Shutting down and abandoning module AvfMediaFactory (494)
[2018.08.06-19.54.42:876][455]LogModuleManager: Shutting down and abandoning module AvfMediaEditor (492)
[2018.08.06-19.54.42:876][455]LogModuleManager: Shutting down and abandoning module AndroidMediaFactory (490)
[2018.08.06-19.54.42:876][455]LogModuleManager: Shutting down and abandoning module AndroidMediaEditor (488)
[2018.08.06-19.54.42:876][455]LogModuleManager: Shutting down and abandoning module CharacterAI (486)
[2018.08.06-19.54.42:876][455]LogModuleManager: Shutting down and abandoning module AudioCapture (484)
[2018.08.06-19.54.42:876][455]LogModuleManager: Shutting down and abandoning module SequenceRecorder (483)
[2018.08.06-19.54.42:876][455]LogModuleManager: Shutting down and abandoning module SmartSnapping (480)
[2018.08.06-19.54.42:876][455]LogModuleManager: Shutting down and abandoning module SessionServices (478)
[2018.08.06-19.54.42:876][455]LogModuleManager: Shutting down and abandoning module ViewportSnapping (476)
[2018.08.06-19.54.42:876][455]LogModuleManager: Shutting down and abandoning module ViewportInteraction (474)
[2018.08.06-19.54.42:876][455]LogModuleManager: Shutting down and abandoning module ClothPainter (472)
[2018.08.06-19.54.42:883][455]LogModuleManager: Shutting down and abandoning module SkeletalMeshEditor (471)
[2018.08.06-19.54.42:888][455]LogModuleManager: Shutting down and abandoning module LogVisualizer (468)
[2018.08.06-19.54.42:888][455]LogModuleManager: Shutting down and abandoning module IntroTutorials (466)
[2018.08.06-19.54.42:888][455]LogModuleManager: Shutting down and abandoning module GameProjectGeneration (465)
[2018.08.06-19.54.42:889][455]LogModuleManager: Shutting down and abandoning module IOSPlatformEditor (462)
[2018.08.06-19.54.42:889][455]LogModuleManager: Shutting down and abandoning module HTML5PlatformEditor (460)
[2018.08.06-19.54.42:889][455]LogModuleManager: Shutting down and abandoning module AndroidPlatformEditor (458)
[2018.08.06-19.54.42:889][455]LogModuleManager: Shutting down and abandoning module AndroidDeviceDetection (457)
[2018.08.06-19.54.43:621][455]LogModuleManager: Shutting down and abandoning module WindowsPlatformEditor (454)
[2018.08.06-19.54.43:621][455]LogModuleManager: Shutting down and abandoning module IOSRuntimeSettings (452)
[2018.08.06-19.54.43:621][455]LogModuleManager: Shutting down and abandoning module AndroidRuntimeSettings (450)
[2018.08.06-19.54.43:621][455]LogModuleManager: Shutting down and abandoning module InputBindingEditor (448)
[2018.08.06-19.54.43:621][455]LogModuleManager: Shutting down and abandoning module MergeActors (446)
[2018.08.06-19.54.43:634][455]LogModuleManager: Shutting down and abandoning module SizeMap (444)
[2018.08.06-19.54.43:634][455]LogModuleManager: Shutting down and abandoning module TreeMap (442)
[2018.08.06-19.54.43:634][455]LogModuleManager: Shutting down and abandoning module ReferenceViewer (440)
[2018.08.06-19.54.43:634][455]LogModuleManager: Shutting down and abandoning module LocalizationDashboard (438)
[2018.08.06-19.54.43:645][455]LogModuleManager: Shutting down and abandoning module LocalizationService (437)
[2018.08.06-19.54.43:645][455]LogModuleManager: Shutting down and abandoning module HardwareTargeting (434)
[2018.08.06-19.54.43:645][455]LogModuleManager: Shutting down and abandoning module DeviceProfileEditor (432)
[2018.08.06-19.54.43:645][455]LogModuleManager: Shutting down and abandoning module UndoHistory (430)
[2018.08.06-19.54.43:645][455]LogModuleManager: Shutting down and abandoning module XmlParser (428)
[2018.08.06-19.54.43:645][455]LogModuleManager: Shutting down and abandoning module Blutility (426)
[2018.08.06-19.54.43:645][455]LogModuleManager: Shutting down and abandoning module ProjectSettingsViewer (424)
[2018.08.06-19.54.43:645][455]LogModuleManager: Shutting down and abandoning module ProjectTargetPlatformEditor (423)
[2018.08.06-19.54.43:645][455]LogModuleManager: Shutting down and abandoning module EditorSettingsViewer (420)
[2018.08.06-19.54.43:645][455]LogModuleManager: Shutting down and abandoning module SettingsEditor (418)
[2018.08.06-19.54.43:656][455]LogModuleManager: Shutting down and abandoning module ProjectLauncher (416)
[2018.08.06-19.54.43:664][455]LogModuleManager: Shutting down and abandoning module SessionFrontend (414)
[2018.08.06-19.54.43:664][455]LogModuleManager: Shutting down and abandoning module ProfilerClient (412)
[2018.08.06-19.54.43:675][455]LogModuleManager: Shutting down and abandoning module DeviceManager (410)
[2018.08.06-19.54.43:675][455]LogModuleManager: Shutting down and abandoning module TargetDeviceServices (409)
[2018.08.06-19.54.43:730][455]LogModuleManager: Shutting down and abandoning module AutomationController (406)
[2018.08.06-19.54.43:739][455]LogModuleManager: Shutting down and abandoning module AutomationWindow (404)
[2018.08.06-19.54.43:751][455]LogModuleManager: Shutting down and abandoning module Layers (402)
[2018.08.06-19.54.43:765][455]LogModuleManager: Shutting down and abandoning module ComponentVisualizers (400)
[2018.08.06-19.54.43:765][455]LogModuleManager: Shutting down and abandoning module DetailCustomizations (398)
[2018.08.06-19.54.43:765][455]LogModuleManager: Shutting down and abandoning module PackagesDialog (396)
[2018.08.06-19.54.43:766][455]LogModuleManager: Shutting down and abandoning module Persona (394)
[2018.08.06-19.54.43:779][455]LogModuleManager: Shutting down and abandoning module AdvancedPreviewScene (393)
[2018.08.06-19.54.43:779][455]LogModuleManager: Shutting down and abandoning module AnimGraph (391)
[2018.08.06-19.54.43:779][455]LogModuleManager: Shutting down and abandoning module Kismet (388)
[2018.08.06-19.54.43:779][455]LogModuleManager: Shutting down and abandoning module ClassViewer (386)
[2018.08.06-19.54.43:779][455]LogModuleManager: Shutting down and abandoning module Toolbox (384)
[2018.08.06-19.54.43:779][455]LogModuleManager: Shutting down and abandoning module ModuleUI (382)
[2018.08.06-19.54.43:787][455]LogModuleManager: Shutting down and abandoning module MovieSceneTools (380)
[2018.08.06-19.54.43:795][455]LogModuleManager: Shutting down and abandoning module OutputLog (378)
[2018.08.06-19.54.43:795][455]LogModuleManager: Shutting down and abandoning module GammaUI (376)
[2018.08.06-19.54.43:803][455]LogModuleManager: Shutting down and abandoning module Documentation (374)
[2018.08.06-19.54.43:803][455]LogModuleManager: Shutting down and abandoning module MovieSceneTracks (372)
[2018.08.06-19.54.43:814][455]LogModuleManager: Shutting down and abandoning module MovieScene (370)
[2018.08.06-19.54.43:814][455]LogModuleManager: Shutting down and abandoning module StreamingPauseRendering (368)
[2018.08.06-19.54.43:814][455]LogModuleManager: Shutting down and abandoning module LauncherPlatform (366)
[2018.08.06-19.54.43:814][455]LogModuleManager: Shutting down and abandoning module AnalyticsET (364)
[2018.08.06-19.54.43:815][455]LogModuleManager: Shutting down and abandoning module PortalServices (362)
[2018.08.06-19.54.43:815][455]LogModuleManager: Shutting down and abandoning module PortalRpc (360)
[2018.08.06-19.54.43:815][455]LogModuleManager: Shutting down and abandoning module MessagingRpc (358)
[2018.08.06-19.54.43:815][455]LogModuleManager: Shutting down and abandoning module AIModule (356)
[2018.08.06-19.54.43:815][455]LogModuleManager: Shutting down and abandoning module GameplayDebugger (355)
[2018.08.06-19.54.43:815][455]LogModuleManager: Shutting down and abandoning module AITestSuite (353)
[2018.08.06-19.54.43:815][455]LogModuleManager: Shutting down and abandoning module DesktopPlatform (350)
[2018.08.06-19.54.43:815][455]LogModuleManager: Shutting down and abandoning module ProfilerService (348)
[2018.08.06-19.54.44:044][455]LogModuleManager: Shutting down and abandoning module TaskGraph (346)
[2018.08.06-19.54.44:044][455]LogModuleManager: Shutting down and abandoning module SteamVRController (344)
[2018.08.06-19.54.44:044][455]LogModuleManager: Shutting down and abandoning module ProceduralMeshComponentEditor (342)
[2018.08.06-19.54.44:044][455]LogModuleManager: Shutting down and abandoning module ProceduralMeshComponent (340)
[2018.08.06-19.54.44:044][455]LogModuleManager: Shutting down and abandoning module OculusInput (338)
[2018.08.06-19.54.44:044][455]LogModuleManager: Shutting down and abandoning module MobilePatchingUtils (336)
[2018.08.06-19.54.44:044][455]LogModuleManager: Shutting down and abandoning module CustomMeshComponent (334)
[2018.08.06-19.54.44:044][455]LogModuleManager: Shutting down and abandoning module CableComponent (332)
[2018.08.06-19.54.44:044][455]LogModuleManager: Shutting down and abandoning module ArchVisCharacter (330)
[2018.08.06-19.54.44:044][455]LogModuleManager: Shutting down and abandoning module AndroidPermission (328)
[2018.08.06-19.54.44:044][455]LogModuleManager: Shutting down and abandoning module ActorSequence (324)
[2018.08.06-19.54.44:044][455]LogModuleManager: Shutting down and abandoning module MediaPlayerEditor (322)
[2018.08.06-19.54.44:051][455]LogModuleManager: Shutting down and abandoning module MediaCompositingEditor (320)
[2018.08.06-19.54.44:051][455]LogModuleManager: Shutting down and abandoning module MediaCompositing (318)
[2018.08.06-19.54.44:051][455]LogModuleManager: Shutting down and abandoning module HTML5Networking (316)
[2018.08.06-19.54.44:051][455]LogModuleManager: Shutting down and abandoning module AlembicImporter (314)
[2018.08.06-19.54.44:051][455]LogModuleManager: Shutting down and abandoning module AlembicLibrary (313)
[2018.08.06-19.54.44:052][455]LogModuleManager: Shutting down and abandoning module GeometryCache (312)
[2018.08.06-19.54.44:052][455]LogModuleManager: Shutting down and abandoning module GeometryCacheEd (311)
[2018.08.06-19.54.44:052][455]LogModuleManager: Shutting down and abandoning module SpeedTreeImporter (306)
[2018.08.06-19.54.44:052][455]LogModuleManager: Shutting down and abandoning module PluginBrowser (304)
[2018.08.06-19.54.44:055][455]LogModuleManager: Shutting down and abandoning module MobileLauncherProfileWizard (302)
[2018.08.06-19.54.44:065][455]LogModuleManager: Shutting down and abandoning module VisualStudioSourceCodeAccess (300)
[2018.08.06-19.54.44:065][455]LogModuleManager: Shutting down and abandoning module VisualStudioCodeSourceCodeAccess (298)
[2018.08.06-19.54.44:065][455]LogModuleManager: Shutting down and abandoning module UObjectPlugin (296)
[2018.08.06-19.54.44:065][455]LogModuleManager: Shutting down and abandoning module SubversionSourceControl (294)
[2018.08.06-19.54.44:065][455]LogModuleManager: Shutting down and abandoning module PerforceSourceControl (292)
[2018.08.06-19.54.44:075][455]LogModuleManager: Shutting down and abandoning module GitSourceControl (290)
[2018.08.06-19.54.44:075][455]LogModuleManager: Shutting down and abandoning module SourceControl (289)
[2018.08.06-19.54.44:075][455]LogModuleManager: Shutting down and abandoning module LightPropagationVolumeEditor (286)
[2018.08.06-19.54.44:075][455]LogModuleManager: Shutting down and abandoning module PaperTiledImporter (284)
[2018.08.06-19.54.44:075][455]LogModuleManager: Shutting down and abandoning module PaperSpriteSheetImporter (282)
[2018.08.06-19.54.44:075][455]LogModuleManager: Shutting down and abandoning module Paper2DEditor (280)
[2018.08.06-19.54.44:084][455]LogModuleManager: Shutting down and abandoning module MeshPaint (279)
[2018.08.06-19.54.44:084][455]LogModuleManager: Shutting down and abandoning module LevelEditor (277)
[2018.08.06-19.54.44:085][455]LogModuleManager: Shutting down and abandoning module PixelInspectorModule (276)
[2018.08.06-19.54.44:085][455]LogModuleManager: Shutting down and abandoning module MainFrame (274)
[2018.08.06-19.54.44:085][455]LogModuleManager: Shutting down and abandoning module HotReload (273)
[2018.08.06-19.54.44:085][455]LogModuleManager: Shutting down and abandoning module RuntimePhysXCooking (268)
[2018.08.06-19.54.44:085][455]LogModuleManager: Shutting down and abandoning module PhysXVehiclesEditor (266)
[2018.08.06-19.54.44:085][455]LogModuleManager: Shutting down and abandoning module PhysXVehicles (264)
[2018.08.06-19.54.44:085][455]LogModuleManager: Shutting down and abandoning module OculusEditor (262)
[2018.08.06-19.54.44:085][455]LogModuleManager: Shutting down and abandoning module LocationServicesBPLibrary (260)
[2018.08.06-19.54.44:085][455]LogModuleManager: Shutting down and abandoning module ImmediatePhysicsEditor (258)
[2018.08.06-19.54.44:085][455]LogModuleManager: Shutting down and abandoning module ImmediatePhysics (256)
[2018.08.06-19.54.44:085][455]LogModuleManager: Shutting down and abandoning module UdpMessaging (254)
[2018.08.06-19.54.44:186][455]LogModuleManager: Shutting down and abandoning module TcpMessaging (252)
[2018.08.06-19.54.44:287][455]LogModuleManager: Shutting down and abandoning module GameplayTagsEditor (250)
[2018.08.06-19.54.44:287][455]LogModuleManager: Shutting down and abandoning module FacialAnimationEditor (248)
[2018.08.06-19.54.44:287][455]LogModuleManager: Shutting down and abandoning module FacialAnimation (246)
[2018.08.06-19.54.44:287][455]LogModuleManager: Shutting down and abandoning module AssetManagerEditor (244)
[2018.08.06-19.54.44:287][455]LogModuleManager: Shutting down and abandoning module GraphEditor (243)
[2018.08.06-19.54.44:300][455]LogModuleManager: Shutting down and abandoning module ContentBrowser (241)
[2018.08.06-19.54.44:301][455]LogModuleManager: Shutting down and abandoning module LightPropagationVolumeRuntime (238)
[2018.08.06-19.54.44:301][455]LogModuleManager: Shutting down and abandoning module Paper2D (236)
[2018.08.06-19.54.44:301][455]LogModuleManager: Shutting down and abandoning module WindowsMoviePlayer (234)
[2018.08.06-19.54.44:301][455]LogModuleManager: Shutting down and abandoning module WmfMedia (232)
[2018.08.06-19.54.44:312][455]LogModuleManager: Shutting down and abandoning module ImgMedia (230)
[2018.08.06-19.54.44:312][455]LogModuleManager: Shutting down and abandoning module PacketHandler (228)
[2018.08.06-19.54.44:312][455]LogModuleManager: Shutting down and abandoning module ClothingSystemEditor (226)
[2018.08.06-19.54.44:312][455]LogModuleManager: Shutting down and abandoning module ClothingSystemRuntime (224)
[2018.08.06-19.54.44:312][455]LogModuleManager: Shutting down and abandoning module MediaAssets (222)
[2018.08.06-19.54.44:312][455]LogModuleManager: Shutting down and abandoning module Media (221)
[2018.08.06-19.54.44:318][455]LogModuleManager: Shutting down and abandoning module Overlay (218)
[2018.08.06-19.54.44:318][455]LogModuleManager: Shutting down and abandoning module OverlayEditor (217)
[2018.08.06-19.54.44:318][455]LogModuleManager: Shutting down and abandoning module VREditor (214)
[2018.08.06-19.54.44:318][455]LogModuleManager: Shutting down and abandoning module StringTableEditor (212)
[2018.08.06-19.54.44:318][455]LogModuleManager: Shutting down and abandoning module GameplayTasksEditor (210)
[2018.08.06-19.54.44:318][455]LogModuleManager: Shutting down and abandoning module BehaviorTreeEditor (208)
[2018.08.06-19.54.44:334][455]LogModuleManager: Shutting down and abandoning module FunctionalTesting (206)
[2018.08.06-19.54.44:334][455]LogModuleManager: Shutting down and abandoning module CollisionAnalyzer (204)
[2018.08.06-19.54.44:334][455]LogModuleManager: Shutting down and abandoning module WorkspaceMenuStructure (203)
[2018.08.06-19.54.44:334][455]LogModuleManager: Shutting down and abandoning module UMG (200)
[2018.08.06-19.54.44:342][455]LogModuleManager: Shutting down and abandoning module UMGEditor (199)
[2018.08.06-19.54.44:358][455]LogModuleManager: Shutting down and abandoning module Sequencer (198)
[2018.08.06-19.54.44:368][455]LogModuleManager: Shutting down and abandoning module MessageLog (195)
[2018.08.06-19.54.44:368][455]LogModuleManager: Shutting down and abandoning module SlateReflector (190)
[2018.08.06-19.54.44:380][455]LogModuleManager: Shutting down and abandoning module Slate (188)
[2018.08.06-19.54.44:380][455]LogModuleManager: Shutting down and abandoning module EditorStyle (186)
[2018.08.06-19.54.44:382][455]LogModuleManager: Shutting down and abandoning module MRMesh (184)
[2018.08.06-19.54.44:382][455]LogModuleManager: Shutting down and abandoning module SourceCodeAccess (182)
[2018.08.06-19.54.44:382][455]LogModuleManager: Shutting down and abandoning module HeadMountedDisplay (180)
[2018.08.06-19.54.44:382][455]LogModuleManager: Shutting down and abandoning module XAudio2 (178)
[2018.08.06-19.54.44:382][455]LogModuleManager: Shutting down and abandoning module Networking (176)
[2018.08.06-19.54.44:382][455]LogModuleManager: Shutting down and abandoning module Core (172)
[2018.08.06-19.54.44:382][455]LogModuleManager: Shutting down and abandoning module LevelSequence (168)
[2018.08.06-19.54.44:382][455]LogModuleManager: Shutting down and abandoning module DirectoryWatcher (166)
[2018.08.06-19.54.44:382][455]LogModuleManager: Shutting down and abandoning module KismetCompiler (164)
[2018.08.06-19.54.44:382][455]LogModuleManager: Shutting down and abandoning module MeshUtilities (162)
[2018.08.06-19.54.44:382][455]LogModuleManager: Shutting down and abandoning module MeshMergeUtilities (161)
[2018.08.06-19.54.44:382][455]LogModuleManager: Shutting down and abandoning module MeshReductionInterface (160)
[2018.08.06-19.54.44:382][455]LogModuleManager: Shutting down and abandoning module SimplygonSwarm (159)
[2018.08.06-19.54.44:393][455]LogModuleManager: Shutting down and abandoning module SimplygonMeshReduction (157)
[2018.08.06-19.54.44:393][455]LogModuleManager: Shutting down and abandoning module QuadricMeshReduction (155)
[2018.08.06-19.54.44:393][455]LogModuleManager: Shutting down and abandoning module MaterialBaking (151)
[2018.08.06-19.54.44:393][455]LogModuleManager: Shutting down and abandoning module DerivedDataCache (148)
[2018.08.06-19.54.44:397][455]LogDerivedDataCache: Shutdown
[2018.08.06-19.54.44:397][455]LogModuleManager: Shutting down and abandoning module TargetPlatform (146)
[2018.08.06-19.54.44:397][455]LogModuleManager: Shutting down and abandoning module VulkanShaderFormat (145)
[2018.08.06-19.54.44:397][455]LogModuleManager: Shutting down and abandoning module ShaderFormatVectorVM (143)
[2018.08.06-19.54.44:405][455]LogModuleManager: Shutting down and abandoning module ShaderFormatOpenGL (141)
[2018.08.06-19.54.44:412][455]LogModuleManager: Shutting down and abandoning module ShaderFormatD3D (139)
[2018.08.06-19.54.44:412][455]LogModuleManager: Shutting down and abandoning module MetalShaderFormat (137)
[2018.08.06-19.54.44:423][455]LogModuleManager: Shutting down and abandoning module TextureFormatUncompressed (135)
[2018.08.06-19.54.44:423][455]LogModuleManager: Shutting down and abandoning module TextureFormatPVR (133)
[2018.08.06-19.54.44:423][455]LogModuleManager: Shutting down and abandoning module TextureFormatDXT (131)
[2018.08.06-19.54.44:423][455]LogModuleManager: Shutting down and abandoning module TextureFormatIntelISPCTexComp (129)
[2018.08.06-19.54.44:423][455]LogModuleManager: Shutting down and abandoning module TextureFormatASTC (127)
[2018.08.06-19.54.44:423][455]LogModuleManager: Shutting down and abandoning module ImageWrapper (126)
[2018.08.06-19.54.44:423][455]LogModuleManager: Shutting down and abandoning module TextureFormatAndroid (123)
[2018.08.06-19.54.44:423][455]LogModuleManager: Shutting down and abandoning module AudioFormatOpus (121)
[2018.08.06-19.54.44:423][455]LogModuleManager: Shutting down and abandoning module AudioFormatOgg (119)
[2018.08.06-19.54.44:423][455]LogModuleManager: Shutting down and abandoning module AudioFormatADPCM (117)
[2018.08.06-19.54.44:423][455]LogModuleManager: Shutting down and abandoning module LinuxTargetPlatform (115)
[2018.08.06-19.54.44:423][455]LogModuleManager: Shutting down and abandoning module LinuxServerTargetPlatform (113)
[2018.08.06-19.54.44:423][455]LogModuleManager: Shutting down and abandoning module LinuxNoEditorTargetPlatform (111)
[2018.08.06-19.54.44:423][455]LogModuleManager: Shutting down and abandoning module LinuxClientTargetPlatform (109)
[2018.08.06-19.54.44:423][455]LogModuleManager: Shutting down and abandoning module TVOSTargetPlatform (107)
[2018.08.06-19.54.44:423][455]LogModuleManager: Shutting down and abandoning module Messaging (105)
[2018.08.06-19.54.44:423][455]LogModuleManager: Shutting down and abandoning module IOSTargetPlatform (103)
[2018.08.06-19.54.44:423][455]LogModuleManager: Shutting down and abandoning module HTML5TargetPlatform (101)
[2018.08.06-19.54.44:423][455]LogModuleManager: Shutting down and abandoning module AndroidTargetPlatform (99)
[2018.08.06-19.54.44:423][455]LogModuleManager: Shutting down and abandoning module Android_PVRTCTargetPlatform (97)
[2018.08.06-19.54.44:423][455]LogModuleManager: Shutting down and abandoning module Android_MultiTargetPlatform (95)
[2018.08.06-19.54.44:423][455]LogModuleManager: Shutting down and abandoning module Android_ETC2TargetPlatform (93)
[2018.08.06-19.54.44:423][455]LogModuleManager: Shutting down and abandoning module Android_ETC1TargetPlatform (91)
[2018.08.06-19.54.44:423][455]LogModuleManager: Shutting down and abandoning module Android_DXTTargetPlatform (89)
[2018.08.06-19.54.44:423][455]LogModuleManager: Shutting down and abandoning module Android_ATCTargetPlatform (87)
[2018.08.06-19.54.44:423][455]LogModuleManager: Shutting down and abandoning module Android_ASTCTargetPlatform (85)
[2018.08.06-19.54.44:423][455]LogModuleManager: Shutting down and abandoning module WindowsTargetPlatform (83)
[2018.08.06-19.54.44:423][455]LogModuleManager: Shutting down and abandoning module WindowsServerTargetPlatform (81)
[2018.08.06-19.54.44:423][455]LogModuleManager: Shutting down and abandoning module WindowsNoEditorTargetPlatform (79)
[2018.08.06-19.54.44:423][455]LogModuleManager: Shutting down and abandoning module WindowsClientTargetPlatform (77)
[2018.08.06-19.54.44:423][455]LogModuleManager: Shutting down and abandoning module MacTargetPlatform (75)
[2018.08.06-19.54.44:423][455]LogModuleManager: Shutting down and abandoning module MacServerTargetPlatform (73)
[2018.08.06-19.54.44:423][455]LogModuleManager: Shutting down and abandoning module MacNoEditorTargetPlatform (71)
[2018.08.06-19.54.44:423][455]LogModuleManager: Shutting down and abandoning module MacClientTargetPlatform (69)
[2018.08.06-19.54.44:423][455]LogModuleManager: Shutting down and abandoning module AllDesktopTargetPlatform (67)
[2018.08.06-19.54.44:423][455]LogModuleManager: Shutting down and abandoning module InputCore (64)
[2018.08.06-19.54.44:424][455]LogModuleManager: Shutting down and abandoning module Settings (62)
[2018.08.06-19.54.44:424][455]LogModuleManager: Shutting down and abandoning module PhysXCooking (60)
[2018.08.06-19.54.44:424][455]LogModuleManager: Shutting down and abandoning module SteamVR (58)
[2018.08.06-19.54.44:424][455]LogModuleManager: Shutting down and abandoning module OculusHMD (56)
[2018.08.06-19.54.44:424][455]LogModuleManager: Shutting down and abandoning module ExampleDeviceProfileSelector (54)
[2018.08.06-19.54.44:424][455]LogModuleManager: Shutting down and abandoning module AppleARKit (52)
[2018.08.06-19.54.44:424][455]LogModuleManager: Shutting down and abandoning module AugmentedReality (51)
[2018.08.06-19.54.44:424][455]LogModuleManager: Shutting down and abandoning module OnlineBlueprintSupport (48)
[2018.08.06-19.54.44:424][455]LogModuleManager: Shutting down and abandoning module OnlineSubsystem (44)
[2018.08.06-19.54.44:429][455]LogModuleManager: Shutting down and abandoning module XMPP (43)
[2018.08.06-19.54.44:435][455]LogModuleManager: Shutting down and abandoning module HTTP (41)
[2018.08.06-19.54.44:435][455]LogHttp: Display: Http module shutting down, but needs to wait on 1 outstanding Http requests:
[2018.08.06-19.54.44:435][455]LogHttp: Display: 	verb=[POST] url=[https://datarouter.ol.epicgames.com/datarouter/api/v1/public/data?SessionID=%7B186391CD-4B35-BABD-A80C-F0BBB9A6EF61%7D&AppID=UEEditor.Rocket.Release&AppVersion=4.18.2-3794801%2B%2B%2BUE4%2BRelease-4.18&UserID=7ecfb0fb4b05d227c1ea07ad8327072f%7C3f5323921f214845ab758bd89726b713%7C5706eedc-39df-4408-bf06-1d219d8aa549&AppEnvironment=datacollector-binary&UploadType=eteventstream] status=Processing
[2018.08.06-19.54.44:465][455]LogModuleManager: Shutting down and abandoning module SSL (40)
[2018.08.06-19.54.44:466][455]LogModuleManager: Shutting down and abandoning module AnimationModifiers (36)
[2018.08.06-19.54.44:466][455]LogModuleManager: Shutting down and abandoning module PropertyEditor (35)
[2018.08.06-19.54.44:466][455]LogModuleManager: Shutting down and abandoning module AudioEditor (32)
[2018.08.06-19.54.44:471][455]LogModuleManager: Shutting down and abandoning module TextureCompressor (30)
[2018.08.06-19.54.44:471][455]LogModuleManager: Shutting down and abandoning module ShaderCore (28)
[2018.08.06-19.54.44:471][455]LogModuleManager: Shutting down and abandoning module Landscape (26)
[2018.08.06-19.54.44:471][455]LogModuleManager: Shutting down and abandoning module SlateRHIRenderer (24)
[2018.08.06-19.54.44:481][455]LogModuleManager: Shutting down and abandoning module OpenGLDrv (22)
[2018.08.06-19.54.44:488][455]LogModuleManager: Shutting down and abandoning module D3D11RHI (20)
[2018.08.06-19.54.44:488][455]LogModuleManager: Shutting down and abandoning module AnimGraphRuntime (18)
[2018.08.06-19.54.44:488][455]LogModuleManager: Shutting down and abandoning module Renderer (16)
[2018.08.06-19.54.44:488][455]LogModuleManager: Shutting down and abandoning module Engine (14)
[2018.08.06-19.54.44:488][455]LogModuleManager: Shutting down and abandoning module CoreUObject (12)
[2018.08.06-19.54.44:488][455]LogModuleManager: Shutting down and abandoning module NetworkFile (10)
[2018.08.06-19.54.44:488][455]LogModuleManager: Shutting down and abandoning module CookedIterativeFile (8)
[2018.08.06-19.54.44:488][455]LogModuleManager: Shutting down and abandoning module StreamingFile (6)
[2018.08.06-19.54.44:488][455]LogModuleManager: Shutting down and abandoning module SandboxFile (4)
[2018.08.06-19.54.44:488][455]LogModuleManager: Shutting down and abandoning module PakFile (2)
[2018.08.06-19.54.44:491][455]LogExit: Exiting.
[2018.08.06-19.54.44:499][455]Log file closed, 08/06/18 15:54:44
