Log file open, 07/20/18 17:37:56
LogWindows: Failed to load 'aqProf.dll' (GetLastError=126)
LogWindows: File 'aqProf.dll' does not exist
LogWindows: Failed to load 'VSPerf140.dll' (GetLastError=126)
LogWindows: File 'VSPerf140.dll' does not exist
LogWindows: Failed to load 'VtuneApi.dll' (GetLastError=126)
LogWindows: File 'VtuneApi.dll' does not exist
LogWindows: Failed to load 'VtuneApi32e.dll' (GetLastError=126)
LogWindows: File 'VtuneApi32e.dll' does not exist
LogInit: Display: Running engine for game: SKnightPrototype_01
LogPlatformFile: Not using cached read wrapper
LogInit: Display: RandInit(-1187093065) SRandInit(-1187093065).
LogInit: Read version file with build ID '3709383'
LogInit: Overriding engine version to CL 3794801, compatible CL 3709383
LogInit: Registered custom module enumerator with build ID '3709383'
LogTaskGraph: Started task graph with 5 named threads and 14 total threads with 3 sets of task threads.
LogStats: Stats thread started at 0.175199
LogD3D11RHI: Aftermath initialized
LogModuleManager: Display: Found up-to-date module file ../../../Engine/Plugins/2D/Paper2D/Binaries/Win64/UE4Editor-Paper2D.dll (API version 3709383).
LogModuleManager: Display: Found up-to-date module file ../../../Engine/Plugins/2D/Paper2D/Binaries/Win64/UE4Editor-Paper2DEditor.dll (API version 3709383).
LogModuleManager: Display: Found up-to-date module file ../../../Engine/Plugins/2D/Paper2D/Binaries/Win64/UE4Editor-PaperSpriteSheetImporter.dll (API version 3709383).
LogModuleManager: Display: Found up-to-date module file ../../../Engine/Plugins/2D/Paper2D/Binaries/Win64/UE4Editor-PaperTiledImporter.dll (API version 3709383).
LogModuleManager: Display: Found up-to-date module file ../../../Engine/Plugins/2D/Paper2D/Binaries/Win64/UE4Editor-SmartSnapping.dll (API version 3709383).
LogModuleManager: Display: Found up-to-date module file ../../../Engine/Plugins/Blendables/LightPropagationVolume/Binaries/Win64/UE4Editor-LightPropagationVolumeRuntime.dll (API version 3709383).
LogModuleManager: Display: Found up-to-date module file ../../../Engine/Plugins/Blendables/LightPropagationVolume/Binaries/Win64/UE4Editor-LightPropagationVolumeEditor.dll (API version 3709383).
LogModuleManager: Display: Found up-to-date module file ../../../Engine/Plugins/Developer/GitSourceControl/Binaries/Win64/UE4Editor-GitSourceControl.dll (API version 3709383).
LogModuleManager: Display: Found up-to-date module file ../../../Engine/Plugins/Developer/PerforceSourceControl/Binaries/Win64/UE4Editor-PerforceSourceControl.dll (API version 3709383).
LogModuleManager: Display: Found up-to-date module file ../../../Engine/Plugins/Developer/SubversionSourceControl/Binaries/Win64/UE4Editor-SubversionSourceControl.dll (API version 3709383).
LogModuleManager: Display: Found up-to-date module file ../../../Engine/Plugins/Developer/UObjectPlugin/Binaries/Win64/UE4Editor-UObjectPlugin.dll (API version 3709383).
LogModuleManager: Display: Found up-to-date module file ../../../Engine/Plugins/Developer/VisualStudioCodeSourceCodeAccess/Binaries/Win64/UE4Editor-VisualStudioCodeSourceCodeAccess.dll (API version 3709383).
LogModuleManager: Display: Found up-to-date module file ../../../Engine/Plugins/Developer/VisualStudioSourceCodeAccess/Binaries/Win64/UE4Editor-VisualStudioSourceCodeAccess.dll (API version 3709383).
LogModuleManager: Display: Found up-to-date module file ../../../Engine/Plugins/Editor/AssetManagerEditor/Binaries/Win64/UE4Editor-AssetManagerEditor.dll (API version 3709383).
LogModuleManager: Display: Found up-to-date module file ../../../Engine/Plugins/Editor/AudioCapture/Binaries/Win64/UE4Editor-AudioCapture.dll (API version 3709383).
LogModuleManager: Display: Found up-to-date module file ../../../Engine/Plugins/Editor/FacialAnimation/Binaries/Win64/UE4Editor-FacialAnimation.dll (API version 3709383).
LogModuleManager: Display: Found up-to-date module file ../../../Engine/Plugins/Editor/FacialAnimation/Binaries/Win64/UE4Editor-FacialAnimationEditor.dll (API version 3709383).
LogModuleManager: Display: Found up-to-date module file ../../../Engine/Plugins/Editor/GameplayTagsEditor/Binaries/Win64/UE4Editor-GameplayTagsEditor.dll (API version 3709383).
LogModuleManager: Display: Found up-to-date module file ../../../Engine/Plugins/Editor/MobileLauncherProfileWizard/Binaries/Win64/UE4Editor-MobileLauncherProfileWizard.dll (API version 3709383).
LogModuleManager: Display: Found up-to-date module file ../../../Engine/Plugins/Editor/PluginBrowser/Binaries/Win64/UE4Editor-PluginBrowser.dll (API version 3709383).
LogModuleManager: Display: Found up-to-date module file ../../../Engine/Plugins/Editor/SpeedTreeImporter/Binaries/Win64/UE4Editor-SpeedTreeImporter.dll (API version 3709383).
LogModuleManager: Display: Found up-to-date module file ../../../Engine/Plugins/Experimental/AlembicImporter/Binaries/Win64/UE4Editor-AlembicImporter.dll (API version 3709383).
LogModuleManager: Display: Found up-to-date module file ../../../Engine/Plugins/Experimental/AlembicImporter/Binaries/Win64/UE4Editor-AlembicLibrary.dll (API version 3709383).
LogModuleManager: Display: Found up-to-date module file ../../../Engine/Plugins/Experimental/CharacterAI/Binaries/Win64/UE4Editor-CharacterAI.dll (API version 3709383).
LogModuleManager: Display: Found up-to-date module file ../../../Engine/Plugins/Experimental/HTML5Networking/Binaries/Win64/UE4Editor-HTML5Networking.dll (API version 3709383).
LogModuleManager: Display: Found up-to-date module file ../../../Engine/Plugins/Media/AndroidMedia/Binaries/Win64/UE4Editor-AndroidMediaEditor.dll (API version 3709383).
LogModuleManager: Display: Found up-to-date module file ../../../Engine/Plugins/Media/AndroidMedia/Binaries/Win64/UE4Editor-AndroidMediaFactory.dll (API version 3709383).
LogModuleManager: Display: Found up-to-date module file ../../../Engine/Plugins/Media/AvfMedia/Binaries/Win64/UE4Editor-AvfMediaEditor.dll (API version 3709383).
LogModuleManager: Display: Found up-to-date module file ../../../Engine/Plugins/Media/AvfMedia/Binaries/Win64/UE4Editor-AvfMediaFactory.dll (API version 3709383).
LogModuleManager: Display: Found up-to-date module file ../../../Engine/Plugins/Media/AvfMedia/Binaries/Win64/UE4Editor-AvfMediaFactory.dll (API version 3709383).
LogModuleManager: Display: Found up-to-date module file ../../../Engine/Plugins/Media/ImgMedia/Binaries/Win64/UE4Editor-ImgMedia.dll (API version 3709383).
LogModuleManager: Display: Found up-to-date module file ../../../Engine/Plugins/Media/ImgMedia/Binaries/Win64/UE4Editor-ImgMediaEditor.dll (API version 3709383).
LogModuleManager: Display: Found up-to-date module file ../../../Engine/Plugins/Media/ImgMedia/Binaries/Win64/UE4Editor-ImgMediaFactory.dll (API version 3709383).
LogModuleManager: Display: Found up-to-date module file ../../../Engine/Plugins/Media/ImgMedia/Binaries/Win64/UE4Editor-ImgMediaFactory.dll (API version 3709383).
LogModuleManager: Display: Found up-to-date module file ../../../Engine/Plugins/Media/ImgMedia/Binaries/Win64/UE4Editor-OpenExrWrapper.dll (API version 3709383).
LogModuleManager: Display: Found up-to-date module file ../../../Engine/Plugins/Media/MediaCompositing/Binaries/Win64/UE4Editor-MediaCompositing.dll (API version 3709383).
LogModuleManager: Display: Found up-to-date module file ../../../Engine/Plugins/Media/MediaCompositing/Binaries/Win64/UE4Editor-MediaCompositingEditor.dll (API version 3709383).
LogModuleManager: Display: Found up-to-date module file ../../../Engine/Plugins/Media/MediaPlayerEditor/Binaries/Win64/UE4Editor-MediaPlayerEditor.dll (API version 3709383).
LogModuleManager: Display: Found up-to-date module file ../../../Engine/Plugins/Media/WmfMedia/Binaries/Win64/UE4Editor-WmfMedia.dll (API version 3709383).
LogModuleManager: Display: Found up-to-date module file ../../../Engine/Plugins/Media/WmfMedia/Binaries/Win64/UE4Editor-WmfMediaEditor.dll (API version 3709383).
LogModuleManager: Display: Found up-to-date module file ../../../Engine/Plugins/Media/WmfMedia/Binaries/Win64/UE4Editor-WmfMediaFactory.dll (API version 3709383).
LogModuleManager: Display: Found up-to-date module file ../../../Engine/Plugins/Media/WmfMedia/Binaries/Win64/UE4Editor-WmfMediaFactory.dll (API version 3709383).
LogModuleManager: Display: Found up-to-date module file ../../../Engine/Plugins/Messaging/TcpMessaging/Binaries/Win64/UE4Editor-TcpMessaging.dll (API version 3709383).
LogModuleManager: Display: Found up-to-date module file ../../../Engine/Plugins/Messaging/UdpMessaging/Binaries/Win64/UE4Editor-UdpMessaging.dll (API version 3709383).
LogModuleManager: Display: Found up-to-date module file ../../../Engine/Plugins/MovieScene/ActorSequence/Binaries/Win64/UE4Editor-ActorSequence.dll (API version 3709383).
LogModuleManager: Display: Found up-to-date module file ../../../Engine/Plugins/MovieScene/LevelSequenceEditor/Binaries/Win64/UE4Editor-LevelSequenceEditor.dll (API version 3709383).
LogModuleManager: Display: Found up-to-date module file ../../../Engine/Plugins/MovieScene/MatineeToLevelSequence/Binaries/Win64/UE4Editor-MatineeToLevelSequence.dll (API version 3709383).
LogModuleManager: Display: Found up-to-date module file ../../../Engine/Plugins/Online/OnlineSubsystem/Binaries/Win64/UE4Editor-OnlineSubsystem.dll (API version 3709383).
LogModuleManager: Display: Found up-to-date module file ../../../Engine/Plugins/Runtime/AndroidPermission/Binaries/Win64/UE4Editor-AndroidPermission.dll (API version 3709383).
LogModuleManager: Display: Found up-to-date module file ../../../Engine/Plugins/Online/OnlineSubsystemNull/Binaries/Win64/UE4Editor-OnlineSubsystemNull.dll (API version 3709383).
LogModuleManager: Display: Found up-to-date module file ../../../Engine/Plugins/Online/OnlineSubsystemUtils/Binaries/Win64/UE4Editor-OnlineSubsystemUtils.dll (API version 3709383).
LogModuleManager: Display: Found up-to-date module file ../../../Engine/Plugins/Online/OnlineSubsystemUtils/Binaries/Win64/UE4Editor-OnlineBlueprintSupport.dll (API version 3709383).
LogModuleManager: Display: Found up-to-date module file ../../../Engine/Plugins/Runtime/AndroidDeviceProfileSelector/Binaries/Win64/UE4Editor-AndroidDeviceProfileSelector.dll (API version 3709383).
LogModuleManager: Display: Found up-to-date module file ../../../Engine/Plugins/Runtime/AppleARKit/Binaries/Win64/UE4Editor-AppleARKit.dll (API version 3709383).
LogModuleManager: Display: Found up-to-date module file ../../../Engine/Plugins/Runtime/ArchVisCharacter/Binaries/Win64/UE4Editor-ArchVisCharacter.dll (API version 3709383).
LogModuleManager: Display: Found up-to-date module file ../../../Engine/Plugins/Runtime/CableComponent/Binaries/Win64/UE4Editor-CableComponent.dll (API version 3709383).
LogModuleManager: Display: Found up-to-date module file ../../../Engine/Plugins/Runtime/CustomMeshComponent/Binaries/Win64/UE4Editor-CustomMeshComponent.dll (API version 3709383).
LogModuleManager: Display: Found up-to-date module file ../../../Engine/Plugins/Runtime/ExampleDeviceProfileSelector/Binaries/Win64/UE4Editor-ExampleDeviceProfileSelector.dll (API version 3709383).
LogModuleManager: Display: Found up-to-date module file ../../../Engine/Plugins/Runtime/ImmediatePhysics/Binaries/Win64/UE4Editor-ImmediatePhysics.dll (API version 3709383).
LogModuleManager: Display: Found up-to-date module file ../../../Engine/Plugins/Runtime/ImmediatePhysics/Binaries/Win64/UE4Editor-ImmediatePhysicsEditor.dll (API version 3709383).
LogModuleManager: Display: Found up-to-date module file ../../../Engine/Plugins/Runtime/LocationServicesBPLibrary/Binaries/Win64/UE4Editor-LocationServicesBPLibrary.dll (API version 3709383).
LogModuleManager: Display: Found up-to-date module file ../../../Engine/Plugins/Runtime/MobilePatchingUtils/Binaries/Win64/UE4Editor-MobilePatchingUtils.dll (API version 3709383).
LogModuleManager: Display: Found up-to-date module file ../../../Engine/Plugins/Runtime/Oculus/OculusVR/Binaries/Win64/UE4Editor-OculusHMD.dll (API version 3709383).
LogModuleManager: Display: Found up-to-date module file ../../../Engine/Plugins/Runtime/Oculus/OculusVR/Binaries/Win64/UE4Editor-OculusInput.dll (API version 3709383).
LogModuleManager: Display: Found up-to-date module file ../../../Engine/Plugins/Runtime/Oculus/OculusVR/Binaries/Win64/UE4Editor-OculusEditor.dll (API version 3709383).
LogModuleManager: Display: Found up-to-date module file ../../../Engine/Plugins/Runtime/PhysXVehicles/Binaries/Win64/UE4Editor-PhysXVehicles.dll (API version 3709383).
LogModuleManager: Display: Found up-to-date module file ../../../Engine/Plugins/Runtime/PhysXVehicles/Binaries/Win64/UE4Editor-PhysXVehiclesEditor.dll (API version 3709383).
LogModuleManager: Display: Found up-to-date module file ../../../Engine/Plugins/Runtime/ProceduralMeshComponent/Binaries/Win64/UE4Editor-ProceduralMeshComponent.dll (API version 3709383).
LogModuleManager: Display: Found up-to-date module file ../../../Engine/Plugins/Runtime/ProceduralMeshComponent/Binaries/Win64/UE4Editor-ProceduralMeshComponentEditor.dll (API version 3709383).
LogModuleManager: Display: Found up-to-date module file ../../../Engine/Plugins/Runtime/RuntimePhysXCooking/Binaries/Win64/UE4Editor-RuntimePhysXCooking.dll (API version 3709383).
LogModuleManager: Display: Found up-to-date module file ../../../Engine/Plugins/Runtime/Steam/SteamVR/Binaries/Win64/UE4Editor-SteamVR.dll (API version 3709383).
LogModuleManager: Display: Found up-to-date module file ../../../Engine/Plugins/Runtime/Steam/SteamVR/Binaries/Win64/UE4Editor-SteamVRController.dll (API version 3709383).
LogModuleManager: Display: Found up-to-date module file ../../../Engine/Plugins/Runtime/WindowsMoviePlayer/Binaries/Win64/UE4Editor-WindowsMoviePlayer.dll (API version 3709383).
LogPluginManager: Mounting plugin Paper2D
LogPluginManager: Mounting plugin LightPropagationVolume
LogPluginManager: Mounting plugin CodeLiteSourceCodeAccess
LogPluginManager: Mounting plugin GitSourceControl
LogPluginManager: Mounting plugin KDevelopSourceCodeAccess
LogPluginManager: Mounting plugin NullSourceCodeAccess
LogPluginManager: Mounting plugin PerforceSourceControl
LogPluginManager: Mounting plugin SubversionSourceControl
LogPluginManager: Mounting plugin UObjectPlugin
LogPluginManager: Mounting plugin VisualStudioCodeSourceCodeAccess
LogPluginManager: Mounting plugin VisualStudioSourceCodeAccess
LogPluginManager: Mounting plugin XCodeSourceCodeAccess
LogPluginManager: Mounting plugin AssetManagerEditor
LogPluginManager: Mounting plugin AudioCapture
LogPluginManager: Mounting plugin FacialAnimation
LogPluginManager: Mounting plugin GameplayTagsEditor
LogPluginManager: Mounting plugin MobileLauncherProfileWizard
LogPluginManager: Mounting plugin PluginBrowser
LogPluginManager: Mounting plugin SpeedTreeImporter
LogPluginManager: Mounting plugin AlembicImporter
LogPluginManager: Mounting plugin CharacterAI
LogPluginManager: Mounting plugin HTML5Networking
LogPluginManager: Mounting plugin AndroidMedia
LogPluginManager: Mounting plugin AvfMedia
LogPluginManager: Mounting plugin ImgMedia
LogPluginManager: Mounting plugin MediaCompositing
LogPluginManager: Mounting plugin MediaPlayerEditor
LogPluginManager: Mounting plugin WmfMedia
LogPluginManager: Mounting plugin TcpMessaging
LogPluginManager: Mounting plugin UdpMessaging
LogPluginManager: Mounting plugin ActorSequence
LogPluginManager: Mounting plugin LevelSequenceEditor
LogPluginManager: Mounting plugin MatineeToLevelSequence
LogPluginManager: Mounting plugin OnlineSubsystemGooglePlay
LogPluginManager: Mounting plugin OnlineSubsystemIOS
LogPluginManager: Mounting plugin OnlineSubsystem
LogPluginManager: Mounting plugin OnlineSubsystemNull
LogPluginManager: Mounting plugin OnlineSubsystemUtils
LogPluginManager: Mounting plugin AndroidDeviceProfileSelector
LogPluginManager: Mounting plugin AndroidMoviePlayer
LogPluginManager: Mounting plugin AndroidPermission
LogPluginManager: Mounting plugin AppleARKit
LogPluginManager: Mounting plugin AppleMoviePlayer
LogPluginManager: Mounting plugin ArchVisCharacter
LogPluginManager: Mounting plugin CableComponent
LogPluginManager: Mounting plugin CustomMeshComponent
LogPluginManager: Mounting plugin ExampleDeviceProfileSelector
LogPluginManager: Mounting plugin GoogleCloudMessaging
LogPluginManager: Mounting plugin ImmediatePhysics
LogPluginManager: Mounting plugin IOSDeviceProfileSelector
LogPluginManager: Mounting plugin LinuxDeviceProfileSelector
LogPluginManager: Mounting plugin LocationServicesBPLibrary
LogPluginManager: Mounting plugin MobilePatchingUtils
LogPluginManager: Mounting plugin OculusVR
LogPluginManager: Plugin shader directory ../../../Engine/Plugins/Runtime/Oculus/OculusVR/Shaders found
LogPluginManager: Mapping shader source directory ../../../Engine/Plugins/Runtime/Oculus/OculusVR/Shaders to virtual directory /Plugin/OculusVR
LogPluginManager: Mounting plugin PhysXVehicles
LogPluginManager: Mounting plugin ProceduralMeshComponent
LogPluginManager: Mounting plugin RuntimePhysXCooking
LogPluginManager: Mounting plugin SteamVR
LogPluginManager: Mounting plugin WindowsMoviePlayer
LogInit: Using libcurl 7.47.1
LogInit:  - built for x86_64-pc-win32
LogInit:  - supports SSL with OpenSSL/1.0.2g
LogInit:  - supports HTTP deflate (compression) using libz 1.2.8
LogInit:  - other features:
LogInit:      CURL_VERSION_SSL
LogInit:      CURL_VERSION_LIBZ
LogInit:      CURL_VERSION_IPV6
LogInit:      CURL_VERSION_ASYNCHDNS
LogInit:      CURL_VERSION_LARGEFILE
LogInit:      CURL_VERSION_IDN
LogInit:  CurlRequestOptions (configurable via config and command line):
LogInit:  - bVerifyPeer = false  - Libcurl will NOT verify peer certificate
LogInit:  - bUseHttpProxy = false  - Libcurl will NOT use HTTP proxy
LogInit:  - bDontReuseConnections = false  - Libcurl will reuse connections
LogInit:  - CertBundlePath = nullptr  - Libcurl will use whatever was configured at build time.
LogInit: Build: ++UE4+Release-4.18-CL-3794801
LogInit: Engine Version: 4.18.2-3794801+++UE4+Release-4.18
LogInit: Compatible Engine Version: 4.18.0-3709383+++UE4+Release-4.18
LogInit: Net CL: 3709383
LogDevObjectVersion: Number of dev versions registered: 16
LogDevObjectVersion:   Dev-Blueprints (B0D832E4-1F89-4F0D-ACCF-7EB736FD4AA2): 10
LogDevObjectVersion:   Dev-Build (E1C64328-A22C-4D53-A36C-8E866417BD8C): 0
LogDevObjectVersion:   Dev-Core (375EC13C-06E4-48FB-B500-84F0262A717E): 2
LogDevObjectVersion:   Dev-Editor (E4B068ED-F494-42E9-A231-DA0B2E46BB41): 20
LogDevObjectVersion:   Dev-Framework (CFFC743F-43B0-4480-9391-14DF171D2073): 30
LogDevObjectVersion:   Dev-Mobile (B02B49B5-BB20-44E9-A304-32B752E40360): 0
LogDevObjectVersion:   Dev-Networking (A4E4105C-59A1-49B5-A7C5-40C4547EDFEE): 0
LogDevObjectVersion:   Dev-Online (39C831C9-5AE6-47DC-9A44-9C173E1C8E7C): 0
LogDevObjectVersion:   Dev-Physics (78F01B33-EBEA-4F98-B9B4-84EACCB95AA2): 0
LogDevObjectVersion:   Dev-Platform (6631380F-2D4D-43E0-8009-CF276956A95A): 0
LogDevObjectVersion:   Dev-Rendering (12F88B9F-8875-4AFC-A67C-D90C383ABD29): 20
LogDevObjectVersion:   Dev-Sequencer (7B5AE74C-D270-4C10-A958-57980B212A5A): 4
LogDevObjectVersion:   Dev-VR (D7296918-1DD6-4BDD-9DE2-64A83CC13884): 0
LogDevObjectVersion:   Dev-LoadTimes (C2A15278-BFE7-4AFE-6C17-90FF531DF755): 1
LogDevObjectVersion:   Private-Geometry (6EACA3D4-40EC-4CC1-B786-8BED09428FC5): 1
LogDevObjectVersion:   Dev-AnimPhys (29E575DD-E0A3-4627-9D10-D276232CDCEA): 12
LogInit: Compiled (64-bit): Dec  8 2017 02:04:53
LogInit: Compiled with Visual C++: 19.00.24215.01
LogInit: Build Configuration: Development
LogInit: Branch Name: ++UE4+Release-4.18
LogInit: Command line:  
LogInit: Base directory: D:/Program Files (x86)/Epic Games/4.15/UE_4.18/Engine/Binaries/Win64/
LogInit: Installed Engine Build: 1
LogInit: Presizing for max 8388607 objects, including 0 objects not considered by GC, pre-allocating 0 bytes for permanent pool.
LogInit: Object subsystem initialized
[2018.07.20-21.37.57:726][  0]LogInit: Selected Device Profile: [Windows]
[2018.07.20-21.37.57:726][  0]LogInit: Applying CVar settings loaded from the selected device profile: [Windows]
[2018.07.20-21.37.57:735][  0]LogInit: Computer: DESKTOP-0NODL4J
[2018.07.20-21.37.57:735][  0]LogInit: User: Ownewr
[2018.07.20-21.37.57:735][  0]LogInit: CPU Page size=4096, Cores=4
[2018.07.20-21.37.57:735][  0]LogInit: High frequency timer resolution =3.906250 MHz
[2018.07.20-21.37.57:735][  0]LogMemory: Memory total: Physical=15.9GB (16GB approx)
[2018.07.20-21.37.57:735][  0]LogMemory: Platform Memory Stats for Windows
[2018.07.20-21.37.57:735][  0]LogMemory: Process Physical Memory: 271.98 MB used, 271.98 MB peak
[2018.07.20-21.37.57:735][  0]LogMemory: Process Virtual Memory: 269.93 MB used, 269.93 MB peak
[2018.07.20-21.37.57:735][  0]LogMemory: Physical Memory: 7433.56 MB used,  8892.08 MB free, 16325.64 MB total
[2018.07.20-21.37.57:735][  0]LogMemory: Virtual Memory: 4764.59 MB used,  8892.08 MB free, 134217728.00 MB total
[2018.07.20-21.37.57:838][  0]LogInit: Using OS detected language (en-US).
[2018.07.20-21.37.57:838][  0]LogInit: Using OS detected locale (en-US).
[2018.07.20-21.37.57:841][  0]LogTextLocalizationManager: No specific localization for 'en-US' exists, so the 'en' localization will be used.
[2018.07.20-21.37.58:165][  0]LogInit: Setting process to per monitor DPI aware
[2018.07.20-21.37.58:427][  0]LogD3D11RHI: D3D11 adapters:
[2018.07.20-21.37.58:470][  0]LogD3D11RHI:    0. 'NVIDIA GeForce GTX 1070' (Feature Level 11_0)
[2018.07.20-21.37.58:470][  0]LogD3D11RHI:       8088/0/8162 MB DedicatedVideo/DedicatedSystem/SharedSystem, Outputs:3, VendorId:0x10de
[2018.07.20-21.37.58:472][  0]LogD3D11RHI:    1. 'Microsoft Basic Render Driver' (Feature Level 11_0)
[2018.07.20-21.37.58:472][  0]LogD3D11RHI:       0/0/8162 MB DedicatedVideo/DedicatedSystem/SharedSystem, Outputs:0, VendorId:0x1414
[2018.07.20-21.37.58:472][  0]LogD3D11RHI: Chosen D3D11 Adapter: 0
[2018.07.20-21.37.58:478][  0]LogD3D11RHI: Creating new Direct3DDevice
[2018.07.20-21.37.58:478][  0]LogD3D11RHI:     GPU DeviceId: 0x1b81 (for the marketing name, search the web for "GPU Device Id")
[2018.07.20-21.37.58:478][  0]LogWindows: EnumDisplayDevices:
[2018.07.20-21.37.58:478][  0]LogWindows:    0. 'NVIDIA GeForce GTX 1070' (P:0 D:1)
[2018.07.20-21.37.58:478][  0]LogWindows:    1. 'NVIDIA GeForce GTX 1070' (P:1 D:1)
[2018.07.20-21.37.58:479][  0]LogWindows:    2. 'NVIDIA GeForce GTX 1070' (P:0 D:1)
[2018.07.20-21.37.58:479][  0]LogWindows:    3. 'NVIDIA GeForce GTX 1070' (P:0 D:0)
[2018.07.20-21.37.58:479][  0]LogWindows: DebugString: GetVideoDriverDetailsInvalid PrimaryIsNotTheChoosenAdapter GetVideoDriverDetailsInvalid PrimaryIsNotTheChoosenAdapter GetVideoDriverDetailsInvalid PrimaryIsNotTheChoosenAdapter GetVideoDriverDetailsInvalid PrimaryIsNotTheChoosenAdapter FoundDriverCount:0 
[2018.07.20-21.37.58:479][  0]LogD3D11RHI:     Adapter Name: NVIDIA GeForce GTX 1070
[2018.07.20-21.37.58:479][  0]LogD3D11RHI:   Driver Version: Unknown (internal:Unknown, unified:Unknown)
[2018.07.20-21.37.58:479][  0]LogD3D11RHI:      Driver Date: Unknown
[2018.07.20-21.37.58:479][  0]LogRHI: Texture pool is 5661 MB (70% of 8088 MB)
[2018.07.20-21.37.58:507][  0]LogD3D11RHI: Async texture creation enabled
[2018.07.20-21.37.58:526][  0]LogD3D11RHI: GPU Timing Frequency: 1000.000000 (Debug: 2 2)
[2018.07.20-21.37.58:617][  0]LogShaderCompilers: Guid format shader working directory is -32 characters bigger than the processId version (../../../../../../UnrealProjects/NewSugarKnight/SugarKnight/SKnightPrototype_01/Intermediate/Shaders/WorkingDirectory/9552/).
[2018.07.20-21.37.58:617][  0]LogShaderCompilers: Cleaned the shader compiler working directory 'C:/Users/Ownewr/AppData/Local/Temp/UnrealShaderWorkingDir/615CFA3A47D0211DF5C3F3A4928DDD76/'.
[2018.07.20-21.37.58:617][  0]LogShaderCompilers: Display: Using Local Shader Compiler.
[2018.07.20-21.37.59:315][  0]LogTemp: Display: Loaded TP AllDesktopTargetPlatform
[2018.07.20-21.37.59:352][  0]LogTemp: Display: Loaded TP MacClientTargetPlatform
[2018.07.20-21.37.59:390][  0]LogTemp: Display: Loaded TP MacNoEditorTargetPlatform
[2018.07.20-21.37.59:429][  0]LogTemp: Display: Loaded TP MacServerTargetPlatform
[2018.07.20-21.37.59:465][  0]LogTemp: Display: Loaded TP MacTargetPlatform
[2018.07.20-21.37.59:503][  0]LogTemp: Display: Loaded TP WindowsClientTargetPlatform
[2018.07.20-21.37.59:541][  0]LogTemp: Display: Loaded TP WindowsNoEditorTargetPlatform
[2018.07.20-21.37.59:593][  0]LogTemp: Display: Loaded TP WindowsServerTargetPlatform
[2018.07.20-21.37.59:624][  0]LogTemp: Display: Loaded TP WindowsTargetPlatform
[2018.07.20-21.37.59:659][  0]LogTemp: Display: Loaded TP Android_ASTCTargetPlatform
[2018.07.20-21.37.59:694][  0]LogTemp: Display: Loaded TP Android_ATCTargetPlatform
[2018.07.20-21.37.59:733][  0]LogTemp: Display: Loaded TP Android_DXTTargetPlatform
[2018.07.20-21.37.59:769][  0]LogTemp: Display: Loaded TP Android_ETC1TargetPlatform
[2018.07.20-21.37.59:807][  0]LogTemp: Display: Loaded TP Android_ETC2TargetPlatform
[2018.07.20-21.37.59:884][  0]LogTemp: Display: Loaded TP Android_MultiTargetPlatform
[2018.07.20-21.37.59:884][  0]LogTemp: Display: Loaded TP Android_PVRTCTargetPlatform
[2018.07.20-21.37.59:920][  0]LogTemp: Display: Loaded TP AndroidTargetPlatform
[2018.07.20-21.37.59:946][  0]LogTemp: Display: Loaded TP HTML5TargetPlatform
[2018.07.20-21.38.00:019][  0]LogTemp: Display: Loaded TP IOSTargetPlatform
[2018.07.20-21.38.00:037][  0]LogTemp: Display: Loaded TP TVOSTargetPlatform
[2018.07.20-21.38.00:073][  0]LogTemp: Display: Loaded TP LinuxClientTargetPlatform
[2018.07.20-21.38.00:132][  0]LogTemp: Display: Loaded TP LinuxNoEditorTargetPlatform
[2018.07.20-21.38.00:184][  0]LogTemp: Display: Loaded TP LinuxServerTargetPlatform
[2018.07.20-21.38.00:238][  0]LogTemp: Display: Loaded TP LinuxTargetPlatform
[2018.07.20-21.38.00:238][  0]LogTargetPlatformManager: Display: Building Assets For Windows
[2018.07.20-21.38.00:608][  0]LogDerivedDataCache: Display: Max Cache Size: 512 MB
[2018.07.20-21.38.00:664][  0]LogDerivedDataCache: Loaded boot cache 0.06s 78MB C:/Users/Ownewr/AppData/Local/UnrealEngine/4.18/DerivedDataCache/Boot.ddc.
[2018.07.20-21.38.00:664][  0]LogDerivedDataCache: Display: Loaded Boot cache: C:/Users/Ownewr/AppData/Local/UnrealEngine/4.18/DerivedDataCache/Boot.ddc
[2018.07.20-21.38.00:664][  0]LogDerivedDataCache: FDerivedDataBackendGraph:  Pak pak cache file ../../../../../../UnrealProjects/NewSugarKnight/SugarKnight/SKnightPrototype_01/DerivedDataCache/DDC.ddp not found, will not use a pak cache.
[2018.07.20-21.38.00:664][  0]LogDerivedDataCache: Unable to find inner node Pak for hierarchical cache Hierarchy.
[2018.07.20-21.38.00:664][  0]LogDerivedDataCache: FDerivedDataBackendGraph:  CompressedPak pak cache file ../../../../../../UnrealProjects/NewSugarKnight/SugarKnight/SKnightPrototype_01/DerivedDataCache/Compressed.ddp not found, will not use a pak cache.
[2018.07.20-21.38.00:664][  0]LogDerivedDataCache: Unable to find inner node CompressedPak for hierarchical cache Hierarchy.
[2018.07.20-21.38.00:677][  0]LogDerivedDataCache: Display: Pak cache opened for reading ../../../Engine/DerivedDataCache/Compressed.ddp.
[2018.07.20-21.38.00:689][  0]LogDerivedDataCache: Using Local data cache path C:/Users/Ownewr/AppData/Local/UnrealEngine/Common/DerivedDataCache: Writable
[2018.07.20-21.38.00:697][  0]LogMaterial: Verifying Global Shaders for PCD3D_SM5
[2018.07.20-21.38.00:697][  0]LogSlate: Using Freetype 2.6.0
[2018.07.20-21.38.00:698][  0]LogSlate: SlateFontCache - WITH_FREETYPE: 1, WITH_HARFBUZZ: 1
[2018.07.20-21.38.00:698][  0]LogSlate: SlateFontCache - WITH_FREETYPE: 1, WITH_HARFBUZZ: 1
[2018.07.20-21.38.00:992][  0]LogInit: Selected Device Profile: [Windows]
[2018.07.20-21.38.01:245][  0]LogSimplygon: Simplygon DLL not present - disabling.
[2018.07.20-21.38.01:276][  0]LogMeshReduction: Using SimplygonSwarm for distributed automatic mesh merging
[2018.07.20-21.38.01:276][  0]LogMeshReduction: Using QuadricMeshReduction for automatic static mesh reduction
[2018.07.20-21.38.01:276][  0]LogMeshReduction: No automatic skeletal mesh reduction module available
[2018.07.20-21.38.01:277][  0]LogMeshReduction: No automatic mesh merging module available
[2018.07.20-21.38.01:277][  0]LogMeshMerging: No automatic mesh merging module available
[2018.07.20-21.38.01:312][  0]LogNetVersion: SKnightPrototype_01 , NetCL: 3709383, EngineNetVer: 2, GameNetVer: 0 (Checksum: 431312611)
[2018.07.20-21.38.01:443][  0]LogAssetRegistry: FAssetRegistry took 0.0251 seconds to start up
[2018.07.20-21.38.01:856][  0]LogPackageLocalizationCache: Processed 7 localized package path(s) for 2 prioritized culture(s) in 0.074011 seconds
[2018.07.20-21.38.01:861][  0]LogUObjectArray: 35900 objects as part of root set at end of initial load.
[2018.07.20-21.38.01:861][  0]LogUObjectAllocator: 7372016 out of 0 bytes used by permanent object pool.
[2018.07.20-21.38.01:861][  0]LogUObjectArray: CloseDisregardForGC: 0/0 objects in disregard for GC pool
[2018.07.20-21.38.01:900][  0]LogInit: WinSock: version 1.1 (2.2), MaxSocks=32767, MaxUdp=65467
[2018.07.20-21.38.04:160][  0]LogTcpMessaging: Initializing TcpMessaging bridge
[2018.07.20-21.38.04:199][  0]LogUdpMessaging: Initializing bridge on interface 0.0.0.0:0 to multicast group 230.0.0.1:6666.
[2018.07.20-21.38.04:777][  0]LogMaterial: Uniform references updated for custom material expression Custom.
[2018.07.20-21.38.05:137][  0]SourceControl: Source control is disabled
[2018.07.20-21.38.05:137][  0]SourceControl: Source control is disabled
[2018.07.20-21.38.05:181][  0]SourceControl: Source control is disabled
[2018.07.20-21.38.05:236][  0]SourceControl: Source control is disabled
[2018.07.20-21.38.05:916][  0]LogAndroidPermission: UAndroidPermissionCallbackProxy::GetInstance
[2018.07.20-21.38.06:148][  0]LogOcInput: OculusInput pre-init called
[2018.07.20-21.38.06:386][  0]LogEngine: Initializing Engine...
[2018.07.20-21.38.06:389][  0]LogHMD: Failed to initialize OpenVR with code 110
[2018.07.20-21.38.06:563][  0]LogStats: UGameplayTagsManager::ConstructGameplayTagTree: Construct from data asset -  0.000 s
[2018.07.20-21.38.06:563][  0]LogStats: UGameplayTagsManager::ConstructGameplayTagTree: GameplayTagTreeChangedEvent.Broadcast -  0.000 s
[2018.07.20-21.38.06:662][  0]LogAIModule: Creating AISystem for world Untitled
[2018.07.20-21.38.06:678][  0]LogInit: XAudio2 using 'Speakers (High Definition Audio Device)' : 2 channels at 44.1 kHz using 16 bits per sample (channel mask 0x3)
[2018.07.20-21.38.06:693][  0]LogInit: FAudioDevice initialized.
[2018.07.20-21.38.06:761][  0]LogDerivedDataCache: Saved boot cache 0.07s 78MB C:/Users/Ownewr/AppData/Local/UnrealEngine/4.18/DerivedDataCache/Boot.ddc.
[2018.07.20-21.38.06:769][  0]LogInit: Texture streaming: Enabled
[2018.07.20-21.38.06:841][  0]LogEngineSessionManager: EngineSessionManager initialized
[2018.07.20-21.38.06:940][  0]LogInit: Transaction tracking system initialized
[2018.07.20-21.38.07:163][  0]BlueprintLog: New page: Editor Load
[2018.07.20-21.38.07:855][  0]LocalizationService: Localization service is disabled
[2018.07.20-21.38.08:451][  0]LogConsoleResponse: Display: 
[2018.07.20-21.38.08:594][  0]LogCook: Display: Max memory allowance for cook 16384mb min free memory 0mb
[2018.07.20-21.38.08:594][  0]LogCook: Display: Mobile HDR setting 1
[2018.07.20-21.38.08:594][  0]LogGameplayTags: Display: UGameplayTagsManager::DoneAddingNativeTags. DelegateIsBound: 0
[2018.07.20-21.38.09:537][  0]LogFileCache: Scanning file cache for directory 'D:/Program Files (x86)/UnrealProjects/NewSugarKnight/SugarKnight/SKnightPrototype_01/Content/' took 0.01s
[2018.07.20-21.38.09:570][  0]SourceControl: Source control is disabled
[2018.07.20-21.38.09:570][  0]Cmd: MAP LOAD FILE="../../../../../../UnrealProjects/NewSugarKnight/SugarKnight/SKnightPrototype_01/Content/SideScrollerBP/Maps/SideScrollerExampleMap.umap" TEMPLATE=0 SHOWPROGRESS=1 FEATURELEVEL=3
[2018.07.20-21.38.09:570][  0]LightingResults: New page: Lighting Build
[2018.07.20-21.38.09:602][  0]MapCheck: New page: Map Check
[2018.07.20-21.38.09:602][  0]LightingResults: New page: Lighting Build
[2018.07.20-21.38.09:896][  0]LogAIModule: Creating AISystem for world SideScrollerExampleMap
[2018.07.20-21.38.09:907][  0]LogEditorServer: Finished looking for orphan Actors (0.000 secs)
[2018.07.20-21.38.09:916][  0]Cmd: MAP CHECKDEP NOCLEARLOG
[2018.07.20-21.38.09:964][  0]MapCheck: Map check complete: 0 Error(s), 0 Warning(s), took 47.031ms to complete.
[2018.07.20-21.38.09:964][  0]LogFileHelpers: Loading map 'SideScrollerExampleMap' took 0.394
[2018.07.20-21.38.10:135][  0]LogCollectionManager: Loaded 0 collections in 0.001636 seconds
[2018.07.20-21.38.10:221][  0]LogFileCache: Scanning file cache for directory 'D:/Program Files (x86)/UnrealProjects/NewSugarKnight/SugarKnight/SKnightPrototype_01/Saved/Collections/' took 0.01s
[2018.07.20-21.38.10:221][  0]LogFileCache: Scanning file cache for directory 'D:/Program Files (x86)/UnrealProjects/NewSugarKnight/SugarKnight/SKnightPrototype_01/Content/Developers/Ownewr/Collections/' took 0.01s
[2018.07.20-21.38.10:221][  0]LogFileCache: Scanning file cache for directory 'D:/Program Files (x86)/UnrealProjects/NewSugarKnight/SugarKnight/SKnightPrototype_01/Content/Collections/' took 0.01s
[2018.07.20-21.38.10:221][  0]LogCollectionManager: Rebuilt the GUID cache for 0 collections in 0.000000 seconds
[2018.07.20-21.38.10:227][  0]LogContentBrowser: Native class hierarchy populated in 0.0064 seconds. Added 2363 classes and 519 folders.
[2018.07.20-21.38.10:271][  0]LogContentBrowser: Native class hierarchy updated for 'WidgetCarousel' in 0.0002 seconds. Added 0 classes and 0 folders.
[2018.07.20-21.38.10:315][  0]LogContentBrowser: Native class hierarchy updated for 'AddContentDialog' in 0.0002 seconds. Added 0 classes and 0 folders.
[2018.07.20-21.38.10:349][  0]LogContentBrowser: Native class hierarchy updated for 'SceneOutliner' in 0.0003 seconds. Added 1 classes and 2 folders.
[2018.07.20-21.38.10:401][  0]LogSlate: Took 0.000308 seconds to synchronously load lazily loaded font '../../../Engine/Content/Slate/Fonts/Roboto-Regular.ttf' (155K)
[2018.07.20-21.38.10:404][  0]LogSlate: Took 0.000420 seconds to synchronously load lazily loaded font '../../../Engine/Content/Slate/Fonts/Roboto-Bold.ttf' (160K)
[2018.07.20-21.38.10:409][  0]LogSlate: Took 0.000245 seconds to synchronously load lazily loaded font '../../../Engine/Content/Editor/Slate/Fonts/FontAwesome.ttf' (139K)
[2018.07.20-21.38.10:483][  0]LogRenderer: Reallocating scene render targets to support 1208x576 Format 10 NumSamples 1 (Frame:1).
[2018.07.20-21.38.10:613][  0]LogContentBrowser: Native class hierarchy updated for 'HierarchicalLODOutliner' in 0.0002 seconds. Added 1 classes and 2 folders.
[2018.07.20-21.38.10:614][  0]LogLoad: (Engine Initialization) Total time: 15.16 seconds
[2018.07.20-21.38.10:614][  0]LogLoad: (Engine Initialization) Total Blueprint compile time: 0.00 seconds
[2018.07.20-21.38.10:614][  0]LogExternalProfiler: No external profilers were discovered.  External profiling features will not be available.
[2018.07.20-21.38.10:639][  0]LogWindowsTextInputMethodSystem: Display: IME system now deactivated.
[2018.07.20-21.38.10:654][  0]LogAssetRegistry: Asset discovery search completed in 9.2332 seconds
[2018.07.20-21.38.10:655][  0]LogCollectionManager: Rebuilt the object cache for 0 collections in 0.000001 seconds (found 0 objects)
[2018.07.20-21.38.10:655][  0]LogCollectionManager: Fixed up redirectors for 0 collections in 0.000036 seconds (updated 0 objects)
[2018.07.20-21.38.10:656][  0]LogContentStreaming: Texture pool size now 1000 MB
[2018.07.20-21.38.10:698][  0]LogSlate: Took 0.000239 seconds to synchronously load lazily loaded font '../../../Engine/Content/Slate/Fonts/Roboto-Light.ttf' (159K)
[2018.07.20-21.38.11:997][151]LogEditorViewport: Clicking on Actor (LMB): Landscape (Landscape1)
[2018.07.20-21.38.13:156][282]LogTemp: Repeating last play command: Selected Viewport
[2018.07.20-21.38.13:185][282]LogBlueprintUserMessages: Early PlayInEditor Detection: Level '/Game/SideScrollerBP/Maps/SideScrollerExampleMap.SideScrollerExampleMap:PersistentLevel' has LevelScriptBlueprint '/Game/SideScrollerBP/Maps/SideScrollerExampleMap.SideScrollerExampleMap:PersistentLevel.SideScrollerExampleMap' with GeneratedClass '/Game/SideScrollerBP/Maps/SideScrollerExampleMap.SideScrollerExampleMap_C' with ClassGeneratedBy '/Game/SideScrollerBP/Maps/SideScrollerExampleMap.SideScrollerExampleMap:PersistentLevel.SideScrollerExampleMap'
[2018.07.20-21.38.13:185][282]LogPlayLevel: PlayLevel: No blueprints needed recompiling
[2018.07.20-21.38.13:185][282]PIE: New page: PIE session: SideScrollerExampleMap (Jul 20, 2018, 1:38:13 PM)
[2018.07.20-21.38.13:185][282]LogPlayLevel: Creating play world package: /Game/SideScrollerBP/Maps/UEDPIE_0_SideScrollerExampleMap
[2018.07.20-21.38.13:229][282]LogPlayLevel: PIE: StaticDuplicateObject took: (0.043574s)
[2018.07.20-21.38.13:230][282]LogAIModule: Creating AISystem for world SideScrollerExampleMap
[2018.07.20-21.38.13:230][282]LogPlayLevel: PIE: World Init took: (0.000508s)
[2018.07.20-21.38.13:230][282]LogPlayLevel: PIE: Created PIE world by copying editor world from /Game/SideScrollerBP/Maps/SideScrollerExampleMap.SideScrollerExampleMap to /Game/SideScrollerBP/Maps/UEDPIE_0_SideScrollerExampleMap.SideScrollerExampleMap (0.044393s)
[2018.07.20-21.38.13:249][282]LogInit: XAudio2 using 'Speakers (High Definition Audio Device)' : 2 channels at 44.1 kHz using 16 bits per sample (channel mask 0x3)
[2018.07.20-21.38.13:256][282]LogInit: FAudioDevice initialized.
[2018.07.20-21.38.13:304][282]LogLoad: Game class is 'SideScrollerGameMode_C'
[2018.07.20-21.38.13:307][282]LogWorld: Bringing World /Game/SideScrollerBP/Maps/UEDPIE_0_SideScrollerExampleMap.SideScrollerExampleMap up for play (max tick rate 0) at 2018.07.20-17.38.13
[2018.07.20-21.38.13:307][282]LogWorld: Bringing up level for play took: 0.002568
[2018.07.20-21.38.13:336][282]LogContentBrowser: Native class hierarchy updated for 'MovieSceneCapture' in 0.0002 seconds. Added 11 classes and 0 folders.
[2018.07.20-21.38.13:337][282]PIE: Play in editor start time for /Game/SideScrollerBP/Maps/UEDPIE_0_SideScrollerExampleMap -0.053
[2018.07.20-21.38.13:337][282]LogBlueprintUserMessages: Late PlayInEditor Detection: Level '/Game/SideScrollerBP/Maps/SideScrollerExampleMap.SideScrollerExampleMap:PersistentLevel' has LevelScriptBlueprint '/Game/SideScrollerBP/Maps/SideScrollerExampleMap.SideScrollerExampleMap:PersistentLevel.SideScrollerExampleMap' with GeneratedClass '/Game/SideScrollerBP/Maps/SideScrollerExampleMap.SideScrollerExampleMap_C' with ClassGeneratedBy '/Game/SideScrollerBP/Maps/SideScrollerExampleMap.SideScrollerExampleMap:PersistentLevel.SideScrollerExampleMap'
[2018.07.20-21.38.23:015][438]LogCharacterMovement: SideScrollerCharacter_78 is stuck and failed to move! Velocity: X=0.00 Y=17.07 Z=0.00 Location: X=9190.00 Y=11012.90 Z=197.07 Normal: X=0.00 Y=0.00 Z=-1.00 PenetrationDepth:63.065 Actor:None Component:ModelComponent_190 BoneName:None (0 other events since notify)
[2018.07.20-21.38.30:432][326]LogCharacterMovement: SideScrollerCharacter_78 is stuck and failed to move! Velocity: X=0.00 Y=-17.07 Z=0.00 Location: X=9190.00 Y=11187.58 Z=197.07 Normal: X=0.00 Y=0.00 Z=-1.00 PenetrationDepth:63.065 Actor:None Component:ModelComponent_190 BoneName:None (19 other events since notify)
[2018.07.20-21.38.37:682][196]LogCharacterMovement: SideScrollerCharacter_78 is stuck and failed to move! Velocity: X=0.00 Y=17.07 Z=0.00 Location: X=9190.00 Y=11007.58 Z=197.07 Normal: X=0.00 Y=0.00 Z=-1.00 PenetrationDepth:63.065 Actor:None Component:ModelComponent_190 BoneName:None (7 other events since notify)
[2018.07.20-21.39.13:534][491]LogCharacterMovement: SideScrollerCharacter_78 is stuck and failed to move! Velocity: X=0.00 Y=18.99 Z=0.00 Location: X=9190.00 Y=10997.80 Z=197.07 Normal: X=0.00 Y=0.00 Z=-1.00 PenetrationDepth:63.065 Actor:None Component:ModelComponent_190 BoneName:None (19 other events since notify)
[2018.07.20-21.39.15:409][716]LogCharacterMovement: SideScrollerCharacter_78 is stuck and failed to move! Velocity: X=0.00 Y=-17.07 Z=0.00 Location: X=9190.00 Y=11182.90 Z=197.06 Normal: X=0.00 Y=0.00 Z=-1.00 PenetrationDepth:63.065 Actor:None Component:ModelComponent_190 BoneName:None (19 other events since notify)
[2018.07.20-21.39.16:617][861]LogCharacterMovement: SideScrollerCharacter_78 is stuck and failed to move! Velocity: X=0.00 Y=17.07 Z=0.00 Location: X=9190.00 Y=11011.02 Z=197.07 Normal: X=0.00 Y=0.00 Z=-1.00 PenetrationDepth:63.065 Actor:None Component:ModelComponent_190 BoneName:None (19 other events since notify)
[2018.07.20-21.39.18:509][ 88]LogCharacterMovement: SideScrollerCharacter_78 is stuck and failed to move! Velocity: X=0.00 Y=-17.07 Z=0.00 Location: X=9190.00 Y=11191.02 Z=197.07 Normal: X=0.00 Y=0.00 Z=-1.00 PenetrationDepth:63.065 Actor:None Component:ModelComponent_190 BoneName:None (17 other events since notify)
[2018.07.20-21.39.22:768][599]LogBlueprintUserMessages: Early EndPlayMap Detection: Level '/Game/SideScrollerBP/Maps/SideScrollerExampleMap.SideScrollerExampleMap:PersistentLevel' has LevelScriptBlueprint '/Game/SideScrollerBP/Maps/SideScrollerExampleMap.SideScrollerExampleMap:PersistentLevel.SideScrollerExampleMap' with GeneratedClass '/Game/SideScrollerBP/Maps/SideScrollerExampleMap.SideScrollerExampleMap_C' with ClassGeneratedBy '/Game/SideScrollerBP/Maps/SideScrollerExampleMap.SideScrollerExampleMap:PersistentLevel.SideScrollerExampleMap'
[2018.07.20-21.39.22:804][599]LogBlueprintUserMessages: Late EndPlayMap Detection: Level '/Game/SideScrollerBP/Maps/SideScrollerExampleMap.SideScrollerExampleMap:PersistentLevel' has LevelScriptBlueprint '/Game/SideScrollerBP/Maps/SideScrollerExampleMap.SideScrollerExampleMap:PersistentLevel.SideScrollerExampleMap' with GeneratedClass '/Game/SideScrollerBP/Maps/SideScrollerExampleMap.SideScrollerExampleMap_C' with ClassGeneratedBy '/Game/SideScrollerBP/Maps/SideScrollerExampleMap.SideScrollerExampleMap:PersistentLevel.SideScrollerExampleMap'
[2018.07.20-21.39.55:895][ 54]LogSlate: Took 0.000170 seconds to synchronously load lazily loaded font '../../../Engine/Content/Slate/Fonts/Roboto-Light.ttf' (159K)
[2018.07.20-21.39.56:150][ 54]LogContentBrowser: Native class hierarchy updated for 'BlueprintGraph' in 0.0005 seconds. Added 116 classes and 0 folders.
[2018.07.20-21.39.56:650][ 54]LogSlate: Took 0.000142 seconds to synchronously load lazily loaded font '../../../Engine/Content/Slate/Fonts/Roboto-Regular.ttf' (155K)
[2018.07.20-21.39.56:706][ 54]LogSlate: Took 0.000242 seconds to synchronously load lazily loaded font '../../../Engine/Content/Editor/Slate/Fonts/Roboto-BoldCondensed.ttf' (158K)
[2018.07.20-21.39.56:837][ 55]LogSlate: Took 0.000254 seconds to synchronously load lazily loaded font '../../../Engine/Content/Editor/Slate/Fonts/Roboto-Italic.ttf' (157K)
[2018.07.20-21.44.02:063][813]BlueprintLog: New page: Compile SideScrollerCharacter
[2018.07.20-21.44.13:281][  9]LogSavePackage: Save=58.59ms
[2018.07.20-21.44.13:281][  9]LogSavePackage: Moving '../../../../../../UnrealProjects/NewSugarKnight/SugarKnight/SKnightPrototype_01/Saved/SideScrollerCharacter4F20919C4A854028673D58B8170EF063.tmp' to '../../../../../../UnrealProjects/NewSugarKnight/SugarKnight/SKnightPrototype_01/Content/SideScrollerBP/Blueprints/SideScrollerCharacter.uasset'
[2018.07.20-21.44.13:286][  9]LogSavePackage: Display: Finished SavePackage ../../../../../../UnrealProjects/NewSugarKnight/SugarKnight/SKnightPrototype_01/Content/SideScrollerBP/Blueprints/SideScrollerCharacter.uasset
[2018.07.20-21.44.16:472][382]LogTemp: Repeating last play command: Selected Viewport
[2018.07.20-21.44.16:493][382]LogBlueprintUserMessages: Early PlayInEditor Detection: Level '/Game/SideScrollerBP/Maps/SideScrollerExampleMap.SideScrollerExampleMap:PersistentLevel' has LevelScriptBlueprint '/Game/SideScrollerBP/Maps/SideScrollerExampleMap.SideScrollerExampleMap:PersistentLevel.SideScrollerExampleMap' with GeneratedClass '/Game/SideScrollerBP/Maps/SideScrollerExampleMap.SideScrollerExampleMap_C' with ClassGeneratedBy '/Game/SideScrollerBP/Maps/SideScrollerExampleMap.SideScrollerExampleMap:PersistentLevel.SideScrollerExampleMap'
[2018.07.20-21.44.16:493][382]LogPlayLevel: PlayLevel: No blueprints needed recompiling
[2018.07.20-21.44.16:493][382]PIE: New page: PIE session: SideScrollerExampleMap (Jul 20, 2018, 1:44:16 PM)
[2018.07.20-21.44.16:493][382]LogPlayLevel: Creating play world package: /Game/SideScrollerBP/Maps/UEDPIE_0_SideScrollerExampleMap
[2018.07.20-21.44.16:524][382]LogPlayLevel: PIE: StaticDuplicateObject took: (0.030361s)
[2018.07.20-21.44.16:524][382]LogAIModule: Creating AISystem for world SideScrollerExampleMap
[2018.07.20-21.44.16:524][382]LogPlayLevel: PIE: World Init took: (0.000604s)
[2018.07.20-21.44.16:525][382]LogPlayLevel: PIE: Created PIE world by copying editor world from /Game/SideScrollerBP/Maps/SideScrollerExampleMap.SideScrollerExampleMap to /Game/SideScrollerBP/Maps/UEDPIE_0_SideScrollerExampleMap.SideScrollerExampleMap (0.031231s)
[2018.07.20-21.44.16:549][382]LogInit: XAudio2 using 'Speakers (High Definition Audio Device)' : 2 channels at 44.1 kHz using 16 bits per sample (channel mask 0x3)
[2018.07.20-21.44.16:557][382]LogInit: FAudioDevice initialized.
[2018.07.20-21.44.16:590][382]LogLoad: Game class is 'SideScrollerGameMode_C'
[2018.07.20-21.44.16:592][382]LogWorld: Bringing World /Game/SideScrollerBP/Maps/UEDPIE_0_SideScrollerExampleMap.SideScrollerExampleMap up for play (max tick rate 0) at 2018.07.20-17.44.16
[2018.07.20-21.44.16:592][382]LogWorld: Bringing up level for play took: 0.002115
[2018.07.20-21.44.16:593][382]PIE: Play in editor start time for /Game/SideScrollerBP/Maps/UEDPIE_0_SideScrollerExampleMap -0.797
[2018.07.20-21.44.16:593][382]LogBlueprintUserMessages: Late PlayInEditor Detection: Level '/Game/SideScrollerBP/Maps/SideScrollerExampleMap.SideScrollerExampleMap:PersistentLevel' has LevelScriptBlueprint '/Game/SideScrollerBP/Maps/SideScrollerExampleMap.SideScrollerExampleMap:PersistentLevel.SideScrollerExampleMap' with GeneratedClass '/Game/SideScrollerBP/Maps/SideScrollerExampleMap.SideScrollerExampleMap_C' with ClassGeneratedBy '/Game/SideScrollerBP/Maps/SideScrollerExampleMap.SideScrollerExampleMap:PersistentLevel.SideScrollerExampleMap'
[2018.07.20-21.44.26:859][611]LogBlueprintUserMessages: Early EndPlayMap Detection: Level '/Game/SideScrollerBP/Maps/SideScrollerExampleMap.SideScrollerExampleMap:PersistentLevel' has LevelScriptBlueprint '/Game/SideScrollerBP/Maps/SideScrollerExampleMap.SideScrollerExampleMap:PersistentLevel.SideScrollerExampleMap' with GeneratedClass '/Game/SideScrollerBP/Maps/SideScrollerExampleMap.SideScrollerExampleMap_C' with ClassGeneratedBy '/Game/SideScrollerBP/Maps/SideScrollerExampleMap.SideScrollerExampleMap:PersistentLevel.SideScrollerExampleMap'
[2018.07.20-21.44.26:891][611]LogBlueprintUserMessages: Late EndPlayMap Detection: Level '/Game/SideScrollerBP/Maps/SideScrollerExampleMap.SideScrollerExampleMap:PersistentLevel' has LevelScriptBlueprint '/Game/SideScrollerBP/Maps/SideScrollerExampleMap.SideScrollerExampleMap:PersistentLevel.SideScrollerExampleMap' with GeneratedClass '/Game/SideScrollerBP/Maps/SideScrollerExampleMap.SideScrollerExampleMap_C' with ClassGeneratedBy '/Game/SideScrollerBP/Maps/SideScrollerExampleMap.SideScrollerExampleMap:PersistentLevel.SideScrollerExampleMap'
[2018.07.20-21.49.22:689][847]LogSlate: Took 0.000233 seconds to synchronously load lazily loaded font '../../../Engine/Content/Slate/Fonts/Roboto-Light.ttf' (159K)
[2018.07.20-21.49.32:066][874]LogSavePackage: Save=339.06ms
[2018.07.20-21.49.32:066][874]LogSavePackage: Moving '../../../../../../UnrealProjects/NewSugarKnight/SugarKnight/SKnightPrototype_01/Saved/SideScrollerExampleMap_Auto16C1CB50B4E8AE89D440CF4A1D67D1D3E.tmp' to '../../../../../../UnrealProjects/NewSugarKnight/SugarKnight/SKnightPrototype_01/Saved/Autosaves/Game/SideScrollerBP/Maps/SideScrollerExampleMap_Auto1.umap'
[2018.07.20-21.49.32:071][874]LogSavePackage: Display: Finished SavePackage ../../../../../../UnrealProjects/NewSugarKnight/SugarKnight/SKnightPrototype_01/Saved/Autosaves/Game/SideScrollerBP/Maps/SideScrollerExampleMap_Auto1.umap
[2018.07.20-21.49.32:073][874]LogFileHelpers: Editor autosave (incl. sublevels) for '/Game/SideScrollerBP/Maps/SideScrollerExampleMap' took 0.377
[2018.07.20-21.49.32:074][874]LogFileHelpers: Editor autosave (incl. sublevels) for all levels took 0.377
[2018.07.20-21.59.32:091][892]LogFileHelpers: Editor autosave (incl. sublevels) for '/Game/SideScrollerBP/Maps/SideScrollerExampleMap' took 0.017
[2018.07.20-21.59.32:093][892]OBJ SavePackage: Generating thumbnails for [1] asset(s) in package [/Game/SideScrollerBP/Blueprints/SideScrollerCharacter] ([1] browsable assets)...
[2018.07.20-21.59.32:104][892]OBJ SavePackage:     Rendered thumbnail for [Blueprint /Game/SideScrollerBP/Blueprints/SideScrollerCharacter.SideScrollerCharacter]
[2018.07.20-21.59.32:104][892]OBJ SavePackage: Finished generating thumbnails for package [/Game/SideScrollerBP/Blueprints/SideScrollerCharacter]
[2018.07.20-21.59.32:414][892]LogSavePackage: Save=301.77ms
[2018.07.20-21.59.32:414][892]LogSavePackage: Moving '../../../../../../UnrealProjects/NewSugarKnight/SugarKnight/SKnightPrototype_01/Saved/SideScrollerCharacter_Auto23C6CFC474B6C23B7FE6193AD8994CEAE.tmp' to '../../../../../../UnrealProjects/NewSugarKnight/SugarKnight/SKnightPrototype_01/Saved/Autosaves/Game/SideScrollerBP/Blueprints/SideScrollerCharacter_Auto2.uasset'
[2018.07.20-21.59.32:418][892]LogSavePackage: Display: Finished SavePackage ../../../../../../UnrealProjects/NewSugarKnight/SugarKnight/SKnightPrototype_01/Saved/Autosaves/Game/SideScrollerBP/Blueprints/SideScrollerCharacter_Auto2.uasset
[2018.07.20-21.59.32:418][892]LogFileHelpers: Auto-saving content packages took 0.326
[2018.07.21-02.07.24:644][331]LogSavePackage: Save=338.44ms
[2018.07.21-02.07.24:645][331]LogSavePackage: Moving '../../../../../../UnrealProjects/NewSugarKnight/SugarKnight/SKnightPrototype_01/Saved/SideScrollerExampleMap0CE94B514D26346E8EAD6D89D5A35A8E.tmp' to '../../../../../../UnrealProjects/NewSugarKnight/SugarKnight/SKnightPrototype_01/Content/SideScrollerBP/Maps/SideScrollerExampleMap.umap'
[2018.07.21-02.07.24:652][331]LogSavePackage: Display: Finished SavePackage ../../../../../../UnrealProjects/NewSugarKnight/SugarKnight/SKnightPrototype_01/Content/SideScrollerBP/Maps/SideScrollerExampleMap.umap
[2018.07.21-02.07.24:671][331]LogFileHelpers: Saving map 'SideScrollerExampleMap' took 0.461
[2018.07.21-02.07.24:736][331]LogSavePackage: Save=56.66ms
[2018.07.21-02.07.24:736][331]LogSavePackage: Moving '../../../../../../UnrealProjects/NewSugarKnight/SugarKnight/SKnightPrototype_01/Saved/SideScrollerCharacter5F7397634DC5889D1C96A6A5166E5B1C.tmp' to '../../../../../../UnrealProjects/NewSugarKnight/SugarKnight/SKnightPrototype_01/Content/SideScrollerBP/Blueprints/SideScrollerCharacter.uasset'
[2018.07.21-02.07.24:743][331]LogSavePackage: Display: Finished SavePackage ../../../../../../UnrealProjects/NewSugarKnight/SugarKnight/SKnightPrototype_01/Content/SideScrollerBP/Blueprints/SideScrollerCharacter.uasset
[2018.07.21-02.07.25:705][439]LogWindowsTextInputMethodSystem: Display: IME system now deactivated.
[2018.07.21-02.07.25:897][440]Cmd: QUIT_EDITOR
[2018.07.21-02.07.26:215][440]LogExit: Preparing to exit.
[2018.07.21-02.07.26:420][440]LogDirectoryWatcher: A directory notification for 'D:/Program Files (x86)/UnrealProjects/NewSugarKnight/SugarKnight/SKnightPrototype_01/Content/' was aborted.
[2018.07.21-02.07.26:466][440]LogExit: Editor shut down
[2018.07.21-02.07.26:477][440]LogExit: Transaction tracking system shut down
[2018.07.21-02.07.26:659][440]LogDirectoryWatcher: A directory notification for '../../../Engine/Content/' was aborted.
[2018.07.21-02.07.26:659][440]LogDirectoryWatcher: A directory notification for '../../../../../../UnrealProjects/NewSugarKnight/SugarKnight/SKnightPrototype_01/Content/' was aborted.
[2018.07.21-02.07.26:659][440]LogDirectoryWatcher: A directory notification for '../../../Engine/Plugins/2D/Paper2D/Content/' was aborted.
[2018.07.21-02.07.26:659][440]LogDirectoryWatcher: A directory notification for '../../../Engine/Plugins/Media/MediaCompositing/Content/' was aborted.
[2018.07.21-02.07.26:659][440]LogDirectoryWatcher: A directory notification for '../../../Engine/Plugins/Runtime/AppleARKit/Content/' was aborted.
[2018.07.21-02.07.26:659][440]LogDirectoryWatcher: A directory notification for '../../../Engine/Plugins/Runtime/Oculus/OculusVR/Content/' was aborted.
[2018.07.21-02.07.26:659][440]LogDirectoryWatcher: A directory notification for '../../../Engine/Plugins/Runtime/Steam/SteamVR/Content/' was aborted.
[2018.07.21-02.07.26:754][440]LogExit: Object subsystem successfully closed.
[2018.07.21-02.07.26:767][440]LogD3D11RHI: Shutdown
[2018.07.21-02.07.26:767][440]LogD3D11RHI: CleanupD3DDevice
[2018.07.21-02.07.26:771][440]LogD3D11RHI: ~FD3D11DynamicRHI
[2018.07.21-02.07.26:778][440]LogModuleManager: Shutting down and abandoning module BlueprintGraph (552)
[2018.07.21-02.07.26:778][440]LogModuleManager: Shutting down and abandoning module MovieSceneCapture (550)
[2018.07.21-02.07.26:778][440]LogModuleManager: Shutting down and abandoning module HierarchicalLODOutliner (548)
[2018.07.21-02.07.26:778][440]LogModuleManager: Shutting down and abandoning module SceneOutliner (546)
[2018.07.21-02.07.26:778][440]LogModuleManager: Shutting down and abandoning module AddContentDialog (544)
[2018.07.21-02.07.26:778][440]LogDirectoryWatcher: A directory notification for 'D:/Program Files (x86)/Epic Games/4.15/UE_4.18/FeaturePacks/' was aborted.
[2018.07.21-02.07.26:780][440]LogModuleManager: Shutting down and abandoning module WidgetCarousel (543)
[2018.07.21-02.07.26:780][440]LogModuleManager: Shutting down and abandoning module EditorWidgets (540)
[2018.07.21-02.07.26:780][440]LogModuleManager: Shutting down and abandoning module CollectionManager (538)
[2018.07.21-02.07.26:780][440]LogDirectoryWatcher: A directory notification for 'D:/Program Files (x86)/UnrealProjects/NewSugarKnight/SugarKnight/SKnightPrototype_01/Content/Collections/' was aborted.
[2018.07.21-02.07.26:780][440]LogDirectoryWatcher: A directory notification for 'D:/Program Files (x86)/UnrealProjects/NewSugarKnight/SugarKnight/SKnightPrototype_01/Content/Developers/Ownewr/Collections/' was aborted.
[2018.07.21-02.07.26:780][440]LogDirectoryWatcher: A directory notification for 'D:/Program Files (x86)/UnrealProjects/NewSugarKnight/SugarKnight/SKnightPrototype_01/Saved/Collections/' was aborted.
[2018.07.21-02.07.26:780][440]LogModuleManager: Shutting down and abandoning module StatsViewer (536)
[2018.07.21-02.07.26:780][440]LogModuleManager: Shutting down and abandoning module FoliageEdit (534)
[2018.07.21-02.07.26:780][440]LogModuleManager: Shutting down and abandoning module LandscapeEditor (532)
[2018.07.21-02.07.26:781][440]LogModuleManager: Shutting down and abandoning module MeshPaintMode (530)
[2018.07.21-02.07.26:781][440]LogModuleManager: Shutting down and abandoning module SceneDepthPickerMode (528)
[2018.07.21-02.07.26:781][440]LogModuleManager: Shutting down and abandoning module ActorPickerMode (526)
[2018.07.21-02.07.26:781][440]LogModuleManager: Shutting down and abandoning module GeometryMode (524)
[2018.07.21-02.07.26:781][440]LogModuleManager: Shutting down and abandoning module TextureAlignMode (522)
[2018.07.21-02.07.26:781][440]LogModuleManager: Shutting down and abandoning module BspMode (520)
[2018.07.21-02.07.26:781][440]LogModuleManager: Shutting down and abandoning module PIEPreviewDeviceProfileSelector (518)
[2018.07.21-02.07.26:781][440]LogModuleManager: Shutting down and abandoning module HardwareSurvey (516)
[2018.07.21-02.07.26:781][440]LogModuleManager: Shutting down and abandoning module SequenceRecorderSections (514)
[2018.07.21-02.07.26:781][440]LogModuleManager: Shutting down and abandoning module AutomationWorker (512)
[2018.07.21-02.07.26:781][440]LogModuleManager: Shutting down and abandoning module MatineeToLevelSequence (510)
[2018.07.21-02.07.26:781][440]LogModuleManager: Shutting down and abandoning module LevelSequenceEditor (508)
[2018.07.21-02.07.26:781][440]LogModuleManager: Shutting down and abandoning module PlacementMode (507)
[2018.07.21-02.07.26:781][440]LogModuleManager: Shutting down and abandoning module WmfMediaFactory (504)
[2018.07.21-02.07.26:781][440]LogModuleManager: Shutting down and abandoning module WmfMediaEditor (502)
[2018.07.21-02.07.26:781][440]LogModuleManager: Shutting down and abandoning module OpenExrWrapper (500)
[2018.07.21-02.07.26:781][440]LogModuleManager: Shutting down and abandoning module ImgMediaFactory (498)
[2018.07.21-02.07.26:781][440]LogModuleManager: Shutting down and abandoning module ImgMediaEditor (496)
[2018.07.21-02.07.26:781][440]LogModuleManager: Shutting down and abandoning module AvfMediaFactory (494)
[2018.07.21-02.07.26:781][440]LogModuleManager: Shutting down and abandoning module AvfMediaEditor (492)
[2018.07.21-02.07.26:781][440]LogModuleManager: Shutting down and abandoning module AndroidMediaFactory (490)
[2018.07.21-02.07.26:781][440]LogModuleManager: Shutting down and abandoning module AndroidMediaEditor (488)
[2018.07.21-02.07.26:781][440]LogModuleManager: Shutting down and abandoning module CharacterAI (486)
[2018.07.21-02.07.26:781][440]LogModuleManager: Shutting down and abandoning module AudioCapture (484)
[2018.07.21-02.07.26:781][440]LogModuleManager: Shutting down and abandoning module SequenceRecorder (483)
[2018.07.21-02.07.26:781][440]LogModuleManager: Shutting down and abandoning module SmartSnapping (480)
[2018.07.21-02.07.26:781][440]LogModuleManager: Shutting down and abandoning module SessionServices (478)
[2018.07.21-02.07.26:781][440]LogModuleManager: Shutting down and abandoning module ViewportSnapping (476)
[2018.07.21-02.07.26:781][440]LogModuleManager: Shutting down and abandoning module ViewportInteraction (474)
[2018.07.21-02.07.26:781][440]LogModuleManager: Shutting down and abandoning module ClothPainter (472)
[2018.07.21-02.07.26:781][440]LogModuleManager: Shutting down and abandoning module SkeletalMeshEditor (471)
[2018.07.21-02.07.26:781][440]LogModuleManager: Shutting down and abandoning module LogVisualizer (468)
[2018.07.21-02.07.26:781][440]LogModuleManager: Shutting down and abandoning module IntroTutorials (466)
[2018.07.21-02.07.26:781][440]LogModuleManager: Shutting down and abandoning module GameProjectGeneration (465)
[2018.07.21-02.07.26:781][440]LogModuleManager: Shutting down and abandoning module IOSPlatformEditor (462)
[2018.07.21-02.07.26:781][440]LogModuleManager: Shutting down and abandoning module HTML5PlatformEditor (460)
[2018.07.21-02.07.26:781][440]LogModuleManager: Shutting down and abandoning module AndroidPlatformEditor (458)
[2018.07.21-02.07.26:781][440]LogModuleManager: Shutting down and abandoning module AndroidDeviceDetection (457)
[2018.07.21-02.07.27:391][440]LogModuleManager: Shutting down and abandoning module WindowsPlatformEditor (454)
[2018.07.21-02.07.27:391][440]LogModuleManager: Shutting down and abandoning module IOSRuntimeSettings (452)
[2018.07.21-02.07.27:391][440]LogModuleManager: Shutting down and abandoning module AndroidRuntimeSettings (450)
[2018.07.21-02.07.27:391][440]LogModuleManager: Shutting down and abandoning module InputBindingEditor (448)
[2018.07.21-02.07.27:391][440]LogModuleManager: Shutting down and abandoning module MergeActors (446)
[2018.07.21-02.07.27:391][440]LogModuleManager: Shutting down and abandoning module SizeMap (444)
[2018.07.21-02.07.27:391][440]LogModuleManager: Shutting down and abandoning module TreeMap (442)
[2018.07.21-02.07.27:391][440]LogModuleManager: Shutting down and abandoning module ReferenceViewer (440)
[2018.07.21-02.07.27:391][440]LogModuleManager: Shutting down and abandoning module LocalizationDashboard (438)
[2018.07.21-02.07.27:391][440]LogModuleManager: Shutting down and abandoning module LocalizationService (437)
[2018.07.21-02.07.27:391][440]LogModuleManager: Shutting down and abandoning module HardwareTargeting (434)
[2018.07.21-02.07.27:391][440]LogModuleManager: Shutting down and abandoning module DeviceProfileEditor (432)
[2018.07.21-02.07.27:391][440]LogModuleManager: Shutting down and abandoning module UndoHistory (430)
[2018.07.21-02.07.27:391][440]LogModuleManager: Shutting down and abandoning module XmlParser (428)
[2018.07.21-02.07.27:391][440]LogModuleManager: Shutting down and abandoning module Blutility (426)
[2018.07.21-02.07.27:391][440]LogModuleManager: Shutting down and abandoning module ProjectSettingsViewer (424)
[2018.07.21-02.07.27:391][440]LogModuleManager: Shutting down and abandoning module ProjectTargetPlatformEditor (423)
[2018.07.21-02.07.27:392][440]LogModuleManager: Shutting down and abandoning module EditorSettingsViewer (420)
[2018.07.21-02.07.27:392][440]LogModuleManager: Shutting down and abandoning module SettingsEditor (418)
[2018.07.21-02.07.27:392][440]LogModuleManager: Shutting down and abandoning module ProjectLauncher (416)
[2018.07.21-02.07.27:392][440]LogModuleManager: Shutting down and abandoning module SessionFrontend (414)
[2018.07.21-02.07.27:392][440]LogModuleManager: Shutting down and abandoning module ProfilerClient (412)
[2018.07.21-02.07.27:392][440]LogModuleManager: Shutting down and abandoning module DeviceManager (410)
[2018.07.21-02.07.27:392][440]LogModuleManager: Shutting down and abandoning module TargetDeviceServices (409)
[2018.07.21-02.07.27:447][440]LogModuleManager: Shutting down and abandoning module AutomationController (406)
[2018.07.21-02.07.27:447][440]LogModuleManager: Shutting down and abandoning module AutomationWindow (404)
[2018.07.21-02.07.27:447][440]LogModuleManager: Shutting down and abandoning module Layers (402)
[2018.07.21-02.07.27:447][440]LogModuleManager: Shutting down and abandoning module ComponentVisualizers (400)
[2018.07.21-02.07.27:447][440]LogModuleManager: Shutting down and abandoning module DetailCustomizations (398)
[2018.07.21-02.07.27:447][440]LogModuleManager: Shutting down and abandoning module PackagesDialog (396)
[2018.07.21-02.07.27:447][440]LogModuleManager: Shutting down and abandoning module Persona (394)
[2018.07.21-02.07.27:447][440]LogModuleManager: Shutting down and abandoning module AdvancedPreviewScene (393)
[2018.07.21-02.07.27:447][440]LogModuleManager: Shutting down and abandoning module AnimGraph (391)
[2018.07.21-02.07.27:447][440]LogModuleManager: Shutting down and abandoning module Kismet (388)
[2018.07.21-02.07.27:452][440]LogModuleManager: Shutting down and abandoning module ClassViewer (386)
[2018.07.21-02.07.27:452][440]LogModuleManager: Shutting down and abandoning module Toolbox (384)
[2018.07.21-02.07.27:452][440]LogModuleManager: Shutting down and abandoning module ModuleUI (382)
[2018.07.21-02.07.27:452][440]LogModuleManager: Shutting down and abandoning module MovieSceneTools (380)
[2018.07.21-02.07.27:452][440]LogModuleManager: Shutting down and abandoning module OutputLog (378)
[2018.07.21-02.07.27:452][440]LogModuleManager: Shutting down and abandoning module GammaUI (376)
[2018.07.21-02.07.27:453][440]LogModuleManager: Shutting down and abandoning module Documentation (374)
[2018.07.21-02.07.27:453][440]LogModuleManager: Shutting down and abandoning module MovieSceneTracks (372)
[2018.07.21-02.07.27:453][440]LogModuleManager: Shutting down and abandoning module MovieScene (370)
[2018.07.21-02.07.27:453][440]LogModuleManager: Shutting down and abandoning module StreamingPauseRendering (368)
[2018.07.21-02.07.27:453][440]LogModuleManager: Shutting down and abandoning module LauncherPlatform (366)
[2018.07.21-02.07.27:453][440]LogModuleManager: Shutting down and abandoning module AnalyticsET (364)
[2018.07.21-02.07.27:453][440]LogModuleManager: Shutting down and abandoning module PortalServices (362)
[2018.07.21-02.07.27:453][440]LogModuleManager: Shutting down and abandoning module PortalRpc (360)
[2018.07.21-02.07.27:453][440]LogModuleManager: Shutting down and abandoning module MessagingRpc (358)
[2018.07.21-02.07.27:453][440]LogModuleManager: Shutting down and abandoning module AIModule (356)
[2018.07.21-02.07.27:453][440]LogModuleManager: Shutting down and abandoning module GameplayDebugger (355)
[2018.07.21-02.07.27:453][440]LogModuleManager: Shutting down and abandoning module AITestSuite (353)
[2018.07.21-02.07.27:453][440]LogModuleManager: Shutting down and abandoning module DesktopPlatform (350)
[2018.07.21-02.07.27:453][440]LogModuleManager: Shutting down and abandoning module ProfilerService (348)
[2018.07.21-02.07.27:485][440]LogModuleManager: Shutting down and abandoning module TaskGraph (346)
[2018.07.21-02.07.27:485][440]LogModuleManager: Shutting down and abandoning module SteamVRController (344)
[2018.07.21-02.07.27:485][440]LogModuleManager: Shutting down and abandoning module ProceduralMeshComponentEditor (342)
[2018.07.21-02.07.27:485][440]LogModuleManager: Shutting down and abandoning module ProceduralMeshComponent (340)
[2018.07.21-02.07.27:485][440]LogModuleManager: Shutting down and abandoning module OculusInput (338)
[2018.07.21-02.07.27:485][440]LogModuleManager: Shutting down and abandoning module MobilePatchingUtils (336)
[2018.07.21-02.07.27:485][440]LogModuleManager: Shutting down and abandoning module CustomMeshComponent (334)
[2018.07.21-02.07.27:485][440]LogModuleManager: Shutting down and abandoning module CableComponent (332)
[2018.07.21-02.07.27:485][440]LogModuleManager: Shutting down and abandoning module ArchVisCharacter (330)
[2018.07.21-02.07.27:485][440]LogModuleManager: Shutting down and abandoning module AndroidPermission (328)
[2018.07.21-02.07.27:485][440]LogModuleManager: Shutting down and abandoning module ActorSequence (324)
[2018.07.21-02.07.27:485][440]LogModuleManager: Shutting down and abandoning module MediaPlayerEditor (322)
[2018.07.21-02.07.27:485][440]LogModuleManager: Shutting down and abandoning module MediaCompositingEditor (320)
[2018.07.21-02.07.27:485][440]LogModuleManager: Shutting down and abandoning module MediaCompositing (318)
[2018.07.21-02.07.27:485][440]LogModuleManager: Shutting down and abandoning module HTML5Networking (316)
[2018.07.21-02.07.27:485][440]LogModuleManager: Shutting down and abandoning module AlembicImporter (314)
[2018.07.21-02.07.27:485][440]LogModuleManager: Shutting down and abandoning module AlembicLibrary (313)
[2018.07.21-02.07.27:485][440]LogModuleManager: Shutting down and abandoning module GeometryCache (312)
[2018.07.21-02.07.27:485][440]LogModuleManager: Shutting down and abandoning module GeometryCacheEd (311)
[2018.07.21-02.07.27:485][440]LogModuleManager: Shutting down and abandoning module SpeedTreeImporter (306)
[2018.07.21-02.07.27:485][440]LogModuleManager: Shutting down and abandoning module PluginBrowser (304)
[2018.07.21-02.07.27:486][440]LogModuleManager: Shutting down and abandoning module MobileLauncherProfileWizard (302)
[2018.07.21-02.07.27:486][440]LogModuleManager: Shutting down and abandoning module VisualStudioSourceCodeAccess (300)
[2018.07.21-02.07.27:486][440]LogModuleManager: Shutting down and abandoning module VisualStudioCodeSourceCodeAccess (298)
[2018.07.21-02.07.27:486][440]LogModuleManager: Shutting down and abandoning module UObjectPlugin (296)
[2018.07.21-02.07.27:486][440]LogModuleManager: Shutting down and abandoning module SubversionSourceControl (294)
[2018.07.21-02.07.27:486][440]LogModuleManager: Shutting down and abandoning module PerforceSourceControl (292)
[2018.07.21-02.07.27:486][440]LogModuleManager: Shutting down and abandoning module GitSourceControl (290)
[2018.07.21-02.07.27:486][440]LogModuleManager: Shutting down and abandoning module SourceControl (289)
[2018.07.21-02.07.27:486][440]LogModuleManager: Shutting down and abandoning module LightPropagationVolumeEditor (286)
[2018.07.21-02.07.27:486][440]LogModuleManager: Shutting down and abandoning module PaperTiledImporter (284)
[2018.07.21-02.07.27:486][440]LogModuleManager: Shutting down and abandoning module PaperSpriteSheetImporter (282)
[2018.07.21-02.07.27:486][440]LogModuleManager: Shutting down and abandoning module Paper2DEditor (280)
[2018.07.21-02.07.27:486][440]LogModuleManager: Shutting down and abandoning module MeshPaint (279)
[2018.07.21-02.07.27:486][440]LogModuleManager: Shutting down and abandoning module LevelEditor (277)
[2018.07.21-02.07.27:487][440]LogModuleManager: Shutting down and abandoning module PixelInspectorModule (276)
[2018.07.21-02.07.27:487][440]LogModuleManager: Shutting down and abandoning module MainFrame (274)
[2018.07.21-02.07.27:487][440]LogModuleManager: Shutting down and abandoning module HotReload (273)
[2018.07.21-02.07.27:487][440]LogModuleManager: Shutting down and abandoning module RuntimePhysXCooking (268)
[2018.07.21-02.07.27:487][440]LogModuleManager: Shutting down and abandoning module PhysXVehiclesEditor (266)
[2018.07.21-02.07.27:487][440]LogModuleManager: Shutting down and abandoning module PhysXVehicles (264)
[2018.07.21-02.07.27:487][440]LogModuleManager: Shutting down and abandoning module OculusEditor (262)
[2018.07.21-02.07.27:487][440]LogModuleManager: Shutting down and abandoning module LocationServicesBPLibrary (260)
[2018.07.21-02.07.27:487][440]LogModuleManager: Shutting down and abandoning module ImmediatePhysicsEditor (258)
[2018.07.21-02.07.27:487][440]LogModuleManager: Shutting down and abandoning module ImmediatePhysics (256)
[2018.07.21-02.07.27:487][440]LogModuleManager: Shutting down and abandoning module UdpMessaging (254)
[2018.07.21-02.07.27:589][440]LogModuleManager: Shutting down and abandoning module TcpMessaging (252)
[2018.07.21-02.07.27:690][440]LogModuleManager: Shutting down and abandoning module GameplayTagsEditor (250)
[2018.07.21-02.07.27:690][440]LogModuleManager: Shutting down and abandoning module FacialAnimationEditor (248)
[2018.07.21-02.07.27:690][440]LogModuleManager: Shutting down and abandoning module FacialAnimation (246)
[2018.07.21-02.07.27:690][440]LogModuleManager: Shutting down and abandoning module AssetManagerEditor (244)
[2018.07.21-02.07.27:690][440]LogModuleManager: Shutting down and abandoning module GraphEditor (243)
[2018.07.21-02.07.27:690][440]LogModuleManager: Shutting down and abandoning module ContentBrowser (241)
[2018.07.21-02.07.27:691][440]LogModuleManager: Shutting down and abandoning module LightPropagationVolumeRuntime (238)
[2018.07.21-02.07.27:691][440]LogModuleManager: Shutting down and abandoning module Paper2D (236)
[2018.07.21-02.07.27:691][440]LogModuleManager: Shutting down and abandoning module WindowsMoviePlayer (234)
[2018.07.21-02.07.27:691][440]LogModuleManager: Shutting down and abandoning module WmfMedia (232)
[2018.07.21-02.07.27:692][440]LogModuleManager: Shutting down and abandoning module ImgMedia (230)
[2018.07.21-02.07.27:692][440]LogModuleManager: Shutting down and abandoning module PacketHandler (228)
[2018.07.21-02.07.27:692][440]LogModuleManager: Shutting down and abandoning module ClothingSystemEditor (226)
[2018.07.21-02.07.27:692][440]LogModuleManager: Shutting down and abandoning module ClothingSystemRuntime (224)
[2018.07.21-02.07.27:692][440]LogModuleManager: Shutting down and abandoning module MediaAssets (222)
[2018.07.21-02.07.27:692][440]LogModuleManager: Shutting down and abandoning module Media (221)
[2018.07.21-02.07.27:698][440]LogModuleManager: Shutting down and abandoning module Overlay (218)
[2018.07.21-02.07.27:698][440]LogModuleManager: Shutting down and abandoning module OverlayEditor (217)
[2018.07.21-02.07.27:698][440]LogModuleManager: Shutting down and abandoning module VREditor (214)
[2018.07.21-02.07.27:698][440]LogModuleManager: Shutting down and abandoning module StringTableEditor (212)
[2018.07.21-02.07.27:698][440]LogModuleManager: Shutting down and abandoning module GameplayTasksEditor (210)
[2018.07.21-02.07.27:698][440]LogModuleManager: Shutting down and abandoning module BehaviorTreeEditor (208)
[2018.07.21-02.07.27:698][440]LogModuleManager: Shutting down and abandoning module FunctionalTesting (206)
[2018.07.21-02.07.27:698][440]LogModuleManager: Shutting down and abandoning module CollisionAnalyzer (204)
[2018.07.21-02.07.27:698][440]LogModuleManager: Shutting down and abandoning module WorkspaceMenuStructure (203)
[2018.07.21-02.07.27:698][440]LogModuleManager: Shutting down and abandoning module UMG (200)
[2018.07.21-02.07.27:698][440]LogModuleManager: Shutting down and abandoning module UMGEditor (199)
[2018.07.21-02.07.27:698][440]LogModuleManager: Shutting down and abandoning module Sequencer (198)
[2018.07.21-02.07.27:698][440]LogModuleManager: Shutting down and abandoning module MessageLog (195)
[2018.07.21-02.07.27:698][440]LogModuleManager: Shutting down and abandoning module SlateReflector (190)
[2018.07.21-02.07.27:698][440]LogModuleManager: Shutting down and abandoning module Slate (188)
[2018.07.21-02.07.27:698][440]LogModuleManager: Shutting down and abandoning module EditorStyle (186)
[2018.07.21-02.07.27:700][440]LogModuleManager: Shutting down and abandoning module MRMesh (184)
[2018.07.21-02.07.27:700][440]LogModuleManager: Shutting down and abandoning module SourceCodeAccess (182)
[2018.07.21-02.07.27:700][440]LogModuleManager: Shutting down and abandoning module HeadMountedDisplay (180)
[2018.07.21-02.07.27:700][440]LogModuleManager: Shutting down and abandoning module XAudio2 (178)
[2018.07.21-02.07.27:700][440]LogModuleManager: Shutting down and abandoning module Networking (176)
[2018.07.21-02.07.27:700][440]LogModuleManager: Shutting down and abandoning module Core (172)
[2018.07.21-02.07.27:700][440]LogModuleManager: Shutting down and abandoning module LevelSequence (168)
[2018.07.21-02.07.27:700][440]LogModuleManager: Shutting down and abandoning module DirectoryWatcher (166)
[2018.07.21-02.07.27:703][440]LogModuleManager: Shutting down and abandoning module KismetCompiler (164)
[2018.07.21-02.07.27:703][440]LogModuleManager: Shutting down and abandoning module MeshUtilities (162)
[2018.07.21-02.07.27:703][440]LogModuleManager: Shutting down and abandoning module MeshMergeUtilities (161)
[2018.07.21-02.07.27:703][440]LogModuleManager: Shutting down and abandoning module MeshReductionInterface (160)
[2018.07.21-02.07.27:703][440]LogModuleManager: Shutting down and abandoning module SimplygonSwarm (159)
[2018.07.21-02.07.27:703][440]LogModuleManager: Shutting down and abandoning module SimplygonMeshReduction (157)
[2018.07.21-02.07.27:703][440]LogModuleManager: Shutting down and abandoning module QuadricMeshReduction (155)
[2018.07.21-02.07.27:703][440]LogModuleManager: Shutting down and abandoning module MaterialBaking (151)
[2018.07.21-02.07.27:703][440]LogModuleManager: Shutting down and abandoning module DerivedDataCache (148)
[2018.07.21-02.07.27:771][440]LogDerivedDataCache: Shutdown
[2018.07.21-02.07.27:771][440]LogModuleManager: Shutting down and abandoning module TargetPlatform (146)
[2018.07.21-02.07.27:771][440]LogModuleManager: Shutting down and abandoning module VulkanShaderFormat (145)
[2018.07.21-02.07.27:771][440]LogModuleManager: Shutting down and abandoning module ShaderFormatVectorVM (143)
[2018.07.21-02.07.27:771][440]LogModuleManager: Shutting down and abandoning module ShaderFormatOpenGL (141)
[2018.07.21-02.07.27:771][440]LogModuleManager: Shutting down and abandoning module ShaderFormatD3D (139)
[2018.07.21-02.07.27:771][440]LogModuleManager: Shutting down and abandoning module MetalShaderFormat (137)
[2018.07.21-02.07.27:771][440]LogModuleManager: Shutting down and abandoning module TextureFormatUncompressed (135)
[2018.07.21-02.07.27:771][440]LogModuleManager: Shutting down and abandoning module TextureFormatPVR (133)
[2018.07.21-02.07.27:771][440]LogModuleManager: Shutting down and abandoning module TextureFormatDXT (131)
[2018.07.21-02.07.27:771][440]LogModuleManager: Shutting down and abandoning module TextureFormatIntelISPCTexComp (129)
[2018.07.21-02.07.27:771][440]LogModuleManager: Shutting down and abandoning module TextureFormatASTC (127)
[2018.07.21-02.07.27:771][440]LogModuleManager: Shutting down and abandoning module ImageWrapper (126)
[2018.07.21-02.07.27:771][440]LogModuleManager: Shutting down and abandoning module TextureFormatAndroid (123)
[2018.07.21-02.07.27:771][440]LogModuleManager: Shutting down and abandoning module AudioFormatOpus (121)
[2018.07.21-02.07.27:771][440]LogModuleManager: Shutting down and abandoning module AudioFormatOgg (119)
[2018.07.21-02.07.27:771][440]LogModuleManager: Shutting down and abandoning module AudioFormatADPCM (117)
[2018.07.21-02.07.27:771][440]LogModuleManager: Shutting down and abandoning module LinuxTargetPlatform (115)
[2018.07.21-02.07.27:771][440]LogModuleManager: Shutting down and abandoning module LinuxServerTargetPlatform (113)
[2018.07.21-02.07.27:771][440]LogModuleManager: Shutting down and abandoning module LinuxNoEditorTargetPlatform (111)
[2018.07.21-02.07.27:771][440]LogModuleManager: Shutting down and abandoning module LinuxClientTargetPlatform (109)
[2018.07.21-02.07.27:771][440]LogModuleManager: Shutting down and abandoning module TVOSTargetPlatform (107)
[2018.07.21-02.07.27:771][440]LogModuleManager: Shutting down and abandoning module Messaging (105)
[2018.07.21-02.07.27:771][440]LogModuleManager: Shutting down and abandoning module IOSTargetPlatform (103)
[2018.07.21-02.07.27:771][440]LogModuleManager: Shutting down and abandoning module HTML5TargetPlatform (101)
[2018.07.21-02.07.27:771][440]LogModuleManager: Shutting down and abandoning module AndroidTargetPlatform (99)
[2018.07.21-02.07.27:771][440]LogModuleManager: Shutting down and abandoning module Android_PVRTCTargetPlatform (97)
[2018.07.21-02.07.27:771][440]LogModuleManager: Shutting down and abandoning module Android_MultiTargetPlatform (95)
[2018.07.21-02.07.27:772][440]LogModuleManager: Shutting down and abandoning module Android_ETC2TargetPlatform (93)
[2018.07.21-02.07.27:772][440]LogModuleManager: Shutting down and abandoning module Android_ETC1TargetPlatform (91)
[2018.07.21-02.07.27:772][440]LogModuleManager: Shutting down and abandoning module Android_DXTTargetPlatform (89)
[2018.07.21-02.07.27:772][440]LogModuleManager: Shutting down and abandoning module Android_ATCTargetPlatform (87)
[2018.07.21-02.07.27:772][440]LogModuleManager: Shutting down and abandoning module Android_ASTCTargetPlatform (85)
[2018.07.21-02.07.27:772][440]LogModuleManager: Shutting down and abandoning module WindowsTargetPlatform (83)
[2018.07.21-02.07.27:772][440]LogModuleManager: Shutting down and abandoning module WindowsServerTargetPlatform (81)
[2018.07.21-02.07.27:772][440]LogModuleManager: Shutting down and abandoning module WindowsNoEditorTargetPlatform (79)
[2018.07.21-02.07.27:772][440]LogModuleManager: Shutting down and abandoning module WindowsClientTargetPlatform (77)
[2018.07.21-02.07.27:772][440]LogModuleManager: Shutting down and abandoning module MacTargetPlatform (75)
[2018.07.21-02.07.27:772][440]LogModuleManager: Shutting down and abandoning module MacServerTargetPlatform (73)
[2018.07.21-02.07.27:772][440]LogModuleManager: Shutting down and abandoning module MacNoEditorTargetPlatform (71)
[2018.07.21-02.07.27:772][440]LogModuleManager: Shutting down and abandoning module MacClientTargetPlatform (69)
[2018.07.21-02.07.27:772][440]LogModuleManager: Shutting down and abandoning module AllDesktopTargetPlatform (67)
[2018.07.21-02.07.27:772][440]LogModuleManager: Shutting down and abandoning module InputCore (64)
[2018.07.21-02.07.27:772][440]LogModuleManager: Shutting down and abandoning module Settings (62)
[2018.07.21-02.07.27:772][440]LogModuleManager: Shutting down and abandoning module PhysXCooking (60)
[2018.07.21-02.07.27:772][440]LogModuleManager: Shutting down and abandoning module SteamVR (58)
[2018.07.21-02.07.27:772][440]LogModuleManager: Shutting down and abandoning module OculusHMD (56)
[2018.07.21-02.07.27:772][440]LogModuleManager: Shutting down and abandoning module ExampleDeviceProfileSelector (54)
[2018.07.21-02.07.27:772][440]LogModuleManager: Shutting down and abandoning module AppleARKit (52)
[2018.07.21-02.07.27:772][440]LogModuleManager: Shutting down and abandoning module AugmentedReality (51)
[2018.07.21-02.07.27:772][440]LogModuleManager: Shutting down and abandoning module OnlineBlueprintSupport (48)
[2018.07.21-02.07.27:772][440]LogModuleManager: Shutting down and abandoning module OnlineSubsystem (44)
[2018.07.21-02.07.27:772][440]LogModuleManager: Shutting down and abandoning module XMPP (43)
[2018.07.21-02.07.27:772][440]LogModuleManager: Shutting down and abandoning module HTTP (41)
[2018.07.21-02.07.27:772][440]LogHttp: Display: Http module shutting down, but needs to wait on 1 outstanding Http requests:
[2018.07.21-02.07.27:772][440]LogHttp: Display: 	verb=[POST] url=[https://datarouter.ol.epicgames.com/datarouter/api/v1/public/data?SessionID=%7BDA8B31A2-4C3B-EC03-0F7E-7AB9892B731C%7D&AppID=UEEditor.Rocket.Release&AppVersion=4.18.2-3794801%2B%2B%2BUE4%2BRelease-4.18&UserID=7ecfb0fb4b05d227c1ea07ad8327072f%7C3f5323921f214845ab758bd89726b713%7C5706eedc-39df-4408-bf06-1d219d8aa549&AppEnvironment=datacollector-binary&UploadType=eteventstream] status=Processing
[2018.07.21-02.07.27:785][440]LogModuleManager: Shutting down and abandoning module SSL (40)
[2018.07.21-02.07.27:786][440]LogModuleManager: Shutting down and abandoning module AnimationModifiers (36)
[2018.07.21-02.07.27:786][440]LogModuleManager: Shutting down and abandoning module PropertyEditor (35)
[2018.07.21-02.07.27:786][440]LogModuleManager: Shutting down and abandoning module AudioEditor (32)
[2018.07.21-02.07.27:786][440]LogModuleManager: Shutting down and abandoning module TextureCompressor (30)
[2018.07.21-02.07.27:786][440]LogModuleManager: Shutting down and abandoning module ShaderCore (28)
[2018.07.21-02.07.27:786][440]LogModuleManager: Shutting down and abandoning module Landscape (26)
[2018.07.21-02.07.27:786][440]LogModuleManager: Shutting down and abandoning module SlateRHIRenderer (24)
[2018.07.21-02.07.27:788][440]LogModuleManager: Shutting down and abandoning module OpenGLDrv (22)
[2018.07.21-02.07.27:788][440]LogModuleManager: Shutting down and abandoning module D3D11RHI (20)
[2018.07.21-02.07.27:788][440]LogModuleManager: Shutting down and abandoning module AnimGraphRuntime (18)
[2018.07.21-02.07.27:788][440]LogModuleManager: Shutting down and abandoning module Renderer (16)
[2018.07.21-02.07.27:788][440]LogModuleManager: Shutting down and abandoning module Engine (14)
[2018.07.21-02.07.27:788][440]LogModuleManager: Shutting down and abandoning module CoreUObject (12)
[2018.07.21-02.07.27:788][440]LogModuleManager: Shutting down and abandoning module NetworkFile (10)
[2018.07.21-02.07.27:788][440]LogModuleManager: Shutting down and abandoning module CookedIterativeFile (8)
[2018.07.21-02.07.27:788][440]LogModuleManager: Shutting down and abandoning module StreamingFile (6)
[2018.07.21-02.07.27:788][440]LogModuleManager: Shutting down and abandoning module SandboxFile (4)
[2018.07.21-02.07.27:788][440]LogModuleManager: Shutting down and abandoning module PakFile (2)
[2018.07.21-02.07.27:790][440]LogExit: Exiting.
[2018.07.21-02.07.27:800][440]Log file closed, 07/20/18 22:07:27
